[WARN ] 2024-05-23 08:37:58.960 - c.z.hikari.pool.HikariPool- run - HikariPool-1 - Thread starvation or clock leap detected (housekeeper delta=10h32m54s633ms697µs300ns).
[INFO ] 2024-05-23 08:38:35.511 - c.n.d.s.r.a.ConfigClusterResolver- getClusterEndpoints - Resolving eureka endpoints via configuration
[INFO ] 2024-05-23 08:43:35.534 - c.n.d.s.r.a.ConfigClusterResolver- getClusterEndpoints - Resolving eureka endpoints via configuration
[INFO ] 2024-05-23 08:48:35.545 - c.n.d.s.r.a.ConfigClusterResolver- getClusterEndpoints - Resolving eureka endpoints via configuration
[INFO ] 2024-05-23 08:53:35.560 - c.n.d.s.r.a.ConfigClusterResolver- getClusterEndpoints - Resolving eureka endpoints via configuration
[INFO ] 2024-05-23 08:58:35.577 - c.n.d.s.r.a.ConfigClusterResolver- getClusterEndpoints - Resolving eureka endpoints via configuration
[INFO ] 2024-05-23 09:03:35.606 - c.n.d.s.r.a.ConfigClusterResolver- getClusterEndpoints - Resolving eureka endpoints via configuration
[INFO ] 2024-05-23 09:08:35.618 - c.n.d.s.r.a.ConfigClusterResolver- getClusterEndpoints - Resolving eureka endpoints via configuration
[INFO ] 2024-05-23 09:13:35.629 - c.n.d.s.r.a.ConfigClusterResolver- getClusterEndpoints - Resolving eureka endpoints via configuration
[INFO ] 2024-05-23 09:18:02.691 - o.a.c.c.C.[.[localhost].[/]- log - Initializing Spring DispatcherServlet 'dispatcherServlet'
[INFO ] 2024-05-23 09:18:02.693 - o.s.w.s.DispatcherServlet- initServletBean - Initializing Servlet 'dispatcherServlet'
[INFO ] 2024-05-23 09:18:02.732 - o.s.w.s.DispatcherServlet- initServletBean - Completed initialization in 38 ms
[INFO ] 2024-05-23 09:18:35.644 - c.n.d.s.r.a.ConfigClusterResolver- getClusterEndpoints - Resolving eureka endpoints via configuration
[INFO ] 2024-05-23 09:23:35.646 - c.n.d.s.r.a.ConfigClusterResolver- getClusterEndpoints - Resolving eureka endpoints via configuration
[INFO ] 2024-05-23 09:28:35.658 - c.n.d.s.r.a.ConfigClusterResolver- getClusterEndpoints - Resolving eureka endpoints via configuration
[INFO ] 2024-05-23 09:31:03.443 - o.s.c.n.e.s.EurekaServiceRegistry- deregister - Unregistering application ADMINISTRATION with eureka with status DOWN
[INFO ] 2024-05-23 09:31:03.444 - c.n.discovery.DiscoveryClient- notify - Saw local status change event StatusChangeEvent [timestamp=1716453063444, current=DOWN, previous=UP]
[INFO ] 2024-05-23 09:31:03.445 - c.n.discovery.DiscoveryClient- register - DiscoveryClient_ADMINISTRATION/DESKTOP-2MD099A:Administration:2345: registering service...
[INFO ] 2024-05-23 09:31:03.460 - c.n.discovery.DiscoveryClient- register - DiscoveryClient_ADMINISTRATION/DESKTOP-2MD099A:Administration:2345 - registration status: 204
[INFO ] 2024-05-23 09:31:03.520 - o.s.o.j.LocalContainerEntityManagerFactoryBean- destroy - Closing JPA EntityManagerFactory for persistence unit 'default'
[INFO ] 2024-05-23 09:31:03.552 - c.z.hikari.HikariDataSource- close - HikariPool-1 - Shutdown initiated...
[INFO ] 2024-05-23 09:31:03.580 - c.z.hikari.HikariDataSource- close - HikariPool-1 - Shutdown completed.
[INFO ] 2024-05-23 09:31:03.587 - c.n.discovery.DiscoveryClient- shutdown - Shutting down DiscoveryClient ...
[INFO ] 2024-05-23 09:31:06.636 - c.n.discovery.DiscoveryClient- unregister - Unregistering ...
[INFO ] 2024-05-23 09:31:06.644 - c.n.discovery.DiscoveryClient- unregister - DiscoveryClient_ADMINISTRATION/DESKTOP-2MD099A:Administration:2345 - deregister  status: 200
[INFO ] 2024-05-23 09:31:06.655 - c.n.discovery.DiscoveryClient- shutdown - Completed shut down of DiscoveryClient
[INFO ] 2024-05-23 09:31:23.487 - o.h.v.internal.util.Version- <clinit> - HV000001: Hibernate Validator 6.2.0.Final
[INFO ] 2024-05-23 09:31:23.508 - m.a.d.a.ESignDocQrcodeUsersApplication- logStarting - Starting ESignDocQrcodeUsersApplication using Java 19.0.2 on DESKTOP-2MD099A with PID 21324 (C:\Users\user\Downloads\Project-esignValidation\adt-dv-administration\target\classes started by user in C:\Users\user\Downloads\Project-esignValidation\adt-dv-administration)
[INFO ] 2024-05-23 09:31:23.508 - m.a.d.a.ESignDocQrcodeUsersApplication- logStartupProfileInfo - No active profile set, falling back to default profiles: default
[INFO ] 2024-05-23 09:31:23.580 - o.s.b.c.c.ConfigDataLoader- logTo - Fetching config from server at : http://localhost:8788
[INFO ] 2024-05-23 09:31:23.581 - o.s.b.c.c.ConfigDataLoader- logTo - Located environment: name=Administration, profiles=[default], label=null, version=null, state=null
[INFO ] 2024-05-23 09:31:25.415 - o.s.d.r.c.RepositoryConfigurationDelegate- registerRepositoriesIn - Bootstrapping Spring Data JPA repositories in DEFAULT mode.
[INFO ] 2024-05-23 09:31:25.880 - o.s.d.r.c.RepositoryConfigurationDelegate- registerRepositoriesIn - Finished Spring Data repository scanning in 440 ms. Found 3 JPA repository interfaces.
[INFO ] 2024-05-23 09:31:26.467 - o.s.c.c.scope.GenericScope- setSerializationId - BeanFactory id=769b0fe6-a2bb-3c25-b916-5f3bcb76aa90
[INFO ] 2024-05-23 09:31:26.879 - o.s.c.s.PostProcessorRegistrationDelegate$BeanPostProcessorChecker- postProcessAfterInitialization - Bean 'org.springframework.security.access.expression.method.DefaultMethodSecurityExpressionHandler@79e10fb4' of type [org.springframework.security.access.expression.method.DefaultMethodSecurityExpressionHandler] is not eligible for getting processed by all BeanPostProcessors (for example: not eligible for auto-proxying)
[INFO ] 2024-05-23 09:31:26.894 - o.s.c.s.PostProcessorRegistrationDelegate$BeanPostProcessorChecker- postProcessAfterInitialization - Bean 'methodSecurityMetadataSource' of type [org.springframework.security.access.method.DelegatingMethodSecurityMetadataSource] is not eligible for getting processed by all BeanPostProcessors (for example: not eligible for auto-proxying)
[INFO ] 2024-05-23 09:31:27.482 - o.s.b.w.e.t.TomcatWebServer- initialize - Tomcat initialized with port(s): 2345 (http)
[INFO ] 2024-05-23 09:31:27.514 - o.a.c.http11.Http11NioProtocol- log - Initializing ProtocolHandler ["http-nio-2345"]
[INFO ] 2024-05-23 09:31:27.516 - o.a.c.core.StandardService- log - Starting service [Tomcat]
[INFO ] 2024-05-23 09:31:27.517 - o.a.c.core.StandardEngine- log - Starting Servlet engine: [Apache Tomcat/9.0.46]
[INFO ] 2024-05-23 09:31:27.831 - o.a.c.c.C.[.[localhost].[/]- log - Initializing Spring embedded WebApplicationContext
[INFO ] 2024-05-23 09:31:27.832 - o.s.b.w.s.c.ServletWebServerApplicationContext- prepareWebApplicationContext - Root WebApplicationContext: initialization completed in 4248 ms
[INFO ] 2024-05-23 09:31:28.095 - c.z.hikari.HikariDataSource- getConnection - HikariPool-1 - Starting...
[INFO ] 2024-05-23 09:31:28.450 - c.z.hikari.HikariDataSource- getConnection - HikariPool-1 - Start completed.
[INFO ] 2024-05-23 09:31:28.720 - o.h.j.internal.util.LogHelper- logPersistenceUnitInformation - HHH000204: Processing PersistenceUnitInfo [name: default]
[INFO ] 2024-05-23 09:31:28.892 - org.hibernate.Version- logVersion - HHH000412: Hibernate ORM core version 5.4.32.Final
[INFO ] 2024-05-23 09:31:29.362 - o.h.annotations.common.Version- <clinit> - HCANN000001: Hibernate Commons Annotations {5.1.2.Final}
[INFO ] 2024-05-23 09:31:29.670 - org.hibernate.dialect.Dialect- <init> - HHH000400: Using dialect: org.hibernate.dialect.PostgreSQL10Dialect
[INFO ] 2024-05-23 09:31:31.346 - o.h.e.t.j.p.i.JtaPlatformInitiator- initiateService - HHH000490: Using JtaPlatform implementation: [org.hibernate.engine.transaction.jta.platform.internal.NoJtaPlatform]
[INFO ] 2024-05-23 09:31:31.364 - o.s.o.j.LocalContainerEntityManagerFactoryBean- buildNativeEntityManagerFactory - Initialized JPA EntityManagerFactory for persistence unit 'default'
[WARN ] 2024-05-23 09:31:32.824 - o.s.b.a.o.j.JpaBaseConfiguration$JpaWebConfiguration- openEntityManagerInViewInterceptor - spring.jpa.open-in-view is enabled by default. Therefore, database queries may be performed during view rendering. Explicitly configure spring.jpa.open-in-view to disable this warning
[INFO ] 2024-05-23 09:31:34.170 - o.s.s.w.DefaultSecurityFilterChain- <init> - Will secure any request with [org.springframework.security.web.context.request.async.WebAsyncManagerIntegrationFilter@3299ee2c, org.springframework.security.web.context.SecurityContextPersistenceFilter@78d49939, org.springframework.security.web.header.HeaderWriterFilter@42a198dd, org.springframework.web.filter.CorsFilter@542759f, org.springframework.security.web.csrf.CsrfFilter@40dd2cfe, org.springframework.security.web.authentication.logout.LogoutFilter@c680819, org.springframework.security.oauth2.server.resource.web.BearerTokenAuthenticationFilter@59cbeaee, org.springframework.security.web.savedrequest.RequestCacheAwareFilter@2e2a2b07, org.springframework.security.web.servletapi.SecurityContextHolderAwareRequestFilter@52dc71b2, org.springframework.security.web.authentication.AnonymousAuthenticationFilter@68ac6e6e, org.springframework.security.web.session.SessionManagementFilter@500beb9f, org.springframework.security.web.access.ExceptionTranslationFilter@1ea78c72, org.springframework.security.web.access.intercept.AuthorizationFilter@7712c315]
[INFO ] 2024-05-23 09:31:35.242 - o.s.c.n.e.c.DiscoveryClientOptionalArgsConfiguration- restTemplateDiscoveryClientOptionalArgs - Eureka HTTP Client uses RestTemplate.
[WARN ] 2024-05-23 09:31:35.682 - o.s.c.l.c.LoadBalancerCacheAutoConfiguration$LoadBalancerCaffeineWarnLogger- logWarning - Spring Cloud LoadBalancer is currently working with the default cache. You can switch to using Caffeine cache, by adding it and org.springframework.cache.caffeine.CaffeineCacheManager to the classpath.
[INFO ] 2024-05-23 09:31:35.776 - o.s.c.n.e.InstanceInfoFactory- create - Setting initial instance status as: STARTING
[INFO ] 2024-05-23 09:31:35.881 - c.n.discovery.DiscoveryClient- <init> - Initializing Eureka in region us-east-1
[INFO ] 2024-05-23 09:31:35.898 - c.n.d.s.r.a.ConfigClusterResolver- getClusterEndpoints - Resolving eureka endpoints via configuration
[INFO ] 2024-05-23 09:31:35.963 - c.n.discovery.DiscoveryClient- fetchRegistry - Disable delta property : false
[INFO ] 2024-05-23 09:31:35.963 - c.n.discovery.DiscoveryClient- fetchRegistry - Single vip registry refresh property : null
[INFO ] 2024-05-23 09:31:35.964 - c.n.discovery.DiscoveryClient- fetchRegistry - Force full registry fetch : false
[INFO ] 2024-05-23 09:31:35.964 - c.n.discovery.DiscoveryClient- fetchRegistry - Application is null : false
[INFO ] 2024-05-23 09:31:35.965 - c.n.discovery.DiscoveryClient- fetchRegistry - Registered Applications size is zero : true
[INFO ] 2024-05-23 09:31:35.965 - c.n.discovery.DiscoveryClient- fetchRegistry - Application version is -1: true
[INFO ] 2024-05-23 09:31:35.965 - c.n.discovery.DiscoveryClient- getAndStoreFullRegistry - Getting all instance registry info from the eureka server
[INFO ] 2024-05-23 09:31:36.621 - c.n.discovery.DiscoveryClient- getAndStoreFullRegistry - The response status is 200
[INFO ] 2024-05-23 09:31:36.627 - c.n.discovery.DiscoveryClient- initScheduledTasks - Starting heartbeat executor: renew interval is: 30
[INFO ] 2024-05-23 09:31:36.633 - c.n.d.InstanceInfoReplicator- <init> - InstanceInfoReplicator onDemand update allowed rate per min is 4
[INFO ] 2024-05-23 09:31:36.644 - c.n.discovery.DiscoveryClient- <init> - Discovery Client initialized at timestamp 1716453096642 with initial instances count: 1
[INFO ] 2024-05-23 09:31:36.652 - o.s.c.n.e.s.EurekaServiceRegistry- register - Registering application ADMINISTRATION with eureka with status UP
[INFO ] 2024-05-23 09:31:36.654 - c.n.discovery.DiscoveryClient- notify - Saw local status change event StatusChangeEvent [timestamp=1716453096654, current=UP, previous=STARTING]
[INFO ] 2024-05-23 09:31:36.657 - c.n.discovery.DiscoveryClient- register - DiscoveryClient_ADMINISTRATION/DESKTOP-2MD099A:Administration:2345: registering service...
[INFO ] 2024-05-23 09:31:36.658 - o.a.c.http11.Http11NioProtocol- log - Starting ProtocolHandler ["http-nio-2345"]
[INFO ] 2024-05-23 09:31:36.748 - c.n.discovery.DiscoveryClient- register - DiscoveryClient_ADMINISTRATION/DESKTOP-2MD099A:Administration:2345 - registration status: 204
[INFO ] 2024-05-23 09:31:36.752 - o.s.b.w.e.t.TomcatWebServer- start - Tomcat started on port(s): 2345 (http) with context path ''
[INFO ] 2024-05-23 09:31:36.754 - o.s.c.n.e.s.EurekaAutoServiceRegistration- onApplicationEvent - Updating port to 2345
[INFO ] 2024-05-23 09:31:37.382 - m.a.d.a.ESignDocQrcodeUsersApplication- logStarted - Started ESignDocQrcodeUsersApplication in 15.932 seconds (JVM running for 17.191)
[INFO ] 2024-05-23 09:33:37.582 - o.a.c.c.C.[.[localhost].[/]- log - Initializing Spring DispatcherServlet 'dispatcherServlet'
[INFO ] 2024-05-23 09:33:37.582 - o.s.w.s.DispatcherServlet- initServletBean - Initializing Servlet 'dispatcherServlet'
[INFO ] 2024-05-23 09:33:37.590 - o.s.w.s.DispatcherServlet- initServletBean - Completed initialization in 7 ms
[INFO ] 2024-05-23 09:36:35.971 - c.n.d.s.r.a.ConfigClusterResolver- getClusterEndpoints - Resolving eureka endpoints via configuration
[INFO ] 2024-05-23 09:41:35.975 - c.n.d.s.r.a.ConfigClusterResolver- getClusterEndpoints - Resolving eureka endpoints via configuration
[INFO ] 2024-05-23 09:46:35.999 - c.n.d.s.r.a.ConfigClusterResolver- getClusterEndpoints - Resolving eureka endpoints via configuration
[INFO ] 2024-05-23 09:51:36.011 - c.n.d.s.r.a.ConfigClusterResolver- getClusterEndpoints - Resolving eureka endpoints via configuration
[INFO ] 2024-05-23 09:56:36.024 - c.n.d.s.r.a.ConfigClusterResolver- getClusterEndpoints - Resolving eureka endpoints via configuration
[INFO ] 2024-05-23 10:01:36.036 - c.n.d.s.r.a.ConfigClusterResolver- getClusterEndpoints - Resolving eureka endpoints via configuration
[INFO ] 2024-05-23 10:06:36.052 - c.n.d.s.r.a.ConfigClusterResolver- getClusterEndpoints - Resolving eureka endpoints via configuration
[INFO ] 2024-05-23 10:11:36.061 - c.n.d.s.r.a.ConfigClusterResolver- getClusterEndpoints - Resolving eureka endpoints via configuration
[INFO ] 2024-05-23 10:16:36.068 - c.n.d.s.r.a.ConfigClusterResolver- getClusterEndpoints - Resolving eureka endpoints via configuration
[INFO ] 2024-05-23 10:21:36.077 - c.n.d.s.r.a.ConfigClusterResolver- getClusterEndpoints - Resolving eureka endpoints via configuration
[INFO ] 2024-05-23 10:26:36.080 - c.n.d.s.r.a.ConfigClusterResolver- getClusterEndpoints - Resolving eureka endpoints via configuration
[INFO ] 2024-05-23 10:31:36.087 - c.n.d.s.r.a.ConfigClusterResolver- getClusterEndpoints - Resolving eureka endpoints via configuration
[INFO ] 2024-05-23 10:36:36.097 - c.n.d.s.r.a.ConfigClusterResolver- getClusterEndpoints - Resolving eureka endpoints via configuration
[INFO ] 2024-05-23 10:41:36.105 - c.n.d.s.r.a.ConfigClusterResolver- getClusterEndpoints - Resolving eureka endpoints via configuration
[INFO ] 2024-05-23 10:46:36.114 - c.n.d.s.r.a.ConfigClusterResolver- getClusterEndpoints - Resolving eureka endpoints via configuration
[INFO ] 2024-05-23 10:51:36.118 - c.n.d.s.r.a.ConfigClusterResolver- getClusterEndpoints - Resolving eureka endpoints via configuration
[INFO ] 2024-05-23 10:56:36.132 - c.n.d.s.r.a.ConfigClusterResolver- getClusterEndpoints - Resolving eureka endpoints via configuration
[INFO ] 2024-05-23 11:01:36.141 - c.n.d.s.r.a.ConfigClusterResolver- getClusterEndpoints - Resolving eureka endpoints via configuration
[INFO ] 2024-05-23 11:06:36.152 - c.n.d.s.r.a.ConfigClusterResolver- getClusterEndpoints - Resolving eureka endpoints via configuration
[INFO ] 2024-05-23 11:11:36.155 - c.n.d.s.r.a.ConfigClusterResolver- getClusterEndpoints - Resolving eureka endpoints via configuration
[INFO ] 2024-05-23 11:16:36.167 - c.n.d.s.r.a.ConfigClusterResolver- getClusterEndpoints - Resolving eureka endpoints via configuration
[INFO ] 2024-05-23 11:21:36.186 - c.n.d.s.r.a.ConfigClusterResolver- getClusterEndpoints - Resolving eureka endpoints via configuration
[INFO ] 2024-05-23 11:26:36.191 - c.n.d.s.r.a.ConfigClusterResolver- getClusterEndpoints - Resolving eureka endpoints via configuration
[INFO ] 2024-05-23 11:31:24.472 - o.s.c.n.e.s.EurekaServiceRegistry- deregister - Unregistering application ADMINISTRATION with eureka with status DOWN
[INFO ] 2024-05-23 11:31:24.479 - c.n.discovery.DiscoveryClient- notify - Saw local status change event StatusChangeEvent [timestamp=1716460284479, current=DOWN, previous=UP]
[INFO ] 2024-05-23 11:31:24.485 - c.n.discovery.DiscoveryClient- register - DiscoveryClient_ADMINISTRATION/DESKTOP-2MD099A:Administration:2345: registering service...
[INFO ] 2024-05-23 11:31:24.529 - c.n.discovery.DiscoveryClient- register - DiscoveryClient_ADMINISTRATION/DESKTOP-2MD099A:Administration:2345 - registration status: 204
[INFO ] 2024-05-23 11:31:24.896 - o.s.o.j.LocalContainerEntityManagerFactoryBean- destroy - Closing JPA EntityManagerFactory for persistence unit 'default'
[INFO ] 2024-05-23 11:31:24.934 - c.z.hikari.HikariDataSource- close - HikariPool-1 - Shutdown initiated...
[INFO ] 2024-05-23 11:31:24.963 - c.z.hikari.HikariDataSource- close - HikariPool-1 - Shutdown completed.
[INFO ] 2024-05-23 11:31:24.975 - c.n.discovery.DiscoveryClient- shutdown - Shutting down DiscoveryClient ...
[INFO ] 2024-05-23 11:31:28.014 - c.n.discovery.DiscoveryClient- unregister - Unregistering ...
[INFO ] 2024-05-23 11:31:28.032 - c.n.discovery.DiscoveryClient- unregister - DiscoveryClient_ADMINISTRATION/DESKTOP-2MD099A:Administration:2345 - deregister  status: 200
[INFO ] 2024-05-23 11:31:28.056 - c.n.discovery.DiscoveryClient- shutdown - Completed shut down of DiscoveryClient
[INFO ] 2024-05-23 11:31:44.762 - o.h.v.internal.util.Version- <clinit> - HV000001: Hibernate Validator 6.2.0.Final
[INFO ] 2024-05-23 11:31:44.799 - m.a.d.a.ESignDocQrcodeUsersApplication- logStarting - Starting ESignDocQrcodeUsersApplication using Java 19.0.2 on DESKTOP-2MD099A with PID 27656 (C:\Users\user\Downloads\Project-esignValidation\adt-dv-administration\target\classes started by user in C:\Users\user\Downloads\Project-esignValidation\adt-dv-administration)
[INFO ] 2024-05-23 11:31:44.800 - m.a.d.a.ESignDocQrcodeUsersApplication- logStartupProfileInfo - No active profile set, falling back to default profiles: default
[INFO ] 2024-05-23 11:31:44.917 - o.s.b.c.c.ConfigDataLoader- logTo - Fetching config from server at : http://localhost:8788
[INFO ] 2024-05-23 11:31:44.919 - o.s.b.c.c.ConfigDataLoader- logTo - Located environment: name=Administration, profiles=[default], label=null, version=null, state=null
[INFO ] 2024-05-23 11:31:46.494 - o.s.d.r.c.RepositoryConfigurationDelegate- registerRepositoriesIn - Bootstrapping Spring Data JPA repositories in DEFAULT mode.
[INFO ] 2024-05-23 11:31:46.896 - o.s.d.r.c.RepositoryConfigurationDelegate- registerRepositoriesIn - Finished Spring Data repository scanning in 388 ms. Found 3 JPA repository interfaces.
[INFO ] 2024-05-23 11:31:47.354 - o.s.c.c.scope.GenericScope- setSerializationId - BeanFactory id=769b0fe6-a2bb-3c25-b916-5f3bcb76aa90
[INFO ] 2024-05-23 11:31:47.631 - o.s.c.s.PostProcessorRegistrationDelegate$BeanPostProcessorChecker- postProcessAfterInitialization - Bean 'org.springframework.security.access.expression.method.DefaultMethodSecurityExpressionHandler@79be91eb' of type [org.springframework.security.access.expression.method.DefaultMethodSecurityExpressionHandler] is not eligible for getting processed by all BeanPostProcessors (for example: not eligible for auto-proxying)
[INFO ] 2024-05-23 11:31:47.642 - o.s.c.s.PostProcessorRegistrationDelegate$BeanPostProcessorChecker- postProcessAfterInitialization - Bean 'methodSecurityMetadataSource' of type [org.springframework.security.access.method.DelegatingMethodSecurityMetadataSource] is not eligible for getting processed by all BeanPostProcessors (for example: not eligible for auto-proxying)
[INFO ] 2024-05-23 11:31:48.243 - o.s.b.w.e.t.TomcatWebServer- initialize - Tomcat initialized with port(s): 2345 (http)
[INFO ] 2024-05-23 11:31:48.260 - o.a.c.http11.Http11NioProtocol- log - Initializing ProtocolHandler ["http-nio-2345"]
[INFO ] 2024-05-23 11:31:48.261 - o.a.c.core.StandardService- log - Starting service [Tomcat]
[INFO ] 2024-05-23 11:31:48.261 - o.a.c.core.StandardEngine- log - Starting Servlet engine: [Apache Tomcat/9.0.46]
[INFO ] 2024-05-23 11:31:48.491 - o.a.c.c.C.[.[localhost].[/]- log - Initializing Spring embedded WebApplicationContext
[INFO ] 2024-05-23 11:31:48.492 - o.s.b.w.s.c.ServletWebServerApplicationContext- prepareWebApplicationContext - Root WebApplicationContext: initialization completed in 3570 ms
[INFO ] 2024-05-23 11:31:48.668 - c.z.hikari.HikariDataSource- getConnection - HikariPool-1 - Starting...
[INFO ] 2024-05-23 11:31:48.837 - c.z.hikari.HikariDataSource- getConnection - HikariPool-1 - Start completed.
[INFO ] 2024-05-23 11:31:49.061 - o.h.j.internal.util.LogHelper- logPersistenceUnitInformation - HHH000204: Processing PersistenceUnitInfo [name: default]
[INFO ] 2024-05-23 11:31:49.236 - org.hibernate.Version- logVersion - HHH000412: Hibernate ORM core version 5.4.32.Final
[INFO ] 2024-05-23 11:31:49.551 - o.h.annotations.common.Version- <clinit> - HCANN000001: Hibernate Commons Annotations {5.1.2.Final}
[INFO ] 2024-05-23 11:31:49.783 - org.hibernate.dialect.Dialect- <init> - HHH000400: Using dialect: org.hibernate.dialect.PostgreSQL10Dialect
[INFO ] 2024-05-23 11:31:51.944 - o.h.e.t.j.p.i.JtaPlatformInitiator- initiateService - HHH000490: Using JtaPlatform implementation: [org.hibernate.engine.transaction.jta.platform.internal.NoJtaPlatform]
[INFO ] 2024-05-23 11:31:51.969 - o.s.o.j.LocalContainerEntityManagerFactoryBean- buildNativeEntityManagerFactory - Initialized JPA EntityManagerFactory for persistence unit 'default'
[WARN ] 2024-05-23 11:31:54.134 - o.s.b.a.o.j.JpaBaseConfiguration$JpaWebConfiguration- openEntityManagerInViewInterceptor - spring.jpa.open-in-view is enabled by default. Therefore, database queries may be performed during view rendering. Explicitly configure spring.jpa.open-in-view to disable this warning
[INFO ] 2024-05-23 11:31:55.715 - o.s.s.w.DefaultSecurityFilterChain- <init> - Will secure any request with [org.springframework.security.web.context.request.async.WebAsyncManagerIntegrationFilter@6afdb486, org.springframework.security.web.context.SecurityContextPersistenceFilter@25dacc5a, org.springframework.security.web.header.HeaderWriterFilter@4791d904, org.springframework.web.filter.CorsFilter@321bf4b1, org.springframework.security.web.csrf.CsrfFilter@7305a443, org.springframework.security.web.authentication.logout.LogoutFilter@347f0950, org.springframework.security.oauth2.server.resource.web.BearerTokenAuthenticationFilter@1d642682, org.springframework.security.web.savedrequest.RequestCacheAwareFilter@273e622f, org.springframework.security.web.servletapi.SecurityContextHolderAwareRequestFilter@380cd266, org.springframework.security.web.authentication.AnonymousAuthenticationFilter@598f6c93, org.springframework.security.web.session.SessionManagementFilter@292b7a02, org.springframework.security.web.access.ExceptionTranslationFilter@569026df, org.springframework.security.web.access.intercept.AuthorizationFilter@53b81a55]
[INFO ] 2024-05-23 11:31:56.813 - o.s.c.n.e.c.DiscoveryClientOptionalArgsConfiguration- restTemplateDiscoveryClientOptionalArgs - Eureka HTTP Client uses RestTemplate.
[WARN ] 2024-05-23 11:31:57.244 - o.s.c.l.c.LoadBalancerCacheAutoConfiguration$LoadBalancerCaffeineWarnLogger- logWarning - Spring Cloud LoadBalancer is currently working with the default cache. You can switch to using Caffeine cache, by adding it and org.springframework.cache.caffeine.CaffeineCacheManager to the classpath.
[INFO ] 2024-05-23 11:31:57.342 - o.s.c.n.e.InstanceInfoFactory- create - Setting initial instance status as: STARTING
[INFO ] 2024-05-23 11:31:57.389 - c.n.discovery.DiscoveryClient- <init> - Initializing Eureka in region us-east-1
[INFO ] 2024-05-23 11:31:57.394 - c.n.d.s.r.a.ConfigClusterResolver- getClusterEndpoints - Resolving eureka endpoints via configuration
[INFO ] 2024-05-23 11:31:57.421 - c.n.discovery.DiscoveryClient- fetchRegistry - Disable delta property : false
[INFO ] 2024-05-23 11:31:57.421 - c.n.discovery.DiscoveryClient- fetchRegistry - Single vip registry refresh property : null
[INFO ] 2024-05-23 11:31:57.421 - c.n.discovery.DiscoveryClient- fetchRegistry - Force full registry fetch : false
[INFO ] 2024-05-23 11:31:57.422 - c.n.discovery.DiscoveryClient- fetchRegistry - Application is null : false
[INFO ] 2024-05-23 11:31:57.422 - c.n.discovery.DiscoveryClient- fetchRegistry - Registered Applications size is zero : true
[INFO ] 2024-05-23 11:31:57.422 - c.n.discovery.DiscoveryClient- fetchRegistry - Application version is -1: true
[INFO ] 2024-05-23 11:31:57.422 - c.n.discovery.DiscoveryClient- getAndStoreFullRegistry - Getting all instance registry info from the eureka server
[INFO ] 2024-05-23 11:31:57.826 - c.n.discovery.DiscoveryClient- getAndStoreFullRegistry - The response status is 200
[INFO ] 2024-05-23 11:31:57.828 - c.n.discovery.DiscoveryClient- initScheduledTasks - Starting heartbeat executor: renew interval is: 30
[INFO ] 2024-05-23 11:31:57.832 - c.n.d.InstanceInfoReplicator- <init> - InstanceInfoReplicator onDemand update allowed rate per min is 4
[INFO ] 2024-05-23 11:31:57.838 - c.n.discovery.DiscoveryClient- <init> - Discovery Client initialized at timestamp 1716460317837 with initial instances count: 1
[INFO ] 2024-05-23 11:31:57.843 - o.s.c.n.e.s.EurekaServiceRegistry- register - Registering application ADMINISTRATION with eureka with status UP
[INFO ] 2024-05-23 11:31:57.844 - c.n.discovery.DiscoveryClient- notify - Saw local status change event StatusChangeEvent [timestamp=1716460317844, current=UP, previous=STARTING]
[INFO ] 2024-05-23 11:31:57.846 - c.n.discovery.DiscoveryClient- register - DiscoveryClient_ADMINISTRATION/DESKTOP-2MD099A:Administration:2345: registering service...
[INFO ] 2024-05-23 11:31:57.846 - o.a.c.http11.Http11NioProtocol- log - Starting ProtocolHandler ["http-nio-2345"]
[INFO ] 2024-05-23 11:31:57.887 - o.s.b.w.e.t.TomcatWebServer- start - Tomcat started on port(s): 2345 (http) with context path ''
[INFO ] 2024-05-23 11:31:57.888 - o.s.c.n.e.s.EurekaAutoServiceRegistration- onApplicationEvent - Updating port to 2345
[INFO ] 2024-05-23 11:31:57.904 - c.n.discovery.DiscoveryClient- register - DiscoveryClient_ADMINISTRATION/DESKTOP-2MD099A:Administration:2345 - registration status: 204
[INFO ] 2024-05-23 11:31:58.230 - m.a.d.a.ESignDocQrcodeUsersApplication- logStarted - Started ESignDocQrcodeUsersApplication in 16.045 seconds (JVM running for 17.423)
[INFO ] 2024-05-23 11:33:26.727 - o.a.c.c.C.[.[localhost].[/]- log - Initializing Spring DispatcherServlet 'dispatcherServlet'
[INFO ] 2024-05-23 11:33:26.728 - o.s.w.s.DispatcherServlet- initServletBean - Initializing Servlet 'dispatcherServlet'
[INFO ] 2024-05-23 11:33:26.733 - o.s.w.s.DispatcherServlet- initServletBean - Completed initialization in 3 ms
[INFO ] 2024-05-23 11:35:44.539 - o.s.c.n.e.s.EurekaServiceRegistry- deregister - Unregistering application ADMINISTRATION with eureka with status DOWN
[INFO ] 2024-05-23 11:35:44.540 - c.n.discovery.DiscoveryClient- notify - Saw local status change event StatusChangeEvent [timestamp=1716460544540, current=DOWN, previous=UP]
[INFO ] 2024-05-23 11:35:44.541 - c.n.discovery.DiscoveryClient- register - DiscoveryClient_ADMINISTRATION/DESKTOP-2MD099A:Administration:2345: registering service...
[INFO ] 2024-05-23 11:35:44.550 - c.n.discovery.DiscoveryClient- register - DiscoveryClient_ADMINISTRATION/DESKTOP-2MD099A:Administration:2345 - registration status: 204
[INFO ] 2024-05-23 11:35:44.606 - o.s.o.j.LocalContainerEntityManagerFactoryBean- destroy - Closing JPA EntityManagerFactory for persistence unit 'default'
[INFO ] 2024-05-23 11:35:44.610 - c.z.hikari.HikariDataSource- close - HikariPool-1 - Shutdown initiated...
[INFO ] 2024-05-23 11:35:44.626 - c.z.hikari.HikariDataSource- close - HikariPool-1 - Shutdown completed.
[INFO ] 2024-05-23 11:35:44.629 - c.n.discovery.DiscoveryClient- shutdown - Shutting down DiscoveryClient ...
[INFO ] 2024-05-23 11:35:47.639 - c.n.discovery.DiscoveryClient- unregister - Unregistering ...
[INFO ] 2024-05-23 11:35:47.647 - c.n.discovery.DiscoveryClient- unregister - DiscoveryClient_ADMINISTRATION/DESKTOP-2MD099A:Administration:2345 - deregister  status: 200
[INFO ] 2024-05-23 11:35:47.660 - c.n.discovery.DiscoveryClient- shutdown - Completed shut down of DiscoveryClient
[INFO ] 2024-05-23 11:35:58.423 - o.h.v.internal.util.Version- <clinit> - HV000001: Hibernate Validator 6.2.0.Final
[INFO ] 2024-05-23 11:35:58.437 - m.a.d.a.ESignDocQrcodeUsersApplication- logStarting - Starting ESignDocQrcodeUsersApplication using Java 19.0.2 on DESKTOP-2MD099A with PID 11852 (C:\Users\user\Downloads\Project-esignValidation\adt-dv-administration\target\classes started by user in C:\Users\user\Downloads\Project-esignValidation\adt-dv-administration)
[INFO ] 2024-05-23 11:35:58.438 - m.a.d.a.ESignDocQrcodeUsersApplication- logStartupProfileInfo - No active profile set, falling back to default profiles: default
[INFO ] 2024-05-23 11:35:58.534 - o.s.b.c.c.ConfigDataLoader- logTo - Fetching config from server at : http://localhost:8788
[INFO ] 2024-05-23 11:35:58.536 - o.s.b.c.c.ConfigDataLoader- logTo - Located environment: name=Administration, profiles=[default], label=null, version=null, state=null
[INFO ] 2024-05-23 11:35:59.969 - o.s.d.r.c.RepositoryConfigurationDelegate- registerRepositoriesIn - Bootstrapping Spring Data JPA repositories in DEFAULT mode.
[INFO ] 2024-05-23 11:36:00.293 - o.s.d.r.c.RepositoryConfigurationDelegate- registerRepositoriesIn - Finished Spring Data repository scanning in 310 ms. Found 3 JPA repository interfaces.
[INFO ] 2024-05-23 11:36:00.625 - o.s.c.c.scope.GenericScope- setSerializationId - BeanFactory id=769b0fe6-a2bb-3c25-b916-5f3bcb76aa90
[INFO ] 2024-05-23 11:36:00.861 - o.s.c.s.PostProcessorRegistrationDelegate$BeanPostProcessorChecker- postProcessAfterInitialization - Bean 'org.springframework.security.access.expression.method.DefaultMethodSecurityExpressionHandler@65593327' of type [org.springframework.security.access.expression.method.DefaultMethodSecurityExpressionHandler] is not eligible for getting processed by all BeanPostProcessors (for example: not eligible for auto-proxying)
[INFO ] 2024-05-23 11:36:00.872 - o.s.c.s.PostProcessorRegistrationDelegate$BeanPostProcessorChecker- postProcessAfterInitialization - Bean 'methodSecurityMetadataSource' of type [org.springframework.security.access.method.DelegatingMethodSecurityMetadataSource] is not eligible for getting processed by all BeanPostProcessors (for example: not eligible for auto-proxying)
[INFO ] 2024-05-23 11:36:01.276 - o.s.b.w.e.t.TomcatWebServer- initialize - Tomcat initialized with port(s): 2345 (http)
[INFO ] 2024-05-23 11:36:01.288 - o.a.c.http11.Http11NioProtocol- log - Initializing ProtocolHandler ["http-nio-2345"]
[INFO ] 2024-05-23 11:36:01.289 - o.a.c.core.StandardService- log - Starting service [Tomcat]
[INFO ] 2024-05-23 11:36:01.289 - o.a.c.core.StandardEngine- log - Starting Servlet engine: [Apache Tomcat/9.0.46]
[INFO ] 2024-05-23 11:36:01.468 - o.a.c.c.C.[.[localhost].[/]- log - Initializing Spring embedded WebApplicationContext
[INFO ] 2024-05-23 11:36:01.470 - o.s.b.w.s.c.ServletWebServerApplicationContext- prepareWebApplicationContext - Root WebApplicationContext: initialization completed in 2932 ms
[INFO ] 2024-05-23 11:36:01.635 - c.z.hikari.HikariDataSource- getConnection - HikariPool-1 - Starting...
[INFO ] 2024-05-23 11:36:01.805 - c.z.hikari.HikariDataSource- getConnection - HikariPool-1 - Start completed.
[INFO ] 2024-05-23 11:36:01.946 - o.h.j.internal.util.LogHelper- logPersistenceUnitInformation - HHH000204: Processing PersistenceUnitInfo [name: default]
[INFO ] 2024-05-23 11:36:02.057 - org.hibernate.Version- logVersion - HHH000412: Hibernate ORM core version 5.4.32.Final
[INFO ] 2024-05-23 11:36:02.311 - o.h.annotations.common.Version- <clinit> - HCANN000001: Hibernate Commons Annotations {5.1.2.Final}
[INFO ] 2024-05-23 11:36:02.537 - org.hibernate.dialect.Dialect- <init> - HHH000400: Using dialect: org.hibernate.dialect.PostgreSQL10Dialect
[INFO ] 2024-05-23 11:36:03.722 - o.h.e.t.j.p.i.JtaPlatformInitiator- initiateService - HHH000490: Using JtaPlatform implementation: [org.hibernate.engine.transaction.jta.platform.internal.NoJtaPlatform]
[INFO ] 2024-05-23 11:36:03.734 - o.s.o.j.LocalContainerEntityManagerFactoryBean- buildNativeEntityManagerFactory - Initialized JPA EntityManagerFactory for persistence unit 'default'
[WARN ] 2024-05-23 11:36:04.867 - o.s.b.a.o.j.JpaBaseConfiguration$JpaWebConfiguration- openEntityManagerInViewInterceptor - spring.jpa.open-in-view is enabled by default. Therefore, database queries may be performed during view rendering. Explicitly configure spring.jpa.open-in-view to disable this warning
[INFO ] 2024-05-23 11:36:06.503 - o.s.s.w.DefaultSecurityFilterChain- <init> - Will secure any request with [org.springframework.security.web.context.request.async.WebAsyncManagerIntegrationFilter@2d2710a8, org.springframework.security.web.context.SecurityContextPersistenceFilter@5a8149f6, org.springframework.security.web.header.HeaderWriterFilter@430dbcb0, org.springframework.web.filter.CorsFilter@50b1dfab, org.springframework.security.web.csrf.CsrfFilter@7305a443, org.springframework.security.web.authentication.logout.LogoutFilter@19565b5, org.springframework.security.oauth2.server.resource.web.BearerTokenAuthenticationFilter@fee1e32, org.springframework.security.web.savedrequest.RequestCacheAwareFilter@4791d904, org.springframework.security.web.servletapi.SecurityContextHolderAwareRequestFilter@6ba516ff, org.springframework.security.web.authentication.AnonymousAuthenticationFilter@5c85ed05, org.springframework.security.web.session.SessionManagementFilter@614d01b, org.springframework.security.web.access.ExceptionTranslationFilter@e1d2781, org.springframework.security.web.access.intercept.AuthorizationFilter@28d2afd8]
[INFO ] 2024-05-23 11:36:07.656 - o.s.c.n.e.c.DiscoveryClientOptionalArgsConfiguration- restTemplateDiscoveryClientOptionalArgs - Eureka HTTP Client uses RestTemplate.
[WARN ] 2024-05-23 11:36:08.397 - o.s.c.l.c.LoadBalancerCacheAutoConfiguration$LoadBalancerCaffeineWarnLogger- logWarning - Spring Cloud LoadBalancer is currently working with the default cache. You can switch to using Caffeine cache, by adding it and org.springframework.cache.caffeine.CaffeineCacheManager to the classpath.
[INFO ] 2024-05-23 11:36:08.598 - o.s.c.n.e.InstanceInfoFactory- create - Setting initial instance status as: STARTING
[INFO ] 2024-05-23 11:36:08.728 - c.n.discovery.DiscoveryClient- <init> - Initializing Eureka in region us-east-1
[INFO ] 2024-05-23 11:36:08.738 - c.n.d.s.r.a.ConfigClusterResolver- getClusterEndpoints - Resolving eureka endpoints via configuration
[INFO ] 2024-05-23 11:36:08.771 - c.n.discovery.DiscoveryClient- fetchRegistry - Disable delta property : false
[INFO ] 2024-05-23 11:36:08.772 - c.n.discovery.DiscoveryClient- fetchRegistry - Single vip registry refresh property : null
[INFO ] 2024-05-23 11:36:08.772 - c.n.discovery.DiscoveryClient- fetchRegistry - Force full registry fetch : false
[INFO ] 2024-05-23 11:36:08.772 - c.n.discovery.DiscoveryClient- fetchRegistry - Application is null : false
[INFO ] 2024-05-23 11:36:08.772 - c.n.discovery.DiscoveryClient- fetchRegistry - Registered Applications size is zero : true
[INFO ] 2024-05-23 11:36:08.773 - c.n.discovery.DiscoveryClient- fetchRegistry - Application version is -1: true
[INFO ] 2024-05-23 11:36:08.773 - c.n.discovery.DiscoveryClient- getAndStoreFullRegistry - Getting all instance registry info from the eureka server
[INFO ] 2024-05-23 11:36:09.222 - c.n.discovery.DiscoveryClient- getAndStoreFullRegistry - The response status is 200
[INFO ] 2024-05-23 11:36:09.226 - c.n.discovery.DiscoveryClient- initScheduledTasks - Starting heartbeat executor: renew interval is: 30
[INFO ] 2024-05-23 11:36:09.230 - c.n.d.InstanceInfoReplicator- <init> - InstanceInfoReplicator onDemand update allowed rate per min is 4
[INFO ] 2024-05-23 11:36:09.237 - c.n.discovery.DiscoveryClient- <init> - Discovery Client initialized at timestamp 1716460569236 with initial instances count: 1
[INFO ] 2024-05-23 11:36:09.242 - o.s.c.n.e.s.EurekaServiceRegistry- register - Registering application ADMINISTRATION with eureka with status UP
[INFO ] 2024-05-23 11:36:09.244 - c.n.discovery.DiscoveryClient- notify - Saw local status change event StatusChangeEvent [timestamp=1716460569244, current=UP, previous=STARTING]
[INFO ] 2024-05-23 11:36:09.246 - c.n.discovery.DiscoveryClient- register - DiscoveryClient_ADMINISTRATION/DESKTOP-2MD099A:Administration:2345: registering service...
[INFO ] 2024-05-23 11:36:09.247 - o.a.c.http11.Http11NioProtocol- log - Starting ProtocolHandler ["http-nio-2345"]
[INFO ] 2024-05-23 11:36:09.336 - o.s.b.w.e.t.TomcatWebServer- start - Tomcat started on port(s): 2345 (http) with context path ''
[INFO ] 2024-05-23 11:36:09.336 - o.s.c.n.e.s.EurekaAutoServiceRegistration- onApplicationEvent - Updating port to 2345
[INFO ] 2024-05-23 11:36:09.348 - c.n.discovery.DiscoveryClient- register - DiscoveryClient_ADMINISTRATION/DESKTOP-2MD099A:Administration:2345 - registration status: 204
[INFO ] 2024-05-23 11:36:09.717 - m.a.d.a.ESignDocQrcodeUsersApplication- logStarted - Started ESignDocQrcodeUsersApplication in 13.514 seconds (JVM running for 14.931)
[INFO ] 2024-05-23 11:37:05.717 - o.a.c.c.C.[.[localhost].[/]- log - Initializing Spring DispatcherServlet 'dispatcherServlet'
[INFO ] 2024-05-23 11:37:05.717 - o.s.w.s.DispatcherServlet- initServletBean - Initializing Servlet 'dispatcherServlet'
[INFO ] 2024-05-23 11:37:05.719 - o.s.w.s.DispatcherServlet- initServletBean - Completed initialization in 1 ms
[INFO ] 2024-05-23 11:40:34.822 - o.s.c.n.e.s.EurekaServiceRegistry- deregister - Unregistering application ADMINISTRATION with eureka with status DOWN
[INFO ] 2024-05-23 11:40:34.822 - c.n.discovery.DiscoveryClient- notify - Saw local status change event StatusChangeEvent [timestamp=1716460834822, current=DOWN, previous=UP]
[INFO ] 2024-05-23 11:40:34.824 - c.n.discovery.DiscoveryClient- register - DiscoveryClient_ADMINISTRATION/DESKTOP-2MD099A:Administration:2345: registering service...
[INFO ] 2024-05-23 11:40:34.833 - c.n.discovery.DiscoveryClient- register - DiscoveryClient_ADMINISTRATION/DESKTOP-2MD099A:Administration:2345 - registration status: 204
[INFO ] 2024-05-23 11:40:34.932 - o.s.o.j.LocalContainerEntityManagerFactoryBean- destroy - Closing JPA EntityManagerFactory for persistence unit 'default'
[INFO ] 2024-05-23 11:40:34.939 - c.z.hikari.HikariDataSource- close - HikariPool-1 - Shutdown initiated...
[INFO ] 2024-05-23 11:40:34.987 - c.z.hikari.HikariDataSource- close - HikariPool-1 - Shutdown completed.
[INFO ] 2024-05-23 11:40:34.991 - c.n.discovery.DiscoveryClient- shutdown - Shutting down DiscoveryClient ...
[INFO ] 2024-05-23 11:40:38.009 - c.n.discovery.DiscoveryClient- unregister - Unregistering ...
[INFO ] 2024-05-23 11:40:38.018 - c.n.discovery.DiscoveryClient- unregister - DiscoveryClient_ADMINISTRATION/DESKTOP-2MD099A:Administration:2345 - deregister  status: 200
[INFO ] 2024-05-23 11:40:38.064 - c.n.discovery.DiscoveryClient- shutdown - Completed shut down of DiscoveryClient
[INFO ] 2024-05-23 11:40:52.316 - o.h.v.internal.util.Version- <clinit> - HV000001: Hibernate Validator 6.2.0.Final
[INFO ] 2024-05-23 11:40:52.333 - m.a.d.a.ESignDocQrcodeUsersApplication- logStarting - Starting ESignDocQrcodeUsersApplication using Java 19.0.2 on DESKTOP-2MD099A with PID 27584 (C:\Users\user\Downloads\Project-esignValidation\adt-dv-administration\target\classes started by user in C:\Users\user\Downloads\Project-esignValidation\adt-dv-administration)
[INFO ] 2024-05-23 11:40:52.334 - m.a.d.a.ESignDocQrcodeUsersApplication- logStartupProfileInfo - No active profile set, falling back to default profiles: default
[INFO ] 2024-05-23 11:40:52.426 - o.s.b.c.c.ConfigDataLoader- logTo - Fetching config from server at : http://localhost:8788
[INFO ] 2024-05-23 11:40:52.427 - o.s.b.c.c.ConfigDataLoader- logTo - Located environment: name=Administration, profiles=[default], label=null, version=null, state=null
[INFO ] 2024-05-23 11:40:53.770 - o.s.d.r.c.RepositoryConfigurationDelegate- registerRepositoriesIn - Bootstrapping Spring Data JPA repositories in DEFAULT mode.
[INFO ] 2024-05-23 11:40:54.036 - o.s.d.r.c.RepositoryConfigurationDelegate- registerRepositoriesIn - Finished Spring Data repository scanning in 256 ms. Found 3 JPA repository interfaces.
[INFO ] 2024-05-23 11:40:54.386 - o.s.c.c.scope.GenericScope- setSerializationId - BeanFactory id=769b0fe6-a2bb-3c25-b916-5f3bcb76aa90
[INFO ] 2024-05-23 11:40:54.659 - o.s.c.s.PostProcessorRegistrationDelegate$BeanPostProcessorChecker- postProcessAfterInitialization - Bean 'org.springframework.security.access.expression.method.DefaultMethodSecurityExpressionHandler@4b28a7bf' of type [org.springframework.security.access.expression.method.DefaultMethodSecurityExpressionHandler] is not eligible for getting processed by all BeanPostProcessors (for example: not eligible for auto-proxying)
[INFO ] 2024-05-23 11:40:54.672 - o.s.c.s.PostProcessorRegistrationDelegate$BeanPostProcessorChecker- postProcessAfterInitialization - Bean 'methodSecurityMetadataSource' of type [org.springframework.security.access.method.DelegatingMethodSecurityMetadataSource] is not eligible for getting processed by all BeanPostProcessors (for example: not eligible for auto-proxying)
[INFO ] 2024-05-23 11:40:55.071 - o.s.b.w.e.t.TomcatWebServer- initialize - Tomcat initialized with port(s): 2345 (http)
[INFO ] 2024-05-23 11:40:55.084 - o.a.c.http11.Http11NioProtocol- log - Initializing ProtocolHandler ["http-nio-2345"]
[INFO ] 2024-05-23 11:40:55.085 - o.a.c.core.StandardService- log - Starting service [Tomcat]
[INFO ] 2024-05-23 11:40:55.085 - o.a.c.core.StandardEngine- log - Starting Servlet engine: [Apache Tomcat/9.0.46]
[INFO ] 2024-05-23 11:40:55.336 - o.a.c.c.C.[.[localhost].[/]- log - Initializing Spring embedded WebApplicationContext
[INFO ] 2024-05-23 11:40:55.338 - o.s.b.w.s.c.ServletWebServerApplicationContext- prepareWebApplicationContext - Root WebApplicationContext: initialization completed in 2907 ms
[INFO ] 2024-05-23 11:40:55.516 - c.z.hikari.HikariDataSource- getConnection - HikariPool-1 - Starting...
[INFO ] 2024-05-23 11:40:55.730 - c.z.hikari.HikariDataSource- getConnection - HikariPool-1 - Start completed.
[INFO ] 2024-05-23 11:40:55.904 - o.h.j.internal.util.LogHelper- logPersistenceUnitInformation - HHH000204: Processing PersistenceUnitInfo [name: default]
[INFO ] 2024-05-23 11:40:56.019 - org.hibernate.Version- logVersion - HHH000412: Hibernate ORM core version 5.4.32.Final
[INFO ] 2024-05-23 11:40:56.290 - o.h.annotations.common.Version- <clinit> - HCANN000001: Hibernate Commons Annotations {5.1.2.Final}
[INFO ] 2024-05-23 11:40:56.507 - org.hibernate.dialect.Dialect- <init> - HHH000400: Using dialect: org.hibernate.dialect.PostgreSQL10Dialect
[INFO ] 2024-05-23 11:40:57.844 - o.h.e.t.j.p.i.JtaPlatformInitiator- initiateService - HHH000490: Using JtaPlatform implementation: [org.hibernate.engine.transaction.jta.platform.internal.NoJtaPlatform]
[INFO ] 2024-05-23 11:40:57.860 - o.s.o.j.LocalContainerEntityManagerFactoryBean- buildNativeEntityManagerFactory - Initialized JPA EntityManagerFactory for persistence unit 'default'
[INFO ] 2024-05-23 11:40:59.314 - o.s.s.w.DefaultSecurityFilterChain- <init> - Will secure any request with [org.springframework.security.web.context.request.async.WebAsyncManagerIntegrationFilter@3a0f5141, org.springframework.security.web.context.SecurityContextPersistenceFilter@15ab0461, org.springframework.security.web.header.HeaderWriterFilter@2c3f81ef, org.springframework.security.web.csrf.CsrfFilter@4512f5f1, org.springframework.security.web.authentication.logout.LogoutFilter@55b7f9f1, org.springframework.security.oauth2.server.resource.web.BearerTokenAuthenticationFilter@55da6bf, org.springframework.security.web.savedrequest.RequestCacheAwareFilter@186fc6e, org.springframework.security.web.servletapi.SecurityContextHolderAwareRequestFilter@1bd5b1c8, org.springframework.security.web.authentication.AnonymousAuthenticationFilter@46059b73, org.springframework.security.web.session.SessionManagementFilter@430dbcb0, org.springframework.security.web.access.ExceptionTranslationFilter@2a5d9ede, org.springframework.security.web.access.intercept.AuthorizationFilter@2bef33e7]
[WARN ] 2024-05-23 11:40:59.622 - o.s.b.a.o.j.JpaBaseConfiguration$JpaWebConfiguration- openEntityManagerInViewInterceptor - spring.jpa.open-in-view is enabled by default. Therefore, database queries may be performed during view rendering. Explicitly configure spring.jpa.open-in-view to disable this warning
[INFO ] 2024-05-23 11:41:03.920 - o.s.c.n.e.c.DiscoveryClientOptionalArgsConfiguration- restTemplateDiscoveryClientOptionalArgs - Eureka HTTP Client uses RestTemplate.
[WARN ] 2024-05-23 11:41:04.861 - o.s.c.l.c.LoadBalancerCacheAutoConfiguration$LoadBalancerCaffeineWarnLogger- logWarning - Spring Cloud LoadBalancer is currently working with the default cache. You can switch to using Caffeine cache, by adding it and org.springframework.cache.caffeine.CaffeineCacheManager to the classpath.
[INFO ] 2024-05-23 11:41:05.119 - o.s.c.n.e.InstanceInfoFactory- create - Setting initial instance status as: STARTING
[INFO ] 2024-05-23 11:41:05.260 - c.n.discovery.DiscoveryClient- <init> - Initializing Eureka in region us-east-1
[INFO ] 2024-05-23 11:41:05.274 - c.n.d.s.r.a.ConfigClusterResolver- getClusterEndpoints - Resolving eureka endpoints via configuration
[INFO ] 2024-05-23 11:41:05.340 - c.n.discovery.DiscoveryClient- fetchRegistry - Disable delta property : false
[INFO ] 2024-05-23 11:41:05.342 - c.n.discovery.DiscoveryClient- fetchRegistry - Single vip registry refresh property : null
[INFO ] 2024-05-23 11:41:05.342 - c.n.discovery.DiscoveryClient- fetchRegistry - Force full registry fetch : false
[INFO ] 2024-05-23 11:41:05.343 - c.n.discovery.DiscoveryClient- fetchRegistry - Application is null : false
[INFO ] 2024-05-23 11:41:05.343 - c.n.discovery.DiscoveryClient- fetchRegistry - Registered Applications size is zero : true
[INFO ] 2024-05-23 11:41:05.344 - c.n.discovery.DiscoveryClient- fetchRegistry - Application version is -1: true
[INFO ] 2024-05-23 11:41:05.346 - c.n.discovery.DiscoveryClient- getAndStoreFullRegistry - Getting all instance registry info from the eureka server
[INFO ] 2024-05-23 11:41:06.011 - c.n.discovery.DiscoveryClient- getAndStoreFullRegistry - The response status is 200
[INFO ] 2024-05-23 11:41:06.018 - c.n.discovery.DiscoveryClient- initScheduledTasks - Starting heartbeat executor: renew interval is: 30
[INFO ] 2024-05-23 11:41:06.026 - c.n.d.InstanceInfoReplicator- <init> - InstanceInfoReplicator onDemand update allowed rate per min is 4
[INFO ] 2024-05-23 11:41:06.037 - c.n.discovery.DiscoveryClient- <init> - Discovery Client initialized at timestamp 1716460866035 with initial instances count: 2
[INFO ] 2024-05-23 11:41:06.055 - o.s.c.n.e.s.EurekaServiceRegistry- register - Registering application ADMINISTRATION with eureka with status UP
[INFO ] 2024-05-23 11:41:06.057 - c.n.discovery.DiscoveryClient- notify - Saw local status change event StatusChangeEvent [timestamp=1716460866057, current=UP, previous=STARTING]
[INFO ] 2024-05-23 11:41:06.062 - c.n.discovery.DiscoveryClient- register - DiscoveryClient_ADMINISTRATION/DESKTOP-2MD099A:Administration:2345: registering service...
[INFO ] 2024-05-23 11:41:06.064 - o.a.c.http11.Http11NioProtocol- log - Starting ProtocolHandler ["http-nio-2345"]
[INFO ] 2024-05-23 11:41:06.213 - c.n.discovery.DiscoveryClient- register - DiscoveryClient_ADMINISTRATION/DESKTOP-2MD099A:Administration:2345 - registration status: 204
[INFO ] 2024-05-23 11:41:06.217 - o.s.b.w.e.t.TomcatWebServer- start - Tomcat started on port(s): 2345 (http) with context path ''
[INFO ] 2024-05-23 11:41:06.220 - o.s.c.n.e.s.EurekaAutoServiceRegistration- onApplicationEvent - Updating port to 2345
[INFO ] 2024-05-23 11:41:07.459 - m.a.d.a.ESignDocQrcodeUsersApplication- logStarted - Started ESignDocQrcodeUsersApplication in 16.95 seconds (JVM running for 18.24)
[INFO ] 2024-05-23 11:41:54.607 - o.a.c.c.C.[.[localhost].[/]- log - Initializing Spring DispatcherServlet 'dispatcherServlet'
[INFO ] 2024-05-23 11:41:54.607 - o.s.w.s.DispatcherServlet- initServletBean - Initializing Servlet 'dispatcherServlet'
[INFO ] 2024-05-23 11:41:54.613 - o.s.w.s.DispatcherServlet- initServletBean - Completed initialization in 5 ms
[INFO ] 2024-05-23 11:46:05.356 - c.n.d.s.r.a.ConfigClusterResolver- getClusterEndpoints - Resolving eureka endpoints via configuration
[INFO ] 2024-05-23 11:51:05.359 - c.n.d.s.r.a.ConfigClusterResolver- getClusterEndpoints - Resolving eureka endpoints via configuration
[INFO ] 2024-05-23 11:56:05.373 - c.n.d.s.r.a.ConfigClusterResolver- getClusterEndpoints - Resolving eureka endpoints via configuration
[INFO ] 2024-05-23 12:01:05.378 - c.n.d.s.r.a.ConfigClusterResolver- getClusterEndpoints - Resolving eureka endpoints via configuration
[INFO ] 2024-05-23 12:06:05.398 - c.n.d.s.r.a.ConfigClusterResolver- getClusterEndpoints - Resolving eureka endpoints via configuration
[INFO ] 2024-05-23 12:11:05.414 - c.n.d.s.r.a.ConfigClusterResolver- getClusterEndpoints - Resolving eureka endpoints via configuration
[INFO ] 2024-05-23 12:16:05.418 - c.n.d.s.r.a.ConfigClusterResolver- getClusterEndpoints - Resolving eureka endpoints via configuration
[WARN ] 2024-05-23 14:20:59.690 - c.z.hikari.pool.HikariPool- run - HikariPool-1 - Thread starvation or clock leap detected (housekeeper delta=2h4m32s902ms382µs400ns).
[INFO ] 2024-05-23 14:25:07.793 - c.n.d.s.r.a.ConfigClusterResolver- getClusterEndpoints - Resolving eureka endpoints via configuration
[INFO ] 2024-05-23 14:30:07.803 - c.n.d.s.r.a.ConfigClusterResolver- getClusterEndpoints - Resolving eureka endpoints via configuration
[INFO ] 2024-05-23 14:35:07.833 - c.n.d.s.r.a.ConfigClusterResolver- getClusterEndpoints - Resolving eureka endpoints via configuration
[INFO ] 2024-05-23 14:40:07.851 - c.n.d.s.r.a.ConfigClusterResolver- getClusterEndpoints - Resolving eureka endpoints via configuration
[INFO ] 2024-05-23 14:45:07.890 - c.n.d.s.r.a.ConfigClusterResolver- getClusterEndpoints - Resolving eureka endpoints via configuration
[INFO ] 2024-05-23 14:50:07.892 - c.n.d.s.r.a.ConfigClusterResolver- getClusterEndpoints - Resolving eureka endpoints via configuration
[INFO ] 2024-05-23 14:55:08.017 - c.n.d.s.r.a.ConfigClusterResolver- getClusterEndpoints - Resolving eureka endpoints via configuration
[INFO ] 2024-05-23 15:00:08.031 - c.n.d.s.r.a.ConfigClusterResolver- getClusterEndpoints - Resolving eureka endpoints via configuration
[INFO ] 2024-05-23 15:05:08.045 - c.n.d.s.r.a.ConfigClusterResolver- getClusterEndpoints - Resolving eureka endpoints via configuration
[INFO ] 2024-05-23 15:10:08.062 - c.n.d.s.r.a.ConfigClusterResolver- getClusterEndpoints - Resolving eureka endpoints via configuration
[INFO ] 2024-05-23 15:39:52.719 - o.h.v.internal.util.Version- <clinit> - HV000001: Hibernate Validator 6.2.0.Final
[INFO ] 2024-05-23 15:39:52.738 - m.a.d.a.ESignDocQrcodeUsersApplication- logStarting - Starting ESignDocQrcodeUsersApplication using Java 19.0.2 on DESKTOP-2MD099A with PID 22812 (C:\Users\user\Downloads\Project-esignValidation\adt-dv-administration\target\classes started by user in C:\Users\user\Downloads\Project-esignValidation\adt-dv-administration)
[INFO ] 2024-05-23 15:39:52.739 - m.a.d.a.ESignDocQrcodeUsersApplication- logStartupProfileInfo - No active profile set, falling back to default profiles: default
[INFO ] 2024-05-23 15:39:52.877 - o.s.b.c.c.ConfigDataLoader- logTo - Fetching config from server at : http://localhost:8788
[INFO ] 2024-05-23 15:39:52.878 - o.s.b.c.c.ConfigDataLoader- logTo - Located environment: name=Administration, profiles=[default], label=null, version=null, state=null
[INFO ] 2024-05-23 15:39:56.118 - o.s.d.r.c.RepositoryConfigurationDelegate- registerRepositoriesIn - Bootstrapping Spring Data JPA repositories in DEFAULT mode.
[INFO ] 2024-05-23 15:39:56.594 - o.s.d.r.c.RepositoryConfigurationDelegate- registerRepositoriesIn - Finished Spring Data repository scanning in 458 ms. Found 3 JPA repository interfaces.
[INFO ] 2024-05-23 15:39:57.131 - o.s.c.c.scope.GenericScope- setSerializationId - BeanFactory id=769b0fe6-a2bb-3c25-b916-5f3bcb76aa90
[INFO ] 2024-05-23 15:39:57.520 - o.s.c.s.PostProcessorRegistrationDelegate$BeanPostProcessorChecker- postProcessAfterInitialization - Bean 'org.springframework.security.access.expression.method.DefaultMethodSecurityExpressionHandler@68e5c7ae' of type [org.springframework.security.access.expression.method.DefaultMethodSecurityExpressionHandler] is not eligible for getting processed by all BeanPostProcessors (for example: not eligible for auto-proxying)
[INFO ] 2024-05-23 15:39:57.534 - o.s.c.s.PostProcessorRegistrationDelegate$BeanPostProcessorChecker- postProcessAfterInitialization - Bean 'methodSecurityMetadataSource' of type [org.springframework.security.access.method.DelegatingMethodSecurityMetadataSource] is not eligible for getting processed by all BeanPostProcessors (for example: not eligible for auto-proxying)
[INFO ] 2024-05-23 15:39:58.178 - o.s.b.w.e.t.TomcatWebServer- initialize - Tomcat initialized with port(s): 2345 (http)
[INFO ] 2024-05-23 15:39:58.202 - o.a.c.http11.Http11NioProtocol- log - Initializing ProtocolHandler ["http-nio-2345"]
[INFO ] 2024-05-23 15:39:58.203 - o.a.c.core.StandardService- log - Starting service [Tomcat]
[INFO ] 2024-05-23 15:39:58.204 - o.a.c.core.StandardEngine- log - Starting Servlet engine: [Apache Tomcat/9.0.46]
[INFO ] 2024-05-23 15:39:58.485 - o.a.c.c.C.[.[localhost].[/]- log - Initializing Spring embedded WebApplicationContext
[INFO ] 2024-05-23 15:39:58.486 - o.s.b.w.s.c.ServletWebServerApplicationContext- prepareWebApplicationContext - Root WebApplicationContext: initialization completed in 5606 ms
[INFO ] 2024-05-23 15:39:58.731 - c.z.hikari.HikariDataSource- getConnection - HikariPool-1 - Starting...
[INFO ] 2024-05-23 15:39:59.165 - c.z.hikari.HikariDataSource- getConnection - HikariPool-1 - Start completed.
[INFO ] 2024-05-23 15:39:59.407 - o.h.j.internal.util.LogHelper- logPersistenceUnitInformation - HHH000204: Processing PersistenceUnitInfo [name: default]
[INFO ] 2024-05-23 15:39:59.594 - org.hibernate.Version- logVersion - HHH000412: Hibernate ORM core version 5.4.32.Final
[INFO ] 2024-05-23 15:40:00.117 - o.h.annotations.common.Version- <clinit> - HCANN000001: Hibernate Commons Annotations {5.1.2.Final}
[INFO ] 2024-05-23 15:40:00.514 - org.hibernate.dialect.Dialect- <init> - HHH000400: Using dialect: org.hibernate.dialect.PostgreSQL10Dialect
[INFO ] 2024-05-23 15:40:02.665 - o.h.e.t.j.p.i.JtaPlatformInitiator- initiateService - HHH000490: Using JtaPlatform implementation: [org.hibernate.engine.transaction.jta.platform.internal.NoJtaPlatform]
[INFO ] 2024-05-23 15:40:02.678 - o.s.o.j.LocalContainerEntityManagerFactoryBean- buildNativeEntityManagerFactory - Initialized JPA EntityManagerFactory for persistence unit 'default'
[INFO ] 2024-05-23 15:40:03.831 - o.s.s.w.DefaultSecurityFilterChain- <init> - Will secure any request with [org.springframework.security.web.context.request.async.WebAsyncManagerIntegrationFilter@e1d2781, org.springframework.security.web.context.SecurityContextPersistenceFilter@4cf46574, org.springframework.security.web.header.HeaderWriterFilter@4265cbed, org.springframework.security.web.csrf.CsrfFilter@2e1003d9, org.springframework.security.web.authentication.logout.LogoutFilter@42a198dd, org.springframework.security.oauth2.server.resource.web.BearerTokenAuthenticationFilter@52dc71b2, org.springframework.security.web.savedrequest.RequestCacheAwareFilter@4205d1c9, org.springframework.security.web.servletapi.SecurityContextHolderAwareRequestFilter@4512f5f1, org.springframework.security.web.authentication.AnonymousAuthenticationFilter@3c00da24, org.springframework.security.web.session.SessionManagementFilter@1ee5792a, org.springframework.security.web.access.ExceptionTranslationFilter@13f255ed, org.springframework.security.web.access.intercept.AuthorizationFilter@2a5d9ede]
[WARN ] 2024-05-23 15:40:04.140 - o.s.b.a.o.j.JpaBaseConfiguration$JpaWebConfiguration- openEntityManagerInViewInterceptor - spring.jpa.open-in-view is enabled by default. Therefore, database queries may be performed during view rendering. Explicitly configure spring.jpa.open-in-view to disable this warning
[INFO ] 2024-05-23 15:40:06.938 - o.s.c.n.e.c.DiscoveryClientOptionalArgsConfiguration- restTemplateDiscoveryClientOptionalArgs - Eureka HTTP Client uses RestTemplate.
[WARN ] 2024-05-23 15:40:07.402 - o.s.c.l.c.LoadBalancerCacheAutoConfiguration$LoadBalancerCaffeineWarnLogger- logWarning - Spring Cloud LoadBalancer is currently working with the default cache. You can switch to using Caffeine cache, by adding it and org.springframework.cache.caffeine.CaffeineCacheManager to the classpath.
[INFO ] 2024-05-23 15:40:07.524 - o.s.c.n.e.InstanceInfoFactory- create - Setting initial instance status as: STARTING
[INFO ] 2024-05-23 15:40:07.584 - c.n.discovery.DiscoveryClient- <init> - Initializing Eureka in region us-east-1
[INFO ] 2024-05-23 15:40:07.590 - c.n.d.s.r.a.ConfigClusterResolver- getClusterEndpoints - Resolving eureka endpoints via configuration
[INFO ] 2024-05-23 15:40:07.672 - c.n.discovery.DiscoveryClient- fetchRegistry - Disable delta property : false
[INFO ] 2024-05-23 15:40:07.672 - c.n.discovery.DiscoveryClient- fetchRegistry - Single vip registry refresh property : null
[INFO ] 2024-05-23 15:40:07.673 - c.n.discovery.DiscoveryClient- fetchRegistry - Force full registry fetch : false
[INFO ] 2024-05-23 15:40:07.674 - c.n.discovery.DiscoveryClient- fetchRegistry - Application is null : false
[INFO ] 2024-05-23 15:40:07.674 - c.n.discovery.DiscoveryClient- fetchRegistry - Registered Applications size is zero : true
[INFO ] 2024-05-23 15:40:07.677 - c.n.discovery.DiscoveryClient- fetchRegistry - Application version is -1: true
[INFO ] 2024-05-23 15:40:07.678 - c.n.discovery.DiscoveryClient- getAndStoreFullRegistry - Getting all instance registry info from the eureka server
[INFO ] 2024-05-23 15:40:08.115 - c.n.discovery.DiscoveryClient- getAndStoreFullRegistry - The response status is 200
[INFO ] 2024-05-23 15:40:08.121 - c.n.discovery.DiscoveryClient- initScheduledTasks - Starting heartbeat executor: renew interval is: 30
[INFO ] 2024-05-23 15:40:08.125 - c.n.d.InstanceInfoReplicator- <init> - InstanceInfoReplicator onDemand update allowed rate per min is 4
[INFO ] 2024-05-23 15:40:08.131 - c.n.discovery.DiscoveryClient- <init> - Discovery Client initialized at timestamp 1716475208130 with initial instances count: 1
[INFO ] 2024-05-23 15:40:08.136 - o.s.c.n.e.s.EurekaServiceRegistry- register - Registering application ADMINISTRATION with eureka with status UP
[INFO ] 2024-05-23 15:40:08.137 - c.n.discovery.DiscoveryClient- notify - Saw local status change event StatusChangeEvent [timestamp=1716475208137, current=UP, previous=STARTING]
[INFO ] 2024-05-23 15:40:08.142 - c.n.discovery.DiscoveryClient- register - DiscoveryClient_ADMINISTRATION/DESKTOP-2MD099A:Administration:2345: registering service...
[INFO ] 2024-05-23 15:40:08.143 - o.a.c.http11.Http11NioProtocol- log - Starting ProtocolHandler ["http-nio-2345"]
[INFO ] 2024-05-23 15:40:08.187 - o.s.b.w.e.t.TomcatWebServer- start - Tomcat started on port(s): 2345 (http) with context path ''
[INFO ] 2024-05-23 15:40:08.188 - o.s.c.n.e.s.EurekaAutoServiceRegistration- onApplicationEvent - Updating port to 2345
[INFO ] 2024-05-23 15:40:08.211 - c.n.discovery.DiscoveryClient- register - DiscoveryClient_ADMINISTRATION/DESKTOP-2MD099A:Administration:2345 - registration status: 204
[INFO ] 2024-05-23 15:40:08.618 - m.a.d.a.ESignDocQrcodeUsersApplication- logStarted - Started ESignDocQrcodeUsersApplication in 18.689 seconds (JVM running for 20.896)
[INFO ] 2024-05-23 15:45:07.704 - c.n.d.s.r.a.ConfigClusterResolver- getClusterEndpoints - Resolving eureka endpoints via configuration
[INFO ] 2024-05-23 15:50:07.750 - c.n.d.s.r.a.ConfigClusterResolver- getClusterEndpoints - Resolving eureka endpoints via configuration
[INFO ] 2024-05-23 15:55:07.756 - c.n.d.s.r.a.ConfigClusterResolver- getClusterEndpoints - Resolving eureka endpoints via configuration
[INFO ] 2024-05-23 16:00:07.763 - c.n.d.s.r.a.ConfigClusterResolver- getClusterEndpoints - Resolving eureka endpoints via configuration
[INFO ] 2024-05-23 16:05:07.765 - c.n.d.s.r.a.ConfigClusterResolver- getClusterEndpoints - Resolving eureka endpoints via configuration
[INFO ] 2024-05-23 16:10:07.769 - c.n.d.s.r.a.ConfigClusterResolver- getClusterEndpoints - Resolving eureka endpoints via configuration
[INFO ] 2024-05-23 16:15:07.801 - c.n.d.s.r.a.ConfigClusterResolver- getClusterEndpoints - Resolving eureka endpoints via configuration
[INFO ] 2024-05-23 16:20:07.812 - c.n.d.s.r.a.ConfigClusterResolver- getClusterEndpoints - Resolving eureka endpoints via configuration
[INFO ] 2024-05-23 16:25:07.888 - c.n.d.s.r.a.ConfigClusterResolver- getClusterEndpoints - Resolving eureka endpoints via configuration
[INFO ] 2024-05-23 16:30:07.904 - c.n.d.s.r.a.ConfigClusterResolver- getClusterEndpoints - Resolving eureka endpoints via configuration
[INFO ] 2024-05-23 16:35:07.941 - c.n.d.s.r.a.ConfigClusterResolver- getClusterEndpoints - Resolving eureka endpoints via configuration
[INFO ] 2024-05-23 16:40:07.946 - c.n.d.s.r.a.ConfigClusterResolver- getClusterEndpoints - Resolving eureka endpoints via configuration
[INFO ] 2024-05-23 16:45:07.952 - c.n.d.s.r.a.ConfigClusterResolver- getClusterEndpoints - Resolving eureka endpoints via configuration
[INFO ] 2024-05-23 16:45:47.041 - o.a.c.c.C.[.[localhost].[/]- log - Initializing Spring DispatcherServlet 'dispatcherServlet'
[INFO ] 2024-05-23 16:45:47.044 - o.s.w.s.DispatcherServlet- initServletBean - Initializing Servlet 'dispatcherServlet'
[INFO ] 2024-05-23 16:45:47.070 - o.s.w.s.DispatcherServlet- initServletBean - Completed initialization in 25 ms
[INFO ] 2024-05-23 16:50:07.961 - c.n.d.s.r.a.ConfigClusterResolver- getClusterEndpoints - Resolving eureka endpoints via configuration
[INFO ] 2024-05-23 16:55:07.963 - c.n.d.s.r.a.ConfigClusterResolver- getClusterEndpoints - Resolving eureka endpoints via configuration
[INFO ] 2024-05-23 17:00:07.977 - c.n.d.s.r.a.ConfigClusterResolver- getClusterEndpoints - Resolving eureka endpoints via configuration
[INFO ] 2024-05-23 17:05:07.987 - c.n.d.s.r.a.ConfigClusterResolver- getClusterEndpoints - Resolving eureka endpoints via configuration
[INFO ] 2024-05-23 17:10:07.989 - c.n.d.s.r.a.ConfigClusterResolver- getClusterEndpoints - Resolving eureka endpoints via configuration
[INFO ] 2024-05-23 17:15:07.990 - c.n.d.s.r.a.ConfigClusterResolver- getClusterEndpoints - Resolving eureka endpoints via configuration
[INFO ] 2024-05-23 17:20:08.051 - c.n.d.s.r.a.ConfigClusterResolver- getClusterEndpoints - Resolving eureka endpoints via configuration
[INFO ] 2024-05-23 17:25:08.091 - c.n.d.s.r.a.ConfigClusterResolver- getClusterEndpoints - Resolving eureka endpoints via configuration
[INFO ] 2024-05-23 17:30:08.093 - c.n.d.s.r.a.ConfigClusterResolver- getClusterEndpoints - Resolving eureka endpoints via configuration
[INFO ] 2024-05-23 17:35:08.103 - c.n.d.s.r.a.ConfigClusterResolver- getClusterEndpoints - Resolving eureka endpoints via configuration
[INFO ] 2024-05-23 17:40:08.107 - c.n.d.s.r.a.ConfigClusterResolver- getClusterEndpoints - Resolving eureka endpoints via configuration
[INFO ] 2024-05-23 17:45:08.109 - c.n.d.s.r.a.ConfigClusterResolver- getClusterEndpoints - Resolving eureka endpoints via configuration
[INFO ] 2024-05-23 17:50:08.123 - c.n.d.s.r.a.ConfigClusterResolver- getClusterEndpoints - Resolving eureka endpoints via configuration
[INFO ] 2024-05-23 17:55:08.130 - c.n.d.s.r.a.ConfigClusterResolver- getClusterEndpoints - Resolving eureka endpoints via configuration
[INFO ] 2024-05-23 18:00:08.142 - c.n.d.s.r.a.ConfigClusterResolver- getClusterEndpoints - Resolving eureka endpoints via configuration
[INFO ] 2024-05-23 18:05:08.147 - c.n.d.s.r.a.ConfigClusterResolver- getClusterEndpoints - Resolving eureka endpoints via configuration
[WARN ] 2024-05-23 21:07:32.456 - c.z.hikari.pool.HikariPool- run - HikariPool-1 - Thread starvation or clock leap detected (housekeeper delta=3h22s476ms437µs200ns).
[WARN ] 2024-05-23 21:20:57.367 - c.z.hikari.pool.HikariPool- run - HikariPool-1 - Thread starvation or clock leap detected (housekeeper delta=13m38s90ms875µs400ns).
[INFO ] 2024-05-23 21:22:59.789 - c.n.d.s.r.a.ConfigClusterResolver- getClusterEndpoints - Resolving eureka endpoints via configuration
[INFO ] 2024-05-23 21:27:59.806 - c.n.d.s.r.a.ConfigClusterResolver- getClusterEndpoints - Resolving eureka endpoints via configuration
[INFO ] 2024-05-23 21:32:59.878 - c.n.d.s.r.a.ConfigClusterResolver- getClusterEndpoints - Resolving eureka endpoints via configuration
[INFO ] 2024-05-23 21:37:59.890 - c.n.d.s.r.a.ConfigClusterResolver- getClusterEndpoints - Resolving eureka endpoints via configuration
[INFO ] 2024-05-23 21:42:59.916 - c.n.d.s.r.a.ConfigClusterResolver- getClusterEndpoints - Resolving eureka endpoints via configuration
[INFO ] 2024-05-23 21:47:59.928 - c.n.d.s.r.a.ConfigClusterResolver- getClusterEndpoints - Resolving eureka endpoints via configuration
[INFO ] 2024-05-23 21:52:59.972 - c.n.d.s.r.a.ConfigClusterResolver- getClusterEndpoints - Resolving eureka endpoints via configuration
[INFO ] 2024-05-23 21:57:59.979 - c.n.d.s.r.a.ConfigClusterResolver- getClusterEndpoints - Resolving eureka endpoints via configuration
[INFO ] 2024-05-23 22:02:59.985 - c.n.d.s.r.a.ConfigClusterResolver- getClusterEndpoints - Resolving eureka endpoints via configuration
[INFO ] 2024-05-23 22:07:59.991 - c.n.d.s.r.a.ConfigClusterResolver- getClusterEndpoints - Resolving eureka endpoints via configuration
[INFO ] 2024-05-23 22:13:00.004 - c.n.d.s.r.a.ConfigClusterResolver- getClusterEndpoints - Resolving eureka endpoints via configuration
[INFO ] 2024-05-23 22:18:00.070 - c.n.d.s.r.a.ConfigClusterResolver- getClusterEndpoints - Resolving eureka endpoints via configuration
[INFO ] 2024-05-23 22:23:00.130 - c.n.d.s.r.a.ConfigClusterResolver- getClusterEndpoints - Resolving eureka endpoints via configuration
[INFO ] 2024-05-23 22:28:00.151 - c.n.d.s.r.a.ConfigClusterResolver- getClusterEndpoints - Resolving eureka endpoints via configuration
[INFO ] 2024-05-23 22:33:00.163 - c.n.d.s.r.a.ConfigClusterResolver- getClusterEndpoints - Resolving eureka endpoints via configuration
[INFO ] 2024-05-23 22:38:00.188 - c.n.d.s.r.a.ConfigClusterResolver- getClusterEndpoints - Resolving eureka endpoints via configuration
[INFO ] 2024-05-23 22:43:00.208 - c.n.d.s.r.a.ConfigClusterResolver- getClusterEndpoints - Resolving eureka endpoints via configuration
[INFO ] 2024-05-23 22:48:00.224 - c.n.d.s.r.a.ConfigClusterResolver- getClusterEndpoints - Resolving eureka endpoints via configuration
[INFO ] 2024-05-23 22:53:00.232 - c.n.d.s.r.a.ConfigClusterResolver- getClusterEndpoints - Resolving eureka endpoints via configuration
[INFO ] 2024-05-23 22:58:00.240 - c.n.d.s.r.a.ConfigClusterResolver- getClusterEndpoints - Resolving eureka endpoints via configuration
[INFO ] 2024-05-23 23:03:00.263 - c.n.d.s.r.a.ConfigClusterResolver- getClusterEndpoints - Resolving eureka endpoints via configuration
[INFO ] 2024-05-23 23:08:00.267 - c.n.d.s.r.a.ConfigClusterResolver- getClusterEndpoints - Resolving eureka endpoints via configuration
[INFO ] 2024-05-23 23:13:00.293 - c.n.d.s.r.a.ConfigClusterResolver- getClusterEndpoints - Resolving eureka endpoints via configuration
[INFO ] 2024-05-23 23:18:00.298 - c.n.d.s.r.a.ConfigClusterResolver- getClusterEndpoints - Resolving eureka endpoints via configuration
[INFO ] 2024-05-23 23:23:00.308 - c.n.d.s.r.a.ConfigClusterResolver- getClusterEndpoints - Resolving eureka endpoints via configuration
[INFO ] 2024-05-23 23:28:00.324 - c.n.d.s.r.a.ConfigClusterResolver- getClusterEndpoints - Resolving eureka endpoints via configuration
[INFO ] 2024-05-23 23:33:00.335 - c.n.d.s.r.a.ConfigClusterResolver- getClusterEndpoints - Resolving eureka endpoints via configuration
[INFO ] 2024-05-23 23:38:00.350 - c.n.d.s.r.a.ConfigClusterResolver- getClusterEndpoints - Resolving eureka endpoints via configuration
[INFO ] 2024-05-23 23:43:00.358 - c.n.d.s.r.a.ConfigClusterResolver- getClusterEndpoints - Resolving eureka endpoints via configuration
[INFO ] 2024-05-23 23:48:00.370 - c.n.d.s.r.a.ConfigClusterResolver- getClusterEndpoints - Resolving eureka endpoints via configuration
