[WARN ] 2024-05-31 09:28:10.471 - c.z.hikari.pool.HikariPool- run - HikariPool-1 - Thread starvation or clock leap detected (housekeeper delta=15h33m44s52ms764µs100ns).
[INFO ] 2024-05-31 09:32:06.602 - c.n.d.s.r.a.ConfigClusterResolver- getClusterEndpoints - Resolving eureka endpoints via configuration
[INFO ] 2024-05-31 09:37:06.620 - c.n.d.s.r.a.ConfigClusterResolver- getClusterEndpoints - Resolving eureka endpoints via configuration
[INFO ] 2024-05-31 09:42:06.640 - c.n.d.s.r.a.ConfigClusterResolver- getClusterEndpoints - Resolving eureka endpoints via configuration
[INFO ] 2024-05-31 09:47:06.656 - c.n.d.s.r.a.ConfigClusterResolver- getClusterEndpoints - Resolving eureka endpoints via configuration
[INFO ] 2024-05-31 09:52:06.673 - c.n.d.s.r.a.ConfigClusterResolver- getClusterEndpoints - Resolving eureka endpoints via configuration
[INFO ] 2024-05-31 09:57:06.712 - c.n.d.s.r.a.ConfigClusterResolver- getClusterEndpoints - Resolving eureka endpoints via configuration
[INFO ] 2024-05-31 10:02:06.720 - c.n.d.s.r.a.ConfigClusterResolver- getClusterEndpoints - Resolving eureka endpoints via configuration
[INFO ] 2024-05-31 10:07:06.761 - c.n.d.s.r.a.ConfigClusterResolver- getClusterEndpoints - Resolving eureka endpoints via configuration
[WARN ] 2024-05-31 12:51:25.834 - c.z.hikari.pool.HikariPool- run - HikariPool-1 - Thread starvation or clock leap detected (housekeeper delta=2h41m10s452ms970µs101ns).
[INFO ] 2024-05-31 12:52:47.206 - c.n.d.s.r.a.ConfigClusterResolver- getClusterEndpoints - Resolving eureka endpoints via configuration
[INFO ] 2024-05-31 12:57:47.222 - c.n.d.s.r.a.ConfigClusterResolver- getClusterEndpoints - Resolving eureka endpoints via configuration
[INFO ] 2024-05-31 13:02:47.227 - c.n.d.s.r.a.ConfigClusterResolver- getClusterEndpoints - Resolving eureka endpoints via configuration
[INFO ] 2024-05-31 13:07:47.240 - c.n.d.s.r.a.ConfigClusterResolver- getClusterEndpoints - Resolving eureka endpoints via configuration
[INFO ] 2024-05-31 13:12:47.252 - c.n.d.s.r.a.ConfigClusterResolver- getClusterEndpoints - Resolving eureka endpoints via configuration
[INFO ] 2024-05-31 13:17:47.257 - c.n.d.s.r.a.ConfigClusterResolver- getClusterEndpoints - Resolving eureka endpoints via configuration
[INFO ] 2024-05-31 13:22:47.269 - c.n.d.s.r.a.ConfigClusterResolver- getClusterEndpoints - Resolving eureka endpoints via configuration
[INFO ] 2024-05-31 13:27:47.282 - c.n.d.s.r.a.ConfigClusterResolver- getClusterEndpoints - Resolving eureka endpoints via configuration
[INFO ] 2024-05-31 13:32:47.290 - c.n.d.s.r.a.ConfigClusterResolver- getClusterEndpoints - Resolving eureka endpoints via configuration
[INFO ] 2024-05-31 13:37:47.292 - c.n.d.s.r.a.ConfigClusterResolver- getClusterEndpoints - Resolving eureka endpoints via configuration
[INFO ] 2024-05-31 13:39:58.496 - o.s.c.n.e.s.EurekaServiceRegistry- deregister - Unregistering application ADMINISTRATION with eureka with status DOWN
[INFO ] 2024-05-31 13:39:58.502 - c.n.discovery.DiscoveryClient- notify - Saw local status change event StatusChangeEvent [timestamp=1717159198502, current=DOWN, previous=UP]
[INFO ] 2024-05-31 13:39:58.508 - c.n.discovery.DiscoveryClient- register - DiscoveryClient_ADMINISTRATION/DESKTOP-2MD099A:Administration:2345: registering service...
[INFO ] 2024-05-31 13:39:58.582 - c.n.discovery.DiscoveryClient- register - DiscoveryClient_ADMINISTRATION/DESKTOP-2MD099A:Administration:2345 - registration status: 204
[INFO ] 2024-05-31 13:39:58.972 - o.s.o.j.LocalContainerEntityManagerFactoryBean- destroy - Closing JPA EntityManagerFactory for persistence unit 'default'
[INFO ] 2024-05-31 13:39:59.003 - c.z.hikari.HikariDataSource- close - HikariPool-1 - Shutdown initiated...
[INFO ] 2024-05-31 13:39:59.037 - c.z.hikari.HikariDataSource- close - HikariPool-1 - Shutdown completed.
[INFO ] 2024-05-31 13:39:59.043 - c.n.discovery.DiscoveryClient- shutdown - Shutting down DiscoveryClient ...
[WARN ] 2024-05-31 13:40:02.060 - c.n.d.TimedSupervisorTask- run - task supervisor shutting down, can't accept the task
[INFO ] 2024-05-31 13:40:02.063 - c.n.discovery.DiscoveryClient- unregister - Unregistering ...
[INFO ] 2024-05-31 13:40:02.077 - c.n.discovery.DiscoveryClient- unregister - DiscoveryClient_ADMINISTRATION/DESKTOP-2MD099A:Administration:2345 - deregister  status: 200
[INFO ] 2024-05-31 13:40:02.091 - c.n.discovery.DiscoveryClient- shutdown - Completed shut down of DiscoveryClient
[INFO ] 2024-05-31 13:40:45.599 - o.h.v.internal.util.Version- <clinit> - HV000001: Hibernate Validator 6.2.0.Final
[INFO ] 2024-05-31 13:40:45.616 - m.a.d.a.ESignDocQrcodeUsersApplication- logStarting - Starting ESignDocQrcodeUsersApplication using Java 19.0.2 on DESKTOP-2MD099A with PID 26604 (C:\Users\user\Downloads\Project-esignValidation\adt-dv-administration\target\classes started by user in C:\Users\user\Downloads\Project-esignValidation\adt-dv-administration)
[INFO ] 2024-05-31 13:40:45.617 - m.a.d.a.ESignDocQrcodeUsersApplication- logStartupProfileInfo - No active profile set, falling back to default profiles: default
[INFO ] 2024-05-31 13:40:45.790 - o.s.b.c.c.ConfigDataLoader- logTo - Fetching config from server at : http://localhost:8788
[INFO ] 2024-05-31 13:40:45.790 - o.s.b.c.c.ConfigDataLoader- logTo - Located environment: name=Administration, profiles=[default], label=null, version=null, state=null
[INFO ] 2024-05-31 13:40:48.873 - o.s.d.r.c.RepositoryConfigurationDelegate- registerRepositoriesIn - Bootstrapping Spring Data JPA repositories in DEFAULT mode.
[INFO ] 2024-05-31 13:40:49.502 - o.s.d.r.c.RepositoryConfigurationDelegate- registerRepositoriesIn - Finished Spring Data repository scanning in 609 ms. Found 3 JPA repository interfaces.
[INFO ] 2024-05-31 13:40:50.336 - o.s.c.c.scope.GenericScope- setSerializationId - BeanFactory id=769b0fe6-a2bb-3c25-b916-5f3bcb76aa90
[INFO ] 2024-05-31 13:40:51.021 - o.s.c.s.PostProcessorRegistrationDelegate$BeanPostProcessorChecker- postProcessAfterInitialization - Bean 'org.springframework.security.access.expression.method.DefaultMethodSecurityExpressionHandler@60deefed' of type [org.springframework.security.access.expression.method.DefaultMethodSecurityExpressionHandler] is not eligible for getting processed by all BeanPostProcessors (for example: not eligible for auto-proxying)
[INFO ] 2024-05-31 13:40:51.063 - o.s.c.s.PostProcessorRegistrationDelegate$BeanPostProcessorChecker- postProcessAfterInitialization - Bean 'methodSecurityMetadataSource' of type [org.springframework.security.access.method.DelegatingMethodSecurityMetadataSource] is not eligible for getting processed by all BeanPostProcessors (for example: not eligible for auto-proxying)
[INFO ] 2024-05-31 13:40:52.105 - o.s.b.w.e.t.TomcatWebServer- initialize - Tomcat initialized with port(s): 2345 (http)
[INFO ] 2024-05-31 13:40:52.134 - o.a.c.http11.Http11NioProtocol- log - Initializing ProtocolHandler ["http-nio-2345"]
[INFO ] 2024-05-31 13:40:52.136 - o.a.c.core.StandardService- log - Starting service [Tomcat]
[INFO ] 2024-05-31 13:40:52.137 - o.a.c.core.StandardEngine- log - Starting Servlet engine: [Apache Tomcat/9.0.46]
[INFO ] 2024-05-31 13:40:52.564 - o.a.c.c.C.[.[localhost].[/]- log - Initializing Spring embedded WebApplicationContext
[INFO ] 2024-05-31 13:40:52.564 - o.s.b.w.s.c.ServletWebServerApplicationContext- prepareWebApplicationContext - Root WebApplicationContext: initialization completed in 6772 ms
[INFO ] 2024-05-31 13:40:52.920 - c.z.hikari.HikariDataSource- getConnection - HikariPool-1 - Starting...
[INFO ] 2024-05-31 13:40:53.257 - c.z.hikari.HikariDataSource- getConnection - HikariPool-1 - Start completed.
[INFO ] 2024-05-31 13:40:53.660 - o.h.j.internal.util.LogHelper- logPersistenceUnitInformation - HHH000204: Processing PersistenceUnitInfo [name: default]
[INFO ] 2024-05-31 13:40:53.963 - org.hibernate.Version- logVersion - HHH000412: Hibernate ORM core version 5.4.32.Final
[INFO ] 2024-05-31 13:40:54.487 - o.h.annotations.common.Version- <clinit> - HCANN000001: Hibernate Commons Annotations {5.1.2.Final}
[INFO ] 2024-05-31 13:40:55.021 - org.hibernate.dialect.Dialect- <init> - HHH000400: Using dialect: org.hibernate.dialect.PostgreSQL10Dialect
[INFO ] 2024-05-31 13:40:57.279 - o.h.e.t.j.p.i.JtaPlatformInitiator- initiateService - HHH000490: Using JtaPlatform implementation: [org.hibernate.engine.transaction.jta.platform.internal.NoJtaPlatform]
[INFO ] 2024-05-31 13:40:57.302 - o.s.o.j.LocalContainerEntityManagerFactoryBean- buildNativeEntityManagerFactory - Initialized JPA EntityManagerFactory for persistence unit 'default'
[INFO ] 2024-05-31 13:40:59.538 - o.s.s.w.DefaultSecurityFilterChain- <init> - Will secure any request with [org.springframework.security.web.context.request.async.WebAsyncManagerIntegrationFilter@3ed2a30c, org.springframework.security.web.context.SecurityContextPersistenceFilter@4cb939d5, org.springframework.security.web.header.HeaderWriterFilter@6079d219, org.springframework.security.web.csrf.CsrfFilter@30942f54, org.springframework.security.web.authentication.logout.LogoutFilter@1ee5792a, org.springframework.security.oauth2.server.resource.web.BearerTokenAuthenticationFilter@7305a443, org.springframework.security.web.savedrequest.RequestCacheAwareFilter@62818ab0, org.springframework.security.web.servletapi.SecurityContextHolderAwareRequestFilter@39f5eba4, org.springframework.security.web.authentication.AnonymousAuthenticationFilter@adbc3bc, org.springframework.security.web.session.SessionManagementFilter@386d41cb, org.springframework.security.web.access.ExceptionTranslationFilter@4e9d1119, org.springframework.security.web.access.intercept.AuthorizationFilter@2a22e7e2]
[WARN ] 2024-05-31 13:40:59.963 - o.s.b.a.o.j.JpaBaseConfiguration$JpaWebConfiguration- openEntityManagerInViewInterceptor - spring.jpa.open-in-view is enabled by default. Therefore, database queries may be performed during view rendering. Explicitly configure spring.jpa.open-in-view to disable this warning
[INFO ] 2024-05-31 13:41:05.524 - o.s.c.n.e.c.DiscoveryClientOptionalArgsConfiguration- restTemplateDiscoveryClientOptionalArgs - Eureka HTTP Client uses RestTemplate.
[WARN ] 2024-05-31 13:41:06.453 - o.s.c.l.c.LoadBalancerCacheAutoConfiguration$LoadBalancerCaffeineWarnLogger- logWarning - Spring Cloud LoadBalancer is currently working with the default cache. You can switch to using Caffeine cache, by adding it and org.springframework.cache.caffeine.CaffeineCacheManager to the classpath.
[INFO ] 2024-05-31 13:41:06.599 - o.s.c.n.e.InstanceInfoFactory- create - Setting initial instance status as: STARTING
[INFO ] 2024-05-31 13:41:06.710 - c.n.discovery.DiscoveryClient- <init> - Initializing Eureka in region us-east-1
[INFO ] 2024-05-31 13:41:06.722 - c.n.d.s.r.a.ConfigClusterResolver- getClusterEndpoints - Resolving eureka endpoints via configuration
[INFO ] 2024-05-31 13:41:06.794 - c.n.discovery.DiscoveryClient- fetchRegistry - Disable delta property : false
[INFO ] 2024-05-31 13:41:06.794 - c.n.discovery.DiscoveryClient- fetchRegistry - Single vip registry refresh property : null
[INFO ] 2024-05-31 13:41:06.795 - c.n.discovery.DiscoveryClient- fetchRegistry - Force full registry fetch : false
[INFO ] 2024-05-31 13:41:06.795 - c.n.discovery.DiscoveryClient- fetchRegistry - Application is null : false
[INFO ] 2024-05-31 13:41:06.795 - c.n.discovery.DiscoveryClient- fetchRegistry - Registered Applications size is zero : true
[INFO ] 2024-05-31 13:41:06.796 - c.n.discovery.DiscoveryClient- fetchRegistry - Application version is -1: true
[INFO ] 2024-05-31 13:41:06.796 - c.n.discovery.DiscoveryClient- getAndStoreFullRegistry - Getting all instance registry info from the eureka server
[INFO ] 2024-05-31 13:41:07.610 - c.n.discovery.DiscoveryClient- getAndStoreFullRegistry - The response status is 200
[INFO ] 2024-05-31 13:41:07.661 - c.n.discovery.DiscoveryClient- initScheduledTasks - Starting heartbeat executor: renew interval is: 30
[INFO ] 2024-05-31 13:41:07.668 - c.n.d.InstanceInfoReplicator- <init> - InstanceInfoReplicator onDemand update allowed rate per min is 4
[INFO ] 2024-05-31 13:41:07.680 - c.n.discovery.DiscoveryClient- <init> - Discovery Client initialized at timestamp 1717159267679 with initial instances count: 2
[INFO ] 2024-05-31 13:41:07.690 - o.s.c.n.e.s.EurekaServiceRegistry- register - Registering application ADMINISTRATION with eureka with status UP
[INFO ] 2024-05-31 13:41:07.692 - c.n.discovery.DiscoveryClient- notify - Saw local status change event StatusChangeEvent [timestamp=1717159267692, current=UP, previous=STARTING]
[INFO ] 2024-05-31 13:41:07.709 - o.a.c.http11.Http11NioProtocol- log - Starting ProtocolHandler ["http-nio-2345"]
[INFO ] 2024-05-31 13:41:07.732 - c.n.discovery.DiscoveryClient- register - DiscoveryClient_ADMINISTRATION/DESKTOP-2MD099A:Administration:2345: registering service...
[INFO ] 2024-05-31 13:41:07.830 - o.s.b.w.e.t.TomcatWebServer- start - Tomcat started on port(s): 2345 (http) with context path ''
[INFO ] 2024-05-31 13:41:07.832 - o.s.c.n.e.s.EurekaAutoServiceRegistration- onApplicationEvent - Updating port to 2345
[INFO ] 2024-05-31 13:41:07.847 - c.n.discovery.DiscoveryClient- register - DiscoveryClient_ADMINISTRATION/DESKTOP-2MD099A:Administration:2345 - registration status: 204
[INFO ] 2024-05-31 13:41:09.027 - m.a.d.a.ESignDocQrcodeUsersApplication- logStarted - Started ESignDocQrcodeUsersApplication in 27.45 seconds (JVM running for 29.53)
[INFO ] 2024-05-31 13:46:06.848 - c.n.d.s.r.a.ConfigClusterResolver- getClusterEndpoints - Resolving eureka endpoints via configuration
[INFO ] 2024-05-31 13:51:06.872 - c.n.d.s.r.a.ConfigClusterResolver- getClusterEndpoints - Resolving eureka endpoints via configuration
[INFO ] 2024-05-31 13:56:06.893 - c.n.d.s.r.a.ConfigClusterResolver- getClusterEndpoints - Resolving eureka endpoints via configuration
[INFO ] 2024-05-31 14:00:17.977 - o.s.c.n.e.s.EurekaServiceRegistry- deregister - Unregistering application ADMINISTRATION with eureka with status DOWN
[INFO ] 2024-05-31 14:00:17.978 - c.n.discovery.DiscoveryClient- notify - Saw local status change event StatusChangeEvent [timestamp=1717160417978, current=DOWN, previous=UP]
[INFO ] 2024-05-31 14:00:17.979 - c.n.discovery.DiscoveryClient- register - DiscoveryClient_ADMINISTRATION/DESKTOP-2MD099A:Administration:2345: registering service...
[INFO ] 2024-05-31 14:00:17.984 - c.n.discovery.DiscoveryClient- register - DiscoveryClient_ADMINISTRATION/DESKTOP-2MD099A:Administration:2345 - registration status: 204
[INFO ] 2024-05-31 14:00:18.041 - o.s.o.j.LocalContainerEntityManagerFactoryBean- destroy - Closing JPA EntityManagerFactory for persistence unit 'default'
[INFO ] 2024-05-31 14:00:18.043 - c.z.hikari.HikariDataSource- close - HikariPool-1 - Shutdown initiated...
[INFO ] 2024-05-31 14:00:18.051 - c.z.hikari.HikariDataSource- close - HikariPool-1 - Shutdown completed.
[INFO ] 2024-05-31 14:00:18.054 - c.n.discovery.DiscoveryClient- shutdown - Shutting down DiscoveryClient ...
[INFO ] 2024-05-31 14:00:21.066 - c.n.discovery.DiscoveryClient- unregister - Unregistering ...
[INFO ] 2024-05-31 14:00:21.071 - c.n.discovery.DiscoveryClient- unregister - DiscoveryClient_ADMINISTRATION/DESKTOP-2MD099A:Administration:2345 - deregister  status: 200
[INFO ] 2024-05-31 14:00:21.075 - c.n.discovery.DiscoveryClient- shutdown - Completed shut down of DiscoveryClient
[INFO ] 2024-05-31 14:00:31.433 - o.h.v.internal.util.Version- <clinit> - HV000001: Hibernate Validator 6.2.0.Final
[INFO ] 2024-05-31 14:00:31.447 - m.a.d.a.ESignDocQrcodeUsersApplication- logStarting - Starting ESignDocQrcodeUsersApplication using Java 19.0.2 on DESKTOP-2MD099A with PID 24672 (C:\Users\user\Downloads\Project-esignValidation\adt-dv-administration\target\classes started by user in C:\Users\user\Downloads\Project-esignValidation\adt-dv-administration)
[INFO ] 2024-05-31 14:00:31.448 - m.a.d.a.ESignDocQrcodeUsersApplication- logStartupProfileInfo - No active profile set, falling back to default profiles: default
[INFO ] 2024-05-31 14:00:31.573 - o.s.b.c.c.ConfigDataLoader- logTo - Fetching config from server at : http://localhost:8788
[INFO ] 2024-05-31 14:00:31.574 - o.s.b.c.c.ConfigDataLoader- logTo - Located environment: name=Administration, profiles=[default], label=null, version=null, state=null
[INFO ] 2024-05-31 14:00:32.867 - o.s.d.r.c.RepositoryConfigurationDelegate- registerRepositoriesIn - Bootstrapping Spring Data JPA repositories in DEFAULT mode.
[INFO ] 2024-05-31 14:00:33.152 - o.s.d.r.c.RepositoryConfigurationDelegate- registerRepositoriesIn - Finished Spring Data repository scanning in 267 ms. Found 3 JPA repository interfaces.
[INFO ] 2024-05-31 14:00:33.505 - o.s.c.c.scope.GenericScope- setSerializationId - BeanFactory id=769b0fe6-a2bb-3c25-b916-5f3bcb76aa90
[INFO ] 2024-05-31 14:00:33.743 - o.s.c.s.PostProcessorRegistrationDelegate$BeanPostProcessorChecker- postProcessAfterInitialization - Bean 'org.springframework.security.access.expression.method.DefaultMethodSecurityExpressionHandler@736b21ee' of type [org.springframework.security.access.expression.method.DefaultMethodSecurityExpressionHandler] is not eligible for getting processed by all BeanPostProcessors (for example: not eligible for auto-proxying)
[INFO ] 2024-05-31 14:00:33.752 - o.s.c.s.PostProcessorRegistrationDelegate$BeanPostProcessorChecker- postProcessAfterInitialization - Bean 'methodSecurityMetadataSource' of type [org.springframework.security.access.method.DelegatingMethodSecurityMetadataSource] is not eligible for getting processed by all BeanPostProcessors (for example: not eligible for auto-proxying)
[INFO ] 2024-05-31 14:00:34.178 - o.s.b.w.e.t.TomcatWebServer- initialize - Tomcat initialized with port(s): 2345 (http)
[INFO ] 2024-05-31 14:00:34.198 - o.a.c.http11.Http11NioProtocol- log - Initializing ProtocolHandler ["http-nio-2345"]
[INFO ] 2024-05-31 14:00:34.199 - o.a.c.core.StandardService- log - Starting service [Tomcat]
[INFO ] 2024-05-31 14:00:34.200 - o.a.c.core.StandardEngine- log - Starting Servlet engine: [Apache Tomcat/9.0.46]
[INFO ] 2024-05-31 14:00:34.532 - o.a.c.c.C.[.[localhost].[/]- log - Initializing Spring embedded WebApplicationContext
[INFO ] 2024-05-31 14:00:34.532 - o.s.b.w.s.c.ServletWebServerApplicationContext- prepareWebApplicationContext - Root WebApplicationContext: initialization completed in 2955 ms
[INFO ] 2024-05-31 14:00:34.713 - c.z.hikari.HikariDataSource- getConnection - HikariPool-1 - Starting...
[INFO ] 2024-05-31 14:00:34.866 - c.z.hikari.HikariDataSource- getConnection - HikariPool-1 - Start completed.
[INFO ] 2024-05-31 14:00:35.032 - o.h.j.internal.util.LogHelper- logPersistenceUnitInformation - HHH000204: Processing PersistenceUnitInfo [name: default]
[INFO ] 2024-05-31 14:00:35.190 - org.hibernate.Version- logVersion - HHH000412: Hibernate ORM core version 5.4.32.Final
[INFO ] 2024-05-31 14:00:35.517 - o.h.annotations.common.Version- <clinit> - HCANN000001: Hibernate Commons Annotations {5.1.2.Final}
[INFO ] 2024-05-31 14:00:35.731 - org.hibernate.dialect.Dialect- <init> - HHH000400: Using dialect: org.hibernate.dialect.PostgreSQL10Dialect
[INFO ] 2024-05-31 14:00:37.528 - o.h.e.t.j.p.i.JtaPlatformInitiator- initiateService - HHH000490: Using JtaPlatform implementation: [org.hibernate.engine.transaction.jta.platform.internal.NoJtaPlatform]
[INFO ] 2024-05-31 14:00:37.541 - o.s.o.j.LocalContainerEntityManagerFactoryBean- buildNativeEntityManagerFactory - Initialized JPA EntityManagerFactory for persistence unit 'default'
[INFO ] 2024-05-31 14:00:38.522 - o.s.s.w.DefaultSecurityFilterChain- <init> - Will secure any request with [org.springframework.security.web.context.request.async.WebAsyncManagerIntegrationFilter@55da6bf, org.springframework.security.web.context.SecurityContextPersistenceFilter@726d0482, org.springframework.security.web.header.HeaderWriterFilter@39e91bda, org.springframework.security.web.csrf.CsrfFilter@4205d1c9, org.springframework.security.web.authentication.logout.LogoutFilter@25dacc5a, org.springframework.security.oauth2.server.resource.web.BearerTokenAuthenticationFilter@113a89c5, org.springframework.security.web.savedrequest.RequestCacheAwareFilter@2f403d0a, org.springframework.security.web.servletapi.SecurityContextHolderAwareRequestFilter@186fc6e, org.springframework.security.web.authentication.AnonymousAuthenticationFilter@3a0f5141, org.springframework.security.web.session.SessionManagementFilter@3c00da24, org.springframework.security.web.access.ExceptionTranslationFilter@403b7be3, org.springframework.security.web.access.intercept.AuthorizationFilter@752e50c6]
[WARN ] 2024-05-31 14:00:38.766 - o.s.b.a.o.j.JpaBaseConfiguration$JpaWebConfiguration- openEntityManagerInViewInterceptor - spring.jpa.open-in-view is enabled by default. Therefore, database queries may be performed during view rendering. Explicitly configure spring.jpa.open-in-view to disable this warning
[INFO ] 2024-05-31 14:00:40.945 - o.s.c.n.e.c.DiscoveryClientOptionalArgsConfiguration- restTemplateDiscoveryClientOptionalArgs - Eureka HTTP Client uses RestTemplate.
[WARN ] 2024-05-31 14:00:41.354 - o.s.c.l.c.LoadBalancerCacheAutoConfiguration$LoadBalancerCaffeineWarnLogger- logWarning - Spring Cloud LoadBalancer is currently working with the default cache. You can switch to using Caffeine cache, by adding it and org.springframework.cache.caffeine.CaffeineCacheManager to the classpath.
[INFO ] 2024-05-31 14:00:41.443 - o.s.c.n.e.InstanceInfoFactory- create - Setting initial instance status as: STARTING
[INFO ] 2024-05-31 14:00:41.489 - c.n.discovery.DiscoveryClient- <init> - Initializing Eureka in region us-east-1
[INFO ] 2024-05-31 14:00:41.496 - c.n.d.s.r.a.ConfigClusterResolver- getClusterEndpoints - Resolving eureka endpoints via configuration
[INFO ] 2024-05-31 14:00:41.523 - c.n.discovery.DiscoveryClient- fetchRegistry - Disable delta property : false
[INFO ] 2024-05-31 14:00:41.524 - c.n.discovery.DiscoveryClient- fetchRegistry - Single vip registry refresh property : null
[INFO ] 2024-05-31 14:00:41.524 - c.n.discovery.DiscoveryClient- fetchRegistry - Force full registry fetch : false
[INFO ] 2024-05-31 14:00:41.524 - c.n.discovery.DiscoveryClient- fetchRegistry - Application is null : false
[INFO ] 2024-05-31 14:00:41.524 - c.n.discovery.DiscoveryClient- fetchRegistry - Registered Applications size is zero : true
[INFO ] 2024-05-31 14:00:41.524 - c.n.discovery.DiscoveryClient- fetchRegistry - Application version is -1: true
[INFO ] 2024-05-31 14:00:41.524 - c.n.discovery.DiscoveryClient- getAndStoreFullRegistry - Getting all instance registry info from the eureka server
[INFO ] 2024-05-31 14:00:41.882 - c.n.discovery.DiscoveryClient- getAndStoreFullRegistry - The response status is 200
[INFO ] 2024-05-31 14:00:41.887 - c.n.discovery.DiscoveryClient- initScheduledTasks - Starting heartbeat executor: renew interval is: 30
[INFO ] 2024-05-31 14:00:41.890 - c.n.d.InstanceInfoReplicator- <init> - InstanceInfoReplicator onDemand update allowed rate per min is 4
[INFO ] 2024-05-31 14:00:41.897 - c.n.discovery.DiscoveryClient- <init> - Discovery Client initialized at timestamp 1717160441896 with initial instances count: 3
[INFO ] 2024-05-31 14:00:41.902 - o.s.c.n.e.s.EurekaServiceRegistry- register - Registering application ADMINISTRATION with eureka with status UP
[INFO ] 2024-05-31 14:00:41.903 - c.n.discovery.DiscoveryClient- notify - Saw local status change event StatusChangeEvent [timestamp=1717160441903, current=UP, previous=STARTING]
[INFO ] 2024-05-31 14:00:41.905 - c.n.discovery.DiscoveryClient- register - DiscoveryClient_ADMINISTRATION/DESKTOP-2MD099A:Administration:2345: registering service...
[INFO ] 2024-05-31 14:00:41.905 - o.a.c.http11.Http11NioProtocol- log - Starting ProtocolHandler ["http-nio-2345"]
[INFO ] 2024-05-31 14:00:41.946 - o.s.b.w.e.t.TomcatWebServer- start - Tomcat started on port(s): 2345 (http) with context path ''
[INFO ] 2024-05-31 14:00:41.947 - o.s.c.n.e.s.EurekaAutoServiceRegistration- onApplicationEvent - Updating port to 2345
[INFO ] 2024-05-31 14:00:41.962 - c.n.discovery.DiscoveryClient- register - DiscoveryClient_ADMINISTRATION/DESKTOP-2MD099A:Administration:2345 - registration status: 204
[INFO ] 2024-05-31 14:00:42.272 - m.a.d.a.ESignDocQrcodeUsersApplication- logStarted - Started ESignDocQrcodeUsersApplication in 13.157 seconds (JVM running for 14.808)
[INFO ] 2024-05-31 14:03:04.596 - o.a.c.c.C.[.[localhost].[/]- log - Initializing Spring DispatcherServlet 'dispatcherServlet'
[INFO ] 2024-05-31 14:03:04.597 - o.s.w.s.DispatcherServlet- initServletBean - Initializing Servlet 'dispatcherServlet'
[INFO ] 2024-05-31 14:03:04.598 - o.s.w.s.DispatcherServlet- initServletBean - Completed initialization in 1 ms
[INFO ] 2024-05-31 14:05:41.538 - c.n.d.s.r.a.ConfigClusterResolver- getClusterEndpoints - Resolving eureka endpoints via configuration
[INFO ] 2024-05-31 14:10:41.551 - c.n.d.s.r.a.ConfigClusterResolver- getClusterEndpoints - Resolving eureka endpoints via configuration
[INFO ] 2024-05-31 14:15:41.596 - c.n.d.s.r.a.ConfigClusterResolver- getClusterEndpoints - Resolving eureka endpoints via configuration
[INFO ] 2024-05-31 14:20:41.623 - c.n.d.s.r.a.ConfigClusterResolver- getClusterEndpoints - Resolving eureka endpoints via configuration
[INFO ] 2024-05-31 14:25:41.627 - c.n.d.s.r.a.ConfigClusterResolver- getClusterEndpoints - Resolving eureka endpoints via configuration
[INFO ] 2024-05-31 14:30:41.707 - c.n.d.s.r.a.ConfigClusterResolver- getClusterEndpoints - Resolving eureka endpoints via configuration
[INFO ] 2024-05-31 14:34:37.928 - m.a.d.a.s.e.i.keycloakServiceImpl- addUserToKeycloak - Utilisateur créé avec succès ! 
[INFO ] 2024-05-31 14:34:38.172 - m.a.d.a.s.e.i.keycloakServiceImpl- getRole - Succès!
[INFO ] 2024-05-31 14:34:38.308 - m.a.d.a.s.e.i.keycloakServiceImpl- AssignRoleToUser - Role assigned!
[INFO ] 2024-05-31 14:35:41.733 - c.n.d.s.r.a.ConfigClusterResolver- getClusterEndpoints - Resolving eureka endpoints via configuration
[INFO ] 2024-05-31 14:40:41.748 - c.n.d.s.r.a.ConfigClusterResolver- getClusterEndpoints - Resolving eureka endpoints via configuration
[INFO ] 2024-05-31 14:45:41.776 - c.n.d.s.r.a.ConfigClusterResolver- getClusterEndpoints - Resolving eureka endpoints via configuration
[INFO ] 2024-05-31 14:50:41.887 - c.n.d.s.r.a.ConfigClusterResolver- getClusterEndpoints - Resolving eureka endpoints via configuration
[INFO ] 2024-05-31 14:55:41.896 - c.n.d.s.r.a.ConfigClusterResolver- getClusterEndpoints - Resolving eureka endpoints via configuration
[INFO ] 2024-05-31 15:00:41.902 - c.n.d.s.r.a.ConfigClusterResolver- getClusterEndpoints - Resolving eureka endpoints via configuration
[INFO ] 2024-05-31 15:05:41.912 - c.n.d.s.r.a.ConfigClusterResolver- getClusterEndpoints - Resolving eureka endpoints via configuration
[INFO ] 2024-05-31 15:10:41.925 - c.n.d.s.r.a.ConfigClusterResolver- getClusterEndpoints - Resolving eureka endpoints via configuration
[INFO ] 2024-05-31 15:15:41.943 - c.n.d.s.r.a.ConfigClusterResolver- getClusterEndpoints - Resolving eureka endpoints via configuration
[INFO ] 2024-05-31 15:20:41.956 - c.n.d.s.r.a.ConfigClusterResolver- getClusterEndpoints - Resolving eureka endpoints via configuration
[INFO ] 2024-05-31 15:25:41.972 - c.n.d.s.r.a.ConfigClusterResolver- getClusterEndpoints - Resolving eureka endpoints via configuration
[INFO ] 2024-05-31 15:30:41.988 - c.n.d.s.r.a.ConfigClusterResolver- getClusterEndpoints - Resolving eureka endpoints via configuration
[INFO ] 2024-05-31 15:35:42.046 - c.n.d.s.r.a.ConfigClusterResolver- getClusterEndpoints - Resolving eureka endpoints via configuration
[INFO ] 2024-05-31 15:40:42.050 - c.n.d.s.r.a.ConfigClusterResolver- getClusterEndpoints - Resolving eureka endpoints via configuration
[INFO ] 2024-05-31 15:45:42.061 - c.n.d.s.r.a.ConfigClusterResolver- getClusterEndpoints - Resolving eureka endpoints via configuration
[INFO ] 2024-05-31 15:50:42.074 - c.n.d.s.r.a.ConfigClusterResolver- getClusterEndpoints - Resolving eureka endpoints via configuration
[INFO ] 2024-05-31 15:55:42.080 - c.n.d.s.r.a.ConfigClusterResolver- getClusterEndpoints - Resolving eureka endpoints via configuration
[INFO ] 2024-05-31 16:00:42.088 - c.n.d.s.r.a.ConfigClusterResolver- getClusterEndpoints - Resolving eureka endpoints via configuration
[INFO ] 2024-05-31 16:05:42.109 - c.n.d.s.r.a.ConfigClusterResolver- getClusterEndpoints - Resolving eureka endpoints via configuration
[INFO ] 2024-05-31 16:10:42.111 - c.n.d.s.r.a.ConfigClusterResolver- getClusterEndpoints - Resolving eureka endpoints via configuration
[INFO ] 2024-05-31 16:15:42.127 - c.n.d.s.r.a.ConfigClusterResolver- getClusterEndpoints - Resolving eureka endpoints via configuration
[INFO ] 2024-05-31 16:20:42.132 - c.n.d.s.r.a.ConfigClusterResolver- getClusterEndpoints - Resolving eureka endpoints via configuration
[INFO ] 2024-05-31 16:25:42.138 - c.n.d.s.r.a.ConfigClusterResolver- getClusterEndpoints - Resolving eureka endpoints via configuration
[INFO ] 2024-05-31 16:30:42.144 - c.n.d.s.r.a.ConfigClusterResolver- getClusterEndpoints - Resolving eureka endpoints via configuration
[INFO ] 2024-05-31 16:35:42.165 - c.n.d.s.r.a.ConfigClusterResolver- getClusterEndpoints - Resolving eureka endpoints via configuration
[INFO ] 2024-05-31 16:40:42.173 - c.n.d.s.r.a.ConfigClusterResolver- getClusterEndpoints - Resolving eureka endpoints via configuration
[INFO ] 2024-05-31 16:45:42.187 - c.n.d.s.r.a.ConfigClusterResolver- getClusterEndpoints - Resolving eureka endpoints via configuration
[INFO ] 2024-05-31 16:50:42.195 - c.n.d.s.r.a.ConfigClusterResolver- getClusterEndpoints - Resolving eureka endpoints via configuration
[INFO ] 2024-05-31 16:55:42.201 - c.n.d.s.r.a.ConfigClusterResolver- getClusterEndpoints - Resolving eureka endpoints via configuration
[INFO ] 2024-05-31 17:00:42.217 - c.n.d.s.r.a.ConfigClusterResolver- getClusterEndpoints - Resolving eureka endpoints via configuration
[INFO ] 2024-05-31 17:05:42.223 - c.n.d.s.r.a.ConfigClusterResolver- getClusterEndpoints - Resolving eureka endpoints via configuration
[INFO ] 2024-05-31 17:10:42.239 - c.n.d.s.r.a.ConfigClusterResolver- getClusterEndpoints - Resolving eureka endpoints via configuration
[INFO ] 2024-05-31 17:15:42.244 - c.n.d.s.r.a.ConfigClusterResolver- getClusterEndpoints - Resolving eureka endpoints via configuration
[INFO ] 2024-05-31 17:20:42.247 - c.n.d.s.r.a.ConfigClusterResolver- getClusterEndpoints - Resolving eureka endpoints via configuration
[INFO ] 2024-05-31 17:25:42.248 - c.n.d.s.r.a.ConfigClusterResolver- getClusterEndpoints - Resolving eureka endpoints via configuration
[WARN ] 2024-05-31 20:14:44.221 - c.z.hikari.pool.HikariPool- run - HikariPool-1 - Thread starvation or clock leap detected (housekeeper delta=2h47m34s410ms586µs800ns).
[INFO ] 2024-05-31 20:17:50.128 - c.n.d.s.r.a.ConfigClusterResolver- getClusterEndpoints - Resolving eureka endpoints via configuration
[INFO ] 2024-05-31 20:22:50.142 - c.n.d.s.r.a.ConfigClusterResolver- getClusterEndpoints - Resolving eureka endpoints via configuration
[INFO ] 2024-05-31 20:27:50.159 - c.n.d.s.r.a.ConfigClusterResolver- getClusterEndpoints - Resolving eureka endpoints via configuration
[INFO ] 2024-05-31 20:32:50.191 - c.n.d.s.r.a.ConfigClusterResolver- getClusterEndpoints - Resolving eureka endpoints via configuration
[INFO ] 2024-05-31 20:37:50.292 - c.n.d.s.r.a.ConfigClusterResolver- getClusterEndpoints - Resolving eureka endpoints via configuration
[INFO ] 2024-05-31 20:42:50.324 - c.n.d.s.r.a.ConfigClusterResolver- getClusterEndpoints - Resolving eureka endpoints via configuration
[INFO ] 2024-05-31 20:47:50.358 - c.n.d.s.r.a.ConfigClusterResolver- getClusterEndpoints - Resolving eureka endpoints via configuration
[INFO ] 2024-05-31 20:52:50.360 - c.n.d.s.r.a.ConfigClusterResolver- getClusterEndpoints - Resolving eureka endpoints via configuration
[INFO ] 2024-05-31 20:57:50.364 - c.n.d.s.r.a.ConfigClusterResolver- getClusterEndpoints - Resolving eureka endpoints via configuration
[INFO ] 2024-05-31 21:02:50.370 - c.n.d.s.r.a.ConfigClusterResolver- getClusterEndpoints - Resolving eureka endpoints via configuration
[INFO ] 2024-05-31 21:07:50.415 - c.n.d.s.r.a.ConfigClusterResolver- getClusterEndpoints - Resolving eureka endpoints via configuration
[INFO ] 2024-05-31 21:12:50.462 - c.n.d.s.r.a.ConfigClusterResolver- getClusterEndpoints - Resolving eureka endpoints via configuration
[INFO ] 2024-05-31 21:17:50.484 - c.n.d.s.r.a.ConfigClusterResolver- getClusterEndpoints - Resolving eureka endpoints via configuration
[INFO ] 2024-05-31 21:22:50.491 - c.n.d.s.r.a.ConfigClusterResolver- getClusterEndpoints - Resolving eureka endpoints via configuration
[INFO ] 2024-05-31 21:27:50.505 - c.n.d.s.r.a.ConfigClusterResolver- getClusterEndpoints - Resolving eureka endpoints via configuration
[INFO ] 2024-05-31 21:32:50.510 - c.n.d.s.r.a.ConfigClusterResolver- getClusterEndpoints - Resolving eureka endpoints via configuration
