[INFO ] 2024-05-28 09:03:53.366 - o.h.v.internal.util.Version- <clinit> - HV000001: Hibernate Validator 6.2.0.Final
[INFO ] 2024-05-28 09:03:53.389 - m.a.d.a.ESignDocQrcodeUsersApplication- logStarting - Starting ESignDocQrcodeUsersApplication using Java 19.0.2 on DESKTOP-2MD099A with PID 3444 (C:\Users\user\Downloads\Project-esignValidation\adt-dv-administration\target\classes started by user in C:\Users\user\Downloads\Project-esignValidation\adt-dv-administration)
[INFO ] 2024-05-28 09:03:53.390 - m.a.d.a.ESignDocQrcodeUsersApplication- logStartupProfileInfo - No active profile set, falling back to default profiles: default
[INFO ] 2024-05-28 09:03:53.528 - o.s.b.c.c.ConfigDataLoader- logTo - Fetching config from server at : http://localhost:8788
[INFO ] 2024-05-28 09:03:53.529 - o.s.b.c.c.ConfigDataLoader- logTo - Located environment: name=Administration, profiles=[default], label=null, version=null, state=null
[INFO ] 2024-05-28 09:03:55.388 - o.s.d.r.c.RepositoryConfigurationDelegate- registerRepositoriesIn - Bootstrapping Spring Data JPA repositories in DEFAULT mode.
[INFO ] 2024-05-28 09:03:55.755 - o.s.d.r.c.RepositoryConfigurationDelegate- registerRepositoriesIn - Finished Spring Data repository scanning in 349 ms. Found 3 JPA repository interfaces.
[INFO ] 2024-05-28 09:03:56.223 - o.s.c.c.scope.GenericScope- setSerializationId - BeanFactory id=769b0fe6-a2bb-3c25-b916-5f3bcb76aa90
[INFO ] 2024-05-28 09:03:56.557 - o.s.c.s.PostProcessorRegistrationDelegate$BeanPostProcessorChecker- postProcessAfterInitialization - Bean 'org.springframework.security.access.expression.method.DefaultMethodSecurityExpressionHandler@341c6ac2' of type [org.springframework.security.access.expression.method.DefaultMethodSecurityExpressionHandler] is not eligible for getting processed by all BeanPostProcessors (for example: not eligible for auto-proxying)
[INFO ] 2024-05-28 09:03:56.565 - o.s.c.s.PostProcessorRegistrationDelegate$BeanPostProcessorChecker- postProcessAfterInitialization - Bean 'methodSecurityMetadataSource' of type [org.springframework.security.access.method.DelegatingMethodSecurityMetadataSource] is not eligible for getting processed by all BeanPostProcessors (for example: not eligible for auto-proxying)
[INFO ] 2024-05-28 09:03:57.032 - o.s.b.w.e.t.TomcatWebServer- initialize - Tomcat initialized with port(s): 2345 (http)
[INFO ] 2024-05-28 09:03:57.045 - o.a.c.http11.Http11NioProtocol- log - Initializing ProtocolHandler ["http-nio-2345"]
[INFO ] 2024-05-28 09:03:57.045 - o.a.c.core.StandardService- log - Starting service [Tomcat]
[INFO ] 2024-05-28 09:03:57.048 - o.a.c.core.StandardEngine- log - Starting Servlet engine: [Apache Tomcat/9.0.46]
[INFO ] 2024-05-28 09:03:57.274 - o.a.c.c.C.[.[localhost].[/]- log - Initializing Spring embedded WebApplicationContext
[INFO ] 2024-05-28 09:03:57.275 - o.s.b.w.s.c.ServletWebServerApplicationContext- prepareWebApplicationContext - Root WebApplicationContext: initialization completed in 3743 ms
[INFO ] 2024-05-28 09:03:57.467 - c.z.hikari.HikariDataSource- getConnection - HikariPool-1 - Starting...
[ERROR] 2024-05-28 09:03:58.550 - c.z.hikari.pool.HikariPool- throwPoolInitializationException - HikariPool-1 - Exception during pool initialization.
org.postgresql.util.PSQLException: Connection to localhost:8001 refused. Check that the hostname and port are correct and that the postmaster is accepting TCP/IP connections.
	at org.postgresql.core.v3.ConnectionFactoryImpl.openConnectionImpl(ConnectionFactoryImpl.java:303)
	at org.postgresql.core.ConnectionFactory.openConnection(ConnectionFactory.java:51)
	at org.postgresql.jdbc.PgConnection.<init>(PgConnection.java:223)
	at org.postgresql.Driver.makeConnection(Driver.java:465)
	at org.postgresql.Driver.connect(Driver.java:264)
	at com.zaxxer.hikari.util.DriverDataSource.getConnection(DriverDataSource.java:138)
	at com.zaxxer.hikari.pool.PoolBase.newConnection(PoolBase.java:364)
	at com.zaxxer.hikari.pool.PoolBase.newPoolEntry(PoolBase.java:206)
	at com.zaxxer.hikari.pool.HikariPool.createPoolEntry(HikariPool.java:476)
	at com.zaxxer.hikari.pool.HikariPool.checkFailFast(HikariPool.java:561)
	at com.zaxxer.hikari.pool.HikariPool.<init>(HikariPool.java:115)
	at com.zaxxer.hikari.HikariDataSource.getConnection(HikariDataSource.java:112)
	at org.springframework.jdbc.datasource.DataSourceUtils.fetchConnection(DataSourceUtils.java:158)
	at org.springframework.jdbc.datasource.DataSourceUtils.doGetConnection(DataSourceUtils.java:116)
	at org.springframework.jdbc.datasource.DataSourceUtils.getConnection(DataSourceUtils.java:79)
	at org.springframework.jdbc.core.JdbcTemplate.execute(JdbcTemplate.java:330)
	at org.springframework.boot.jdbc.EmbeddedDatabaseConnection.isEmbedded(EmbeddedDatabaseConnection.java:184)
	at org.springframework.boot.jdbc.init.DataSourceScriptDatabaseInitializer.isEmbeddedDatabase(DataSourceScriptDatabaseInitializer.java:64)
	at org.springframework.boot.sql.init.AbstractScriptDatabaseInitializer.isEnabled(AbstractScriptDatabaseInitializer.java:87)
	at org.springframework.boot.sql.init.AbstractScriptDatabaseInitializer.initializeDatabase(AbstractScriptDatabaseInitializer.java:74)
	at org.springframework.boot.sql.init.AbstractScriptDatabaseInitializer.afterPropertiesSet(AbstractScriptDatabaseInitializer.java:65)
	at org.springframework.beans.factory.support.AbstractAutowireCapableBeanFactory.invokeInitMethods(AbstractAutowireCapableBeanFactory.java:1845)
	at org.springframework.beans.factory.support.AbstractAutowireCapableBeanFactory.initializeBean(AbstractAutowireCapableBeanFactory.java:1782)
	at org.springframework.beans.factory.support.AbstractAutowireCapableBeanFactory.doCreateBean(AbstractAutowireCapableBeanFactory.java:602)
	at org.springframework.beans.factory.support.AbstractAutowireCapableBeanFactory.createBean(AbstractAutowireCapableBeanFactory.java:524)
	at org.springframework.beans.factory.support.AbstractBeanFactory.lambda$doGetBean$0(AbstractBeanFactory.java:335)
	at org.springframework.beans.factory.support.DefaultSingletonBeanRegistry.getSingleton(DefaultSingletonBeanRegistry.java:234)
	at org.springframework.beans.factory.support.AbstractBeanFactory.doGetBean(AbstractBeanFactory.java:333)
	at org.springframework.beans.factory.support.AbstractBeanFactory.getBean(AbstractBeanFactory.java:208)
	at org.springframework.beans.factory.support.AbstractBeanFactory.doGetBean(AbstractBeanFactory.java:322)
	at org.springframework.beans.factory.support.AbstractBeanFactory.getBean(AbstractBeanFactory.java:208)
	at org.springframework.context.support.AbstractApplicationContext.getBean(AbstractApplicationContext.java:1154)
	at org.springframework.context.support.AbstractApplicationContext.finishBeanFactoryInitialization(AbstractApplicationContext.java:908)
	at org.springframework.context.support.AbstractApplicationContext.refresh(AbstractApplicationContext.java:583)
	at org.springframework.boot.web.servlet.context.ServletWebServerApplicationContext.refresh(ServletWebServerApplicationContext.java:145)
	at org.springframework.boot.SpringApplication.refresh(SpringApplication.java:754)
	at org.springframework.boot.SpringApplication.refreshContext(SpringApplication.java:434)
	at org.springframework.boot.SpringApplication.run(SpringApplication.java:338)
	at org.springframework.boot.SpringApplication.run(SpringApplication.java:1343)
	at org.springframework.boot.SpringApplication.run(SpringApplication.java:1332)
	at ma.adria.document_validation.administration.ESignDocQrcodeUsersApplication.main(ESignDocQrcodeUsersApplication.java:25)
Caused by: java.net.ConnectException: Connection refused: no further information
	at java.base/sun.nio.ch.Net.pollConnect(Native Method)
	at java.base/sun.nio.ch.Net.pollConnectNow(Net.java:672)
	at java.base/sun.nio.ch.NioSocketImpl.timedFinishConnect(NioSocketImpl.java:535)
	at java.base/sun.nio.ch.NioSocketImpl.connect(NioSocketImpl.java:585)
	at java.base/java.net.SocksSocketImpl.connect(SocksSocketImpl.java:327)
	at java.base/java.net.Socket.connect(Socket.java:666)
	at org.postgresql.core.PGStream.createSocket(PGStream.java:231)
	at org.postgresql.core.PGStream.<init>(PGStream.java:95)
	at org.postgresql.core.v3.ConnectionFactoryImpl.tryConnect(ConnectionFactoryImpl.java:98)
	at org.postgresql.core.v3.ConnectionFactoryImpl.openConnectionImpl(ConnectionFactoryImpl.java:213)
	... 40 common frames omitted
[INFO ] 2024-05-28 09:03:58.712 - o.h.j.internal.util.LogHelper- logPersistenceUnitInformation - HHH000204: Processing PersistenceUnitInfo [name: default]
[INFO ] 2024-05-28 09:03:58.909 - org.hibernate.Version- logVersion - HHH000412: Hibernate ORM core version 5.4.32.Final
[INFO ] 2024-05-28 09:03:59.378 - o.h.annotations.common.Version- <clinit> - HCANN000001: Hibernate Commons Annotations {5.1.2.Final}
[INFO ] 2024-05-28 09:03:59.780 - c.z.hikari.HikariDataSource- getConnection - HikariPool-1 - Starting...
[ERROR] 2024-05-28 09:04:00.797 - c.z.hikari.pool.HikariPool- throwPoolInitializationException - HikariPool-1 - Exception during pool initialization.
org.postgresql.util.PSQLException: Connection to localhost:8001 refused. Check that the hostname and port are correct and that the postmaster is accepting TCP/IP connections.
	at org.postgresql.core.v3.ConnectionFactoryImpl.openConnectionImpl(ConnectionFactoryImpl.java:303)
	at org.postgresql.core.ConnectionFactory.openConnection(ConnectionFactory.java:51)
	at org.postgresql.jdbc.PgConnection.<init>(PgConnection.java:223)
	at org.postgresql.Driver.makeConnection(Driver.java:465)
	at org.postgresql.Driver.connect(Driver.java:264)
	at com.zaxxer.hikari.util.DriverDataSource.getConnection(DriverDataSource.java:138)
	at com.zaxxer.hikari.pool.PoolBase.newConnection(PoolBase.java:364)
	at com.zaxxer.hikari.pool.PoolBase.newPoolEntry(PoolBase.java:206)
	at com.zaxxer.hikari.pool.HikariPool.createPoolEntry(HikariPool.java:476)
	at com.zaxxer.hikari.pool.HikariPool.checkFailFast(HikariPool.java:561)
	at com.zaxxer.hikari.pool.HikariPool.<init>(HikariPool.java:115)
	at com.zaxxer.hikari.HikariDataSource.getConnection(HikariDataSource.java:112)
	at org.hibernate.engine.jdbc.connections.internal.DatasourceConnectionProviderImpl.getConnection(DatasourceConnectionProviderImpl.java:122)
	at org.hibernate.engine.jdbc.env.internal.JdbcEnvironmentInitiator$ConnectionProviderJdbcConnectionAccess.obtainConnection(JdbcEnvironmentInitiator.java:180)
	at org.hibernate.engine.jdbc.env.internal.JdbcEnvironmentInitiator.initiateService(JdbcEnvironmentInitiator.java:68)
	at org.hibernate.engine.jdbc.env.internal.JdbcEnvironmentInitiator.initiateService(JdbcEnvironmentInitiator.java:35)
	at org.hibernate.boot.registry.internal.StandardServiceRegistryImpl.initiateService(StandardServiceRegistryImpl.java:101)
	at org.hibernate.service.internal.AbstractServiceRegistryImpl.createService(AbstractServiceRegistryImpl.java:263)
	at org.hibernate.service.internal.AbstractServiceRegistryImpl.initializeService(AbstractServiceRegistryImpl.java:237)
	at org.hibernate.service.internal.AbstractServiceRegistryImpl.getService(AbstractServiceRegistryImpl.java:214)
	at org.hibernate.id.factory.internal.DefaultIdentifierGeneratorFactory.injectServices(DefaultIdentifierGeneratorFactory.java:152)
	at org.hibernate.service.internal.AbstractServiceRegistryImpl.injectDependencies(AbstractServiceRegistryImpl.java:286)
	at org.hibernate.service.internal.AbstractServiceRegistryImpl.initializeService(AbstractServiceRegistryImpl.java:243)
	at org.hibernate.service.internal.AbstractServiceRegistryImpl.getService(AbstractServiceRegistryImpl.java:214)
	at org.hibernate.boot.internal.InFlightMetadataCollectorImpl.<init>(InFlightMetadataCollectorImpl.java:176)
	at org.hibernate.boot.model.process.spi.MetadataBuildingProcess.complete(MetadataBuildingProcess.java:127)
	at org.hibernate.jpa.boot.internal.EntityManagerFactoryBuilderImpl.metadata(EntityManagerFactoryBuilderImpl.java:1224)
	at org.hibernate.jpa.boot.internal.EntityManagerFactoryBuilderImpl.build(EntityManagerFactoryBuilderImpl.java:1255)
	at org.springframework.orm.jpa.vendor.SpringHibernateJpaPersistenceProvider.createContainerEntityManagerFactory(SpringHibernateJpaPersistenceProvider.java:58)
	at org.springframework.orm.jpa.LocalContainerEntityManagerFactoryBean.createNativeEntityManagerFactory(LocalContainerEntityManagerFactoryBean.java:365)
	at org.springframework.orm.jpa.AbstractEntityManagerFactoryBean.buildNativeEntityManagerFactory(AbstractEntityManagerFactoryBean.java:409)
	at org.springframework.orm.jpa.AbstractEntityManagerFactoryBean.afterPropertiesSet(AbstractEntityManagerFactoryBean.java:396)
	at org.springframework.orm.jpa.LocalContainerEntityManagerFactoryBean.afterPropertiesSet(LocalContainerEntityManagerFactoryBean.java:341)
	at org.springframework.beans.factory.support.AbstractAutowireCapableBeanFactory.invokeInitMethods(AbstractAutowireCapableBeanFactory.java:1845)
	at org.springframework.beans.factory.support.AbstractAutowireCapableBeanFactory.initializeBean(AbstractAutowireCapableBeanFactory.java:1782)
	at org.springframework.beans.factory.support.AbstractAutowireCapableBeanFactory.doCreateBean(AbstractAutowireCapableBeanFactory.java:602)
	at org.springframework.beans.factory.support.AbstractAutowireCapableBeanFactory.createBean(AbstractAutowireCapableBeanFactory.java:524)
	at org.springframework.beans.factory.support.AbstractBeanFactory.lambda$doGetBean$0(AbstractBeanFactory.java:335)
	at org.springframework.beans.factory.support.DefaultSingletonBeanRegistry.getSingleton(DefaultSingletonBeanRegistry.java:234)
	at org.springframework.beans.factory.support.AbstractBeanFactory.doGetBean(AbstractBeanFactory.java:333)
	at org.springframework.beans.factory.support.AbstractBeanFactory.getBean(AbstractBeanFactory.java:208)
	at org.springframework.context.support.AbstractApplicationContext.getBean(AbstractApplicationContext.java:1154)
	at org.springframework.context.support.AbstractApplicationContext.finishBeanFactoryInitialization(AbstractApplicationContext.java:908)
	at org.springframework.context.support.AbstractApplicationContext.refresh(AbstractApplicationContext.java:583)
	at org.springframework.boot.web.servlet.context.ServletWebServerApplicationContext.refresh(ServletWebServerApplicationContext.java:145)
	at org.springframework.boot.SpringApplication.refresh(SpringApplication.java:754)
	at org.springframework.boot.SpringApplication.refreshContext(SpringApplication.java:434)
	at org.springframework.boot.SpringApplication.run(SpringApplication.java:338)
	at org.springframework.boot.SpringApplication.run(SpringApplication.java:1343)
	at org.springframework.boot.SpringApplication.run(SpringApplication.java:1332)
	at ma.adria.document_validation.administration.ESignDocQrcodeUsersApplication.main(ESignDocQrcodeUsersApplication.java:25)
Caused by: java.net.ConnectException: Connection refused: no further information
	at java.base/sun.nio.ch.Net.pollConnect(Native Method)
	at java.base/sun.nio.ch.Net.pollConnectNow(Net.java:672)
	at java.base/sun.nio.ch.NioSocketImpl.timedFinishConnect(NioSocketImpl.java:535)
	at java.base/sun.nio.ch.NioSocketImpl.connect(NioSocketImpl.java:585)
	at java.base/java.net.SocksSocketImpl.connect(SocksSocketImpl.java:327)
	at java.base/java.net.Socket.connect(Socket.java:666)
	at org.postgresql.core.PGStream.createSocket(PGStream.java:231)
	at org.postgresql.core.PGStream.<init>(PGStream.java:95)
	at org.postgresql.core.v3.ConnectionFactoryImpl.tryConnect(ConnectionFactoryImpl.java:98)
	at org.postgresql.core.v3.ConnectionFactoryImpl.openConnectionImpl(ConnectionFactoryImpl.java:213)
	... 50 common frames omitted
[WARN ] 2024-05-28 09:04:00.798 - o.h.e.j.e.i.JdbcEnvironmentInitiator- initiateService - HHH000342: Could not obtain connection to query metadata
org.postgresql.util.PSQLException: Connection to localhost:8001 refused. Check that the hostname and port are correct and that the postmaster is accepting TCP/IP connections.
	at org.postgresql.core.v3.ConnectionFactoryImpl.openConnectionImpl(ConnectionFactoryImpl.java:303)
	at org.postgresql.core.ConnectionFactory.openConnection(ConnectionFactory.java:51)
	at org.postgresql.jdbc.PgConnection.<init>(PgConnection.java:223)
	at org.postgresql.Driver.makeConnection(Driver.java:465)
	at org.postgresql.Driver.connect(Driver.java:264)
	at com.zaxxer.hikari.util.DriverDataSource.getConnection(DriverDataSource.java:138)
	at com.zaxxer.hikari.pool.PoolBase.newConnection(PoolBase.java:364)
	at com.zaxxer.hikari.pool.PoolBase.newPoolEntry(PoolBase.java:206)
	at com.zaxxer.hikari.pool.HikariPool.createPoolEntry(HikariPool.java:476)
	at com.zaxxer.hikari.pool.HikariPool.checkFailFast(HikariPool.java:561)
	at com.zaxxer.hikari.pool.HikariPool.<init>(HikariPool.java:115)
	at com.zaxxer.hikari.HikariDataSource.getConnection(HikariDataSource.java:112)
	at org.hibernate.engine.jdbc.connections.internal.DatasourceConnectionProviderImpl.getConnection(DatasourceConnectionProviderImpl.java:122)
	at org.hibernate.engine.jdbc.env.internal.JdbcEnvironmentInitiator$ConnectionProviderJdbcConnectionAccess.obtainConnection(JdbcEnvironmentInitiator.java:180)
	at org.hibernate.engine.jdbc.env.internal.JdbcEnvironmentInitiator.initiateService(JdbcEnvironmentInitiator.java:68)
	at org.hibernate.engine.jdbc.env.internal.JdbcEnvironmentInitiator.initiateService(JdbcEnvironmentInitiator.java:35)
	at org.hibernate.boot.registry.internal.StandardServiceRegistryImpl.initiateService(StandardServiceRegistryImpl.java:101)
	at org.hibernate.service.internal.AbstractServiceRegistryImpl.createService(AbstractServiceRegistryImpl.java:263)
	at org.hibernate.service.internal.AbstractServiceRegistryImpl.initializeService(AbstractServiceRegistryImpl.java:237)
	at org.hibernate.service.internal.AbstractServiceRegistryImpl.getService(AbstractServiceRegistryImpl.java:214)
	at org.hibernate.id.factory.internal.DefaultIdentifierGeneratorFactory.injectServices(DefaultIdentifierGeneratorFactory.java:152)
	at org.hibernate.service.internal.AbstractServiceRegistryImpl.injectDependencies(AbstractServiceRegistryImpl.java:286)
	at org.hibernate.service.internal.AbstractServiceRegistryImpl.initializeService(AbstractServiceRegistryImpl.java:243)
	at org.hibernate.service.internal.AbstractServiceRegistryImpl.getService(AbstractServiceRegistryImpl.java:214)
	at org.hibernate.boot.internal.InFlightMetadataCollectorImpl.<init>(InFlightMetadataCollectorImpl.java:176)
	at org.hibernate.boot.model.process.spi.MetadataBuildingProcess.complete(MetadataBuildingProcess.java:127)
	at org.hibernate.jpa.boot.internal.EntityManagerFactoryBuilderImpl.metadata(EntityManagerFactoryBuilderImpl.java:1224)
	at org.hibernate.jpa.boot.internal.EntityManagerFactoryBuilderImpl.build(EntityManagerFactoryBuilderImpl.java:1255)
	at org.springframework.orm.jpa.vendor.SpringHibernateJpaPersistenceProvider.createContainerEntityManagerFactory(SpringHibernateJpaPersistenceProvider.java:58)
	at org.springframework.orm.jpa.LocalContainerEntityManagerFactoryBean.createNativeEntityManagerFactory(LocalContainerEntityManagerFactoryBean.java:365)
	at org.springframework.orm.jpa.AbstractEntityManagerFactoryBean.buildNativeEntityManagerFactory(AbstractEntityManagerFactoryBean.java:409)
	at org.springframework.orm.jpa.AbstractEntityManagerFactoryBean.afterPropertiesSet(AbstractEntityManagerFactoryBean.java:396)
	at org.springframework.orm.jpa.LocalContainerEntityManagerFactoryBean.afterPropertiesSet(LocalContainerEntityManagerFactoryBean.java:341)
	at org.springframework.beans.factory.support.AbstractAutowireCapableBeanFactory.invokeInitMethods(AbstractAutowireCapableBeanFactory.java:1845)
	at org.springframework.beans.factory.support.AbstractAutowireCapableBeanFactory.initializeBean(AbstractAutowireCapableBeanFactory.java:1782)
	at org.springframework.beans.factory.support.AbstractAutowireCapableBeanFactory.doCreateBean(AbstractAutowireCapableBeanFactory.java:602)
	at org.springframework.beans.factory.support.AbstractAutowireCapableBeanFactory.createBean(AbstractAutowireCapableBeanFactory.java:524)
	at org.springframework.beans.factory.support.AbstractBeanFactory.lambda$doGetBean$0(AbstractBeanFactory.java:335)
	at org.springframework.beans.factory.support.DefaultSingletonBeanRegistry.getSingleton(DefaultSingletonBeanRegistry.java:234)
	at org.springframework.beans.factory.support.AbstractBeanFactory.doGetBean(AbstractBeanFactory.java:333)
	at org.springframework.beans.factory.support.AbstractBeanFactory.getBean(AbstractBeanFactory.java:208)
	at org.springframework.context.support.AbstractApplicationContext.getBean(AbstractApplicationContext.java:1154)
	at org.springframework.context.support.AbstractApplicationContext.finishBeanFactoryInitialization(AbstractApplicationContext.java:908)
	at org.springframework.context.support.AbstractApplicationContext.refresh(AbstractApplicationContext.java:583)
	at org.springframework.boot.web.servlet.context.ServletWebServerApplicationContext.refresh(ServletWebServerApplicationContext.java:145)
	at org.springframework.boot.SpringApplication.refresh(SpringApplication.java:754)
	at org.springframework.boot.SpringApplication.refreshContext(SpringApplication.java:434)
	at org.springframework.boot.SpringApplication.run(SpringApplication.java:338)
	at org.springframework.boot.SpringApplication.run(SpringApplication.java:1343)
	at org.springframework.boot.SpringApplication.run(SpringApplication.java:1332)
	at ma.adria.document_validation.administration.ESignDocQrcodeUsersApplication.main(ESignDocQrcodeUsersApplication.java:25)
Caused by: java.net.ConnectException: Connection refused: no further information
	at java.base/sun.nio.ch.Net.pollConnect(Native Method)
	at java.base/sun.nio.ch.Net.pollConnectNow(Net.java:672)
	at java.base/sun.nio.ch.NioSocketImpl.timedFinishConnect(NioSocketImpl.java:535)
	at java.base/sun.nio.ch.NioSocketImpl.connect(NioSocketImpl.java:585)
	at java.base/java.net.SocksSocketImpl.connect(SocksSocketImpl.java:327)
	at java.base/java.net.Socket.connect(Socket.java:666)
	at org.postgresql.core.PGStream.createSocket(PGStream.java:231)
	at org.postgresql.core.PGStream.<init>(PGStream.java:95)
	at org.postgresql.core.v3.ConnectionFactoryImpl.tryConnect(ConnectionFactoryImpl.java:98)
	at org.postgresql.core.v3.ConnectionFactoryImpl.openConnectionImpl(ConnectionFactoryImpl.java:213)
	... 50 common frames omitted
[ERROR] 2024-05-28 09:04:00.805 - o.s.o.j.LocalContainerEntityManagerFactoryBean- buildNativeEntityManagerFactory - Failed to initialize JPA EntityManagerFactory: Unable to create requested service [org.hibernate.engine.jdbc.env.spi.JdbcEnvironment]
[WARN ] 2024-05-28 09:04:00.805 - o.s.b.w.s.c.AnnotationConfigServletWebServerApplicationContext- refresh - Exception encountered during context initialization - cancelling refresh attempt: org.springframework.beans.factory.BeanCreationException: Error creating bean with name 'entityManagerFactory' defined in class path resource [org/springframework/boot/autoconfigure/orm/jpa/HibernateJpaConfiguration.class]: Invocation of init method failed; nested exception is org.hibernate.service.spi.ServiceException: Unable to create requested service [org.hibernate.engine.jdbc.env.spi.JdbcEnvironment]
[INFO ] 2024-05-28 09:04:00.812 - o.a.c.core.StandardService- log - Stopping service [Tomcat]
[INFO ] 2024-05-28 09:04:00.826 - o.s.b.a.l.ConditionEvaluationReportLoggingListener- logMessage - 

Error starting ApplicationContext. To display the conditions report re-run your application with 'debug' enabled.
[ERROR] 2024-05-28 09:04:00.847 - o.s.boot.SpringApplication- reportFailure - Application run failed
org.springframework.beans.factory.BeanCreationException: Error creating bean with name 'entityManagerFactory' defined in class path resource [org/springframework/boot/autoconfigure/orm/jpa/HibernateJpaConfiguration.class]: Invocation of init method failed; nested exception is org.hibernate.service.spi.ServiceException: Unable to create requested service [org.hibernate.engine.jdbc.env.spi.JdbcEnvironment]
	at org.springframework.beans.factory.support.AbstractAutowireCapableBeanFactory.initializeBean(AbstractAutowireCapableBeanFactory.java:1786)
	at org.springframework.beans.factory.support.AbstractAutowireCapableBeanFactory.doCreateBean(AbstractAutowireCapableBeanFactory.java:602)
	at org.springframework.beans.factory.support.AbstractAutowireCapableBeanFactory.createBean(AbstractAutowireCapableBeanFactory.java:524)
	at org.springframework.beans.factory.support.AbstractBeanFactory.lambda$doGetBean$0(AbstractBeanFactory.java:335)
	at org.springframework.beans.factory.support.DefaultSingletonBeanRegistry.getSingleton(DefaultSingletonBeanRegistry.java:234)
	at org.springframework.beans.factory.support.AbstractBeanFactory.doGetBean(AbstractBeanFactory.java:333)
	at org.springframework.beans.factory.support.AbstractBeanFactory.getBean(AbstractBeanFactory.java:208)
	at org.springframework.context.support.AbstractApplicationContext.getBean(AbstractApplicationContext.java:1154)
	at org.springframework.context.support.AbstractApplicationContext.finishBeanFactoryInitialization(AbstractApplicationContext.java:908)
	at org.springframework.context.support.AbstractApplicationContext.refresh(AbstractApplicationContext.java:583)
	at org.springframework.boot.web.servlet.context.ServletWebServerApplicationContext.refresh(ServletWebServerApplicationContext.java:145)
	at org.springframework.boot.SpringApplication.refresh(SpringApplication.java:754)
	at org.springframework.boot.SpringApplication.refreshContext(SpringApplication.java:434)
	at org.springframework.boot.SpringApplication.run(SpringApplication.java:338)
	at org.springframework.boot.SpringApplication.run(SpringApplication.java:1343)
	at org.springframework.boot.SpringApplication.run(SpringApplication.java:1332)
	at ma.adria.document_validation.administration.ESignDocQrcodeUsersApplication.main(ESignDocQrcodeUsersApplication.java:25)
Caused by: org.hibernate.service.spi.ServiceException: Unable to create requested service [org.hibernate.engine.jdbc.env.spi.JdbcEnvironment]
	at org.hibernate.service.internal.AbstractServiceRegistryImpl.createService(AbstractServiceRegistryImpl.java:275)
	at org.hibernate.service.internal.AbstractServiceRegistryImpl.initializeService(AbstractServiceRegistryImpl.java:237)
	at org.hibernate.service.internal.AbstractServiceRegistryImpl.getService(AbstractServiceRegistryImpl.java:214)
	at org.hibernate.id.factory.internal.DefaultIdentifierGeneratorFactory.injectServices(DefaultIdentifierGeneratorFactory.java:152)
	at org.hibernate.service.internal.AbstractServiceRegistryImpl.injectDependencies(AbstractServiceRegistryImpl.java:286)
	at org.hibernate.service.internal.AbstractServiceRegistryImpl.initializeService(AbstractServiceRegistryImpl.java:243)
	at org.hibernate.service.internal.AbstractServiceRegistryImpl.getService(AbstractServiceRegistryImpl.java:214)
	at org.hibernate.boot.internal.InFlightMetadataCollectorImpl.<init>(InFlightMetadataCollectorImpl.java:176)
	at org.hibernate.boot.model.process.spi.MetadataBuildingProcess.complete(MetadataBuildingProcess.java:127)
	at org.hibernate.jpa.boot.internal.EntityManagerFactoryBuilderImpl.metadata(EntityManagerFactoryBuilderImpl.java:1224)
	at org.hibernate.jpa.boot.internal.EntityManagerFactoryBuilderImpl.build(EntityManagerFactoryBuilderImpl.java:1255)
	at org.springframework.orm.jpa.vendor.SpringHibernateJpaPersistenceProvider.createContainerEntityManagerFactory(SpringHibernateJpaPersistenceProvider.java:58)
	at org.springframework.orm.jpa.LocalContainerEntityManagerFactoryBean.createNativeEntityManagerFactory(LocalContainerEntityManagerFactoryBean.java:365)
	at org.springframework.orm.jpa.AbstractEntityManagerFactoryBean.buildNativeEntityManagerFactory(AbstractEntityManagerFactoryBean.java:409)
	at org.springframework.orm.jpa.AbstractEntityManagerFactoryBean.afterPropertiesSet(AbstractEntityManagerFactoryBean.java:396)
	at org.springframework.orm.jpa.LocalContainerEntityManagerFactoryBean.afterPropertiesSet(LocalContainerEntityManagerFactoryBean.java:341)
	at org.springframework.beans.factory.support.AbstractAutowireCapableBeanFactory.invokeInitMethods(AbstractAutowireCapableBeanFactory.java:1845)
	at org.springframework.beans.factory.support.AbstractAutowireCapableBeanFactory.initializeBean(AbstractAutowireCapableBeanFactory.java:1782)
	... 16 common frames omitted
Caused by: org.hibernate.HibernateException: Access to DialectResolutionInfo cannot be null when 'hibernate.dialect' not set
	at org.hibernate.engine.jdbc.dialect.internal.DialectFactoryImpl.determineDialect(DialectFactoryImpl.java:100)
	at org.hibernate.engine.jdbc.dialect.internal.DialectFactoryImpl.buildDialect(DialectFactoryImpl.java:54)
	at org.hibernate.engine.jdbc.env.internal.JdbcEnvironmentInitiator.initiateService(JdbcEnvironmentInitiator.java:137)
	at org.hibernate.engine.jdbc.env.internal.JdbcEnvironmentInitiator.initiateService(JdbcEnvironmentInitiator.java:35)
	at org.hibernate.boot.registry.internal.StandardServiceRegistryImpl.initiateService(StandardServiceRegistryImpl.java:101)
	at org.hibernate.service.internal.AbstractServiceRegistryImpl.createService(AbstractServiceRegistryImpl.java:263)
	... 33 common frames omitted
[INFO ] 2024-05-28 09:09:11.523 - o.h.v.internal.util.Version- <clinit> - HV000001: Hibernate Validator 6.2.0.Final
[INFO ] 2024-05-28 09:09:11.515 - m.a.d.a.ESignDocQrcodeUsersApplication- logStarting - Starting ESignDocQrcodeUsersApplication using Java 19.0.2 on DESKTOP-2MD099A with PID 12132 (C:\Users\user\Downloads\Project-esignValidation\adt-dv-administration\target\classes started by user in C:\Users\user\Downloads\Project-esignValidation\adt-dv-administration)
[INFO ] 2024-05-28 09:09:11.532 - m.a.d.a.ESignDocQrcodeUsersApplication- logStartupProfileInfo - No active profile set, falling back to default profiles: default
[INFO ] 2024-05-28 09:09:11.678 - o.s.b.c.c.ConfigDataLoader- logTo - Fetching config from server at : http://localhost:8788
[INFO ] 2024-05-28 09:09:11.679 - o.s.b.c.c.ConfigDataLoader- logTo - Located environment: name=Administration, profiles=[default], label=null, version=null, state=null
[INFO ] 2024-05-28 09:09:13.852 - o.s.d.r.c.RepositoryConfigurationDelegate- registerRepositoriesIn - Bootstrapping Spring Data JPA repositories in DEFAULT mode.
[INFO ] 2024-05-28 09:09:14.389 - o.s.d.r.c.RepositoryConfigurationDelegate- registerRepositoriesIn - Finished Spring Data repository scanning in 518 ms. Found 3 JPA repository interfaces.
[INFO ] 2024-05-28 09:09:15.014 - o.s.c.c.scope.GenericScope- setSerializationId - BeanFactory id=769b0fe6-a2bb-3c25-b916-5f3bcb76aa90
[INFO ] 2024-05-28 09:09:15.468 - o.s.c.s.PostProcessorRegistrationDelegate$BeanPostProcessorChecker- postProcessAfterInitialization - Bean 'org.springframework.security.access.expression.method.DefaultMethodSecurityExpressionHandler@787178b1' of type [org.springframework.security.access.expression.method.DefaultMethodSecurityExpressionHandler] is not eligible for getting processed by all BeanPostProcessors (for example: not eligible for auto-proxying)
[INFO ] 2024-05-28 09:09:15.483 - o.s.c.s.PostProcessorRegistrationDelegate$BeanPostProcessorChecker- postProcessAfterInitialization - Bean 'methodSecurityMetadataSource' of type [org.springframework.security.access.method.DelegatingMethodSecurityMetadataSource] is not eligible for getting processed by all BeanPostProcessors (for example: not eligible for auto-proxying)
[INFO ] 2024-05-28 09:09:16.324 - o.s.b.w.e.t.TomcatWebServer- initialize - Tomcat initialized with port(s): 2345 (http)
[INFO ] 2024-05-28 09:09:16.351 - o.a.c.http11.Http11NioProtocol- log - Initializing ProtocolHandler ["http-nio-2345"]
[INFO ] 2024-05-28 09:09:16.352 - o.a.c.core.StandardService- log - Starting service [Tomcat]
[INFO ] 2024-05-28 09:09:16.353 - o.a.c.core.StandardEngine- log - Starting Servlet engine: [Apache Tomcat/9.0.46]
[INFO ] 2024-05-28 09:09:16.694 - o.a.c.c.C.[.[localhost].[/]- log - Initializing Spring embedded WebApplicationContext
[INFO ] 2024-05-28 09:09:16.694 - o.s.b.w.s.c.ServletWebServerApplicationContext- prepareWebApplicationContext - Root WebApplicationContext: initialization completed in 5013 ms
[INFO ] 2024-05-28 09:09:17.031 - c.z.hikari.HikariDataSource- getConnection - HikariPool-1 - Starting...
[INFO ] 2024-05-28 09:09:17.419 - c.z.hikari.HikariDataSource- getConnection - HikariPool-1 - Start completed.
[INFO ] 2024-05-28 09:09:17.695 - o.h.j.internal.util.LogHelper- logPersistenceUnitInformation - HHH000204: Processing PersistenceUnitInfo [name: default]
[INFO ] 2024-05-28 09:09:17.892 - org.hibernate.Version- logVersion - HHH000412: Hibernate ORM core version 5.4.32.Final
[INFO ] 2024-05-28 09:09:18.372 - o.h.annotations.common.Version- <clinit> - HCANN000001: Hibernate Commons Annotations {5.1.2.Final}
[INFO ] 2024-05-28 09:09:18.760 - org.hibernate.dialect.Dialect- <init> - HHH000400: Using dialect: org.hibernate.dialect.PostgreSQL10Dialect
[INFO ] 2024-05-28 09:09:21.041 - o.h.e.t.j.p.i.JtaPlatformInitiator- initiateService - HHH000490: Using JtaPlatform implementation: [org.hibernate.engine.transaction.jta.platform.internal.NoJtaPlatform]
[INFO ] 2024-05-28 09:09:21.067 - o.s.o.j.LocalContainerEntityManagerFactoryBean- buildNativeEntityManagerFactory - Initialized JPA EntityManagerFactory for persistence unit 'default'
[INFO ] 2024-05-28 09:09:23.465 - o.s.s.w.DefaultSecurityFilterChain- <init> - Will secure any request with [org.springframework.security.web.context.request.async.WebAsyncManagerIntegrationFilter@5ab1107d, org.springframework.security.web.context.SecurityContextPersistenceFilter@3be2ef56, org.springframework.security.web.header.HeaderWriterFilter@3c00da24, org.springframework.security.web.csrf.CsrfFilter@7bbe5548, org.springframework.security.web.authentication.logout.LogoutFilter@53850535, org.springframework.security.oauth2.server.resource.web.BearerTokenAuthenticationFilter@347f0950, org.springframework.security.web.savedrequest.RequestCacheAwareFilter@672549f3, org.springframework.security.web.servletapi.SecurityContextHolderAwareRequestFilter@4791d904, org.springframework.security.web.authentication.AnonymousAuthenticationFilter@671561b9, org.springframework.security.web.session.SessionManagementFilter@60cbba57, org.springframework.security.web.access.ExceptionTranslationFilter@52dc71b2, org.springframework.security.web.access.intercept.AuthorizationFilter@55da6bf]
[WARN ] 2024-05-28 09:09:23.915 - o.s.b.a.o.j.JpaBaseConfiguration$JpaWebConfiguration- openEntityManagerInViewInterceptor - spring.jpa.open-in-view is enabled by default. Therefore, database queries may be performed during view rendering. Explicitly configure spring.jpa.open-in-view to disable this warning
[INFO ] 2024-05-28 09:09:27.562 - o.s.c.n.e.c.DiscoveryClientOptionalArgsConfiguration- restTemplateDiscoveryClientOptionalArgs - Eureka HTTP Client uses RestTemplate.
[WARN ] 2024-05-28 09:09:28.323 - o.s.c.l.c.LoadBalancerCacheAutoConfiguration$LoadBalancerCaffeineWarnLogger- logWarning - Spring Cloud LoadBalancer is currently working with the default cache. You can switch to using Caffeine cache, by adding it and org.springframework.cache.caffeine.CaffeineCacheManager to the classpath.
[INFO ] 2024-05-28 09:09:28.480 - o.s.c.n.e.InstanceInfoFactory- create - Setting initial instance status as: STARTING
[INFO ] 2024-05-28 09:09:28.571 - c.n.discovery.DiscoveryClient- <init> - Initializing Eureka in region us-east-1
[INFO ] 2024-05-28 09:09:28.584 - c.n.d.s.r.a.ConfigClusterResolver- getClusterEndpoints - Resolving eureka endpoints via configuration
[INFO ] 2024-05-28 09:09:28.641 - c.n.discovery.DiscoveryClient- fetchRegistry - Disable delta property : false
[INFO ] 2024-05-28 09:09:28.642 - c.n.discovery.DiscoveryClient- fetchRegistry - Single vip registry refresh property : null
[INFO ] 2024-05-28 09:09:28.642 - c.n.discovery.DiscoveryClient- fetchRegistry - Force full registry fetch : false
[INFO ] 2024-05-28 09:09:28.642 - c.n.discovery.DiscoveryClient- fetchRegistry - Application is null : false
[INFO ] 2024-05-28 09:09:28.642 - c.n.discovery.DiscoveryClient- fetchRegistry - Registered Applications size is zero : true
[INFO ] 2024-05-28 09:09:28.643 - c.n.discovery.DiscoveryClient- fetchRegistry - Application version is -1: true
[INFO ] 2024-05-28 09:09:28.643 - c.n.discovery.DiscoveryClient- getAndStoreFullRegistry - Getting all instance registry info from the eureka server
[INFO ] 2024-05-28 09:09:29.259 - c.n.discovery.DiscoveryClient- getAndStoreFullRegistry - The response status is 200
[INFO ] 2024-05-28 09:09:29.265 - c.n.discovery.DiscoveryClient- initScheduledTasks - Starting heartbeat executor: renew interval is: 30
[INFO ] 2024-05-28 09:09:29.274 - c.n.d.InstanceInfoReplicator- <init> - InstanceInfoReplicator onDemand update allowed rate per min is 4
[INFO ] 2024-05-28 09:09:29.283 - c.n.discovery.DiscoveryClient- <init> - Discovery Client initialized at timestamp 1716883769282 with initial instances count: 1
[INFO ] 2024-05-28 09:09:29.298 - o.s.c.n.e.s.EurekaServiceRegistry- register - Registering application ADMINISTRATION with eureka with status UP
[INFO ] 2024-05-28 09:09:29.299 - c.n.discovery.DiscoveryClient- notify - Saw local status change event StatusChangeEvent [timestamp=1716883769299, current=UP, previous=STARTING]
[INFO ] 2024-05-28 09:09:29.303 - c.n.discovery.DiscoveryClient- register - DiscoveryClient_ADMINISTRATION/DESKTOP-2MD099A:Administration:2345: registering service...
[INFO ] 2024-05-28 09:09:29.303 - o.a.c.http11.Http11NioProtocol- log - Starting ProtocolHandler ["http-nio-2345"]
[INFO ] 2024-05-28 09:09:29.363 - o.s.b.w.e.t.TomcatWebServer- start - Tomcat started on port(s): 2345 (http) with context path ''
[INFO ] 2024-05-28 09:09:29.364 - o.s.c.n.e.s.EurekaAutoServiceRegistration- onApplicationEvent - Updating port to 2345
[INFO ] 2024-05-28 09:09:29.383 - c.n.discovery.DiscoveryClient- register - DiscoveryClient_ADMINISTRATION/DESKTOP-2MD099A:Administration:2345 - registration status: 204
[INFO ] 2024-05-28 09:09:29.912 - m.a.d.a.ESignDocQrcodeUsersApplication- logStarted - Started ESignDocQrcodeUsersApplication in 21.323 seconds (JVM running for 23.383)
[INFO ] 2024-05-28 09:09:35.577 - o.a.c.c.C.[.[localhost].[/]- log - Initializing Spring DispatcherServlet 'dispatcherServlet'
[INFO ] 2024-05-28 09:09:35.578 - o.s.w.s.DispatcherServlet- initServletBean - Initializing Servlet 'dispatcherServlet'
[INFO ] 2024-05-28 09:09:35.582 - o.s.w.s.DispatcherServlet- initServletBean - Completed initialization in 3 ms
[INFO ] 2024-05-28 09:14:28.663 - c.n.d.s.r.a.ConfigClusterResolver- getClusterEndpoints - Resolving eureka endpoints via configuration
[INFO ] 2024-05-28 09:19:28.664 - c.n.d.s.r.a.ConfigClusterResolver- getClusterEndpoints - Resolving eureka endpoints via configuration
[INFO ] 2024-05-28 09:23:11.853 - o.s.c.n.e.s.EurekaServiceRegistry- deregister - Unregistering application ADMINISTRATION with eureka with status DOWN
[INFO ] 2024-05-28 09:23:11.857 - c.n.discovery.DiscoveryClient- notify - Saw local status change event StatusChangeEvent [timestamp=1716884591857, current=DOWN, previous=UP]
[INFO ] 2024-05-28 09:23:11.858 - c.n.discovery.DiscoveryClient- register - DiscoveryClient_ADMINISTRATION/DESKTOP-2MD099A:Administration:2345: registering service...
[INFO ] 2024-05-28 09:23:11.866 - c.n.discovery.DiscoveryClient- register - DiscoveryClient_ADMINISTRATION/DESKTOP-2MD099A:Administration:2345 - registration status: 204
[INFO ] 2024-05-28 09:23:12.431 - o.s.o.j.LocalContainerEntityManagerFactoryBean- destroy - Closing JPA EntityManagerFactory for persistence unit 'default'
[INFO ] 2024-05-28 09:23:12.434 - c.z.hikari.HikariDataSource- close - HikariPool-1 - Shutdown initiated...
[INFO ] 2024-05-28 09:23:12.571 - c.z.hikari.HikariDataSource- close - HikariPool-1 - Shutdown completed.
[INFO ] 2024-05-28 09:23:12.573 - c.n.discovery.DiscoveryClient- shutdown - Shutting down DiscoveryClient ...
[INFO ] 2024-05-28 09:23:25.511 - o.h.v.internal.util.Version- <clinit> - HV000001: Hibernate Validator 6.2.0.Final
[INFO ] 2024-05-28 09:23:25.527 - m.a.d.a.ESignDocQrcodeUsersApplication- logStarting - Starting ESignDocQrcodeUsersApplication using Java 19.0.2 on DESKTOP-2MD099A with PID 5740 (C:\Users\user\Downloads\Project-esignValidation\adt-dv-administration\target\classes started by user in C:\Users\user\Downloads\Project-esignValidation\adt-dv-administration)
[INFO ] 2024-05-28 09:23:25.528 - m.a.d.a.ESignDocQrcodeUsersApplication- logStartupProfileInfo - No active profile set, falling back to default profiles: default
[INFO ] 2024-05-28 09:23:25.669 - o.s.b.c.c.ConfigDataLoader- logTo - Fetching config from server at : http://localhost:8788
[INFO ] 2024-05-28 09:23:25.669 - o.s.b.c.c.ConfigDataLoader- logTo - Located environment: name=Administration, profiles=[default], label=null, version=null, state=null
[INFO ] 2024-05-28 09:23:26.785 - o.s.d.r.c.RepositoryConfigurationDelegate- registerRepositoriesIn - Bootstrapping Spring Data JPA repositories in DEFAULT mode.
[INFO ] 2024-05-28 09:23:27.012 - o.s.d.r.c.RepositoryConfigurationDelegate- registerRepositoriesIn - Finished Spring Data repository scanning in 218 ms. Found 3 JPA repository interfaces.
[INFO ] 2024-05-28 09:23:27.296 - o.s.c.c.scope.GenericScope- setSerializationId - BeanFactory id=769b0fe6-a2bb-3c25-b916-5f3bcb76aa90
[INFO ] 2024-05-28 09:23:27.489 - o.s.c.s.PostProcessorRegistrationDelegate$BeanPostProcessorChecker- postProcessAfterInitialization - Bean 'org.springframework.security.access.expression.method.DefaultMethodSecurityExpressionHandler@42d9e8d2' of type [org.springframework.security.access.expression.method.DefaultMethodSecurityExpressionHandler] is not eligible for getting processed by all BeanPostProcessors (for example: not eligible for auto-proxying)
[INFO ] 2024-05-28 09:23:27.497 - o.s.c.s.PostProcessorRegistrationDelegate$BeanPostProcessorChecker- postProcessAfterInitialization - Bean 'methodSecurityMetadataSource' of type [org.springframework.security.access.method.DelegatingMethodSecurityMetadataSource] is not eligible for getting processed by all BeanPostProcessors (for example: not eligible for auto-proxying)
[INFO ] 2024-05-28 09:23:27.846 - o.s.b.w.e.t.TomcatWebServer- initialize - Tomcat initialized with port(s): 2345 (http)
[INFO ] 2024-05-28 09:23:27.858 - o.a.c.http11.Http11NioProtocol- log - Initializing ProtocolHandler ["http-nio-2345"]
[INFO ] 2024-05-28 09:23:27.859 - o.a.c.core.StandardService- log - Starting service [Tomcat]
[INFO ] 2024-05-28 09:23:27.859 - o.a.c.core.StandardEngine- log - Starting Servlet engine: [Apache Tomcat/9.0.46]
[INFO ] 2024-05-28 09:23:28.021 - o.a.c.c.C.[.[localhost].[/]- log - Initializing Spring embedded WebApplicationContext
[INFO ] 2024-05-28 09:23:28.022 - o.s.b.w.s.c.ServletWebServerApplicationContext- prepareWebApplicationContext - Root WebApplicationContext: initialization completed in 2349 ms
[INFO ] 2024-05-28 09:23:28.170 - c.z.hikari.HikariDataSource- getConnection - HikariPool-1 - Starting...
[INFO ] 2024-05-28 09:23:28.301 - c.z.hikari.HikariDataSource- getConnection - HikariPool-1 - Start completed.
[INFO ] 2024-05-28 09:23:28.430 - o.h.j.internal.util.LogHelper- logPersistenceUnitInformation - HHH000204: Processing PersistenceUnitInfo [name: default]
[INFO ] 2024-05-28 09:23:28.559 - org.hibernate.Version- logVersion - HHH000412: Hibernate ORM core version 5.4.32.Final
[INFO ] 2024-05-28 09:23:28.925 - o.h.annotations.common.Version- <clinit> - HCANN000001: Hibernate Commons Annotations {5.1.2.Final}
[INFO ] 2024-05-28 09:23:29.105 - org.hibernate.dialect.Dialect- <init> - HHH000400: Using dialect: org.hibernate.dialect.PostgreSQL10Dialect
[INFO ] 2024-05-28 09:23:30.100 - o.h.e.t.j.p.i.JtaPlatformInitiator- initiateService - HHH000490: Using JtaPlatform implementation: [org.hibernate.engine.transaction.jta.platform.internal.NoJtaPlatform]
[INFO ] 2024-05-28 09:23:30.112 - o.s.o.j.LocalContainerEntityManagerFactoryBean- buildNativeEntityManagerFactory - Initialized JPA EntityManagerFactory for persistence unit 'default'
[INFO ] 2024-05-28 09:23:31.017 - o.s.s.w.DefaultSecurityFilterChain- <init> - Will secure any request with [org.springframework.security.web.context.request.async.WebAsyncManagerIntegrationFilter@7cddc50f, org.springframework.security.web.context.SecurityContextPersistenceFilter@307ba188, org.springframework.security.web.header.HeaderWriterFilter@760ac834, org.springframework.security.web.csrf.CsrfFilter@650997b0, org.springframework.security.web.authentication.logout.LogoutFilter@2f403d0a, org.springframework.security.oauth2.server.resource.web.BearerTokenAuthenticationFilter@3f0c2eff, org.springframework.security.web.savedrequest.RequestCacheAwareFilter@73f0b216, org.springframework.security.web.servletapi.SecurityContextHolderAwareRequestFilter@73bd146c, org.springframework.security.web.authentication.AnonymousAuthenticationFilter@1e60890c, org.springframework.security.web.session.SessionManagementFilter@22cca101, org.springframework.security.web.access.ExceptionTranslationFilter@5f662dd, org.springframework.security.web.access.intercept.AuthorizationFilter@7828bc6b]
[WARN ] 2024-05-28 09:23:31.290 - o.s.b.a.o.j.JpaBaseConfiguration$JpaWebConfiguration- openEntityManagerInViewInterceptor - spring.jpa.open-in-view is enabled by default. Therefore, database queries may be performed during view rendering. Explicitly configure spring.jpa.open-in-view to disable this warning
[INFO ] 2024-05-28 09:23:33.212 - o.s.c.n.e.c.DiscoveryClientOptionalArgsConfiguration- restTemplateDiscoveryClientOptionalArgs - Eureka HTTP Client uses RestTemplate.
[WARN ] 2024-05-28 09:23:33.565 - o.s.c.l.c.LoadBalancerCacheAutoConfiguration$LoadBalancerCaffeineWarnLogger- logWarning - Spring Cloud LoadBalancer is currently working with the default cache. You can switch to using Caffeine cache, by adding it and org.springframework.cache.caffeine.CaffeineCacheManager to the classpath.
[INFO ] 2024-05-28 09:23:33.641 - o.s.c.n.e.InstanceInfoFactory- create - Setting initial instance status as: STARTING
[INFO ] 2024-05-28 09:23:33.686 - c.n.discovery.DiscoveryClient- <init> - Initializing Eureka in region us-east-1
[INFO ] 2024-05-28 09:23:33.693 - c.n.d.s.r.a.ConfigClusterResolver- getClusterEndpoints - Resolving eureka endpoints via configuration
[INFO ] 2024-05-28 09:23:33.717 - c.n.discovery.DiscoveryClient- fetchRegistry - Disable delta property : false
[INFO ] 2024-05-28 09:23:33.717 - c.n.discovery.DiscoveryClient- fetchRegistry - Single vip registry refresh property : null
[INFO ] 2024-05-28 09:23:33.718 - c.n.discovery.DiscoveryClient- fetchRegistry - Force full registry fetch : false
[INFO ] 2024-05-28 09:23:33.718 - c.n.discovery.DiscoveryClient- fetchRegistry - Application is null : false
[INFO ] 2024-05-28 09:23:33.718 - c.n.discovery.DiscoveryClient- fetchRegistry - Registered Applications size is zero : true
[INFO ] 2024-05-28 09:23:33.718 - c.n.discovery.DiscoveryClient- fetchRegistry - Application version is -1: true
[INFO ] 2024-05-28 09:23:33.718 - c.n.discovery.DiscoveryClient- getAndStoreFullRegistry - Getting all instance registry info from the eureka server
[INFO ] 2024-05-28 09:23:34.164 - c.n.discovery.DiscoveryClient- getAndStoreFullRegistry - The response status is 200
[INFO ] 2024-05-28 09:23:34.168 - c.n.discovery.DiscoveryClient- initScheduledTasks - Starting heartbeat executor: renew interval is: 30
[INFO ] 2024-05-28 09:23:34.172 - c.n.d.InstanceInfoReplicator- <init> - InstanceInfoReplicator onDemand update allowed rate per min is 4
[INFO ] 2024-05-28 09:23:34.180 - c.n.discovery.DiscoveryClient- <init> - Discovery Client initialized at timestamp 1716884614179 with initial instances count: 2
[INFO ] 2024-05-28 09:23:34.185 - o.s.c.n.e.s.EurekaServiceRegistry- register - Registering application ADMINISTRATION with eureka with status UP
[INFO ] 2024-05-28 09:23:34.185 - c.n.discovery.DiscoveryClient- notify - Saw local status change event StatusChangeEvent [timestamp=1716884614185, current=UP, previous=STARTING]
[INFO ] 2024-05-28 09:23:34.189 - c.n.discovery.DiscoveryClient- register - DiscoveryClient_ADMINISTRATION/DESKTOP-2MD099A:Administration:2345: registering service...
[INFO ] 2024-05-28 09:23:34.190 - o.a.c.http11.Http11NioProtocol- log - Starting ProtocolHandler ["http-nio-2345"]
[INFO ] 2024-05-28 09:23:34.234 - o.s.b.w.e.t.TomcatWebServer- start - Tomcat started on port(s): 2345 (http) with context path ''
[INFO ] 2024-05-28 09:23:34.235 - o.s.c.n.e.s.EurekaAutoServiceRegistration- onApplicationEvent - Updating port to 2345
[INFO ] 2024-05-28 09:23:34.255 - c.n.discovery.DiscoveryClient- register - DiscoveryClient_ADMINISTRATION/DESKTOP-2MD099A:Administration:2345 - registration status: 204
[INFO ] 2024-05-28 09:23:34.562 - m.a.d.a.ESignDocQrcodeUsersApplication- logStarted - Started ESignDocQrcodeUsersApplication in 11.147 seconds (JVM running for 12.801)
[INFO ] 2024-05-28 09:24:08.293 - o.a.c.c.C.[.[localhost].[/]- log - Initializing Spring DispatcherServlet 'dispatcherServlet'
[INFO ] 2024-05-28 09:24:08.293 - o.s.w.s.DispatcherServlet- initServletBean - Initializing Servlet 'dispatcherServlet'
[INFO ] 2024-05-28 09:24:08.295 - o.s.w.s.DispatcherServlet- initServletBean - Completed initialization in 1 ms
[INFO ] 2024-05-28 09:28:33.729 - c.n.d.s.r.a.ConfigClusterResolver- getClusterEndpoints - Resolving eureka endpoints via configuration
[INFO ] 2024-05-28 09:33:33.743 - c.n.d.s.r.a.ConfigClusterResolver- getClusterEndpoints - Resolving eureka endpoints via configuration
[INFO ] 2024-05-28 09:38:33.750 - c.n.d.s.r.a.ConfigClusterResolver- getClusterEndpoints - Resolving eureka endpoints via configuration
[INFO ] 2024-05-28 09:43:33.757 - c.n.d.s.r.a.ConfigClusterResolver- getClusterEndpoints - Resolving eureka endpoints via configuration
[INFO ] 2024-05-28 09:48:33.809 - c.n.d.s.r.a.ConfigClusterResolver- getClusterEndpoints - Resolving eureka endpoints via configuration
[INFO ] 2024-05-28 09:53:33.820 - c.n.d.s.r.a.ConfigClusterResolver- getClusterEndpoints - Resolving eureka endpoints via configuration
[INFO ] 2024-05-28 09:58:33.827 - c.n.d.s.r.a.ConfigClusterResolver- getClusterEndpoints - Resolving eureka endpoints via configuration
[INFO ] 2024-05-28 10:03:33.848 - c.n.d.s.r.a.ConfigClusterResolver- getClusterEndpoints - Resolving eureka endpoints via configuration
[INFO ] 2024-05-28 10:08:33.850 - c.n.d.s.r.a.ConfigClusterResolver- getClusterEndpoints - Resolving eureka endpoints via configuration
[INFO ] 2024-05-28 10:13:33.854 - c.n.d.s.r.a.ConfigClusterResolver- getClusterEndpoints - Resolving eureka endpoints via configuration
[INFO ] 2024-05-28 10:18:33.869 - c.n.d.s.r.a.ConfigClusterResolver- getClusterEndpoints - Resolving eureka endpoints via configuration
[INFO ] 2024-05-28 10:23:33.879 - c.n.d.s.r.a.ConfigClusterResolver- getClusterEndpoints - Resolving eureka endpoints via configuration
[INFO ] 2024-05-28 10:28:33.892 - c.n.d.s.r.a.ConfigClusterResolver- getClusterEndpoints - Resolving eureka endpoints via configuration
[INFO ] 2024-05-28 10:33:33.901 - c.n.d.s.r.a.ConfigClusterResolver- getClusterEndpoints - Resolving eureka endpoints via configuration
[INFO ] 2024-05-28 10:38:33.916 - c.n.d.s.r.a.ConfigClusterResolver- getClusterEndpoints - Resolving eureka endpoints via configuration
[INFO ] 2024-05-28 10:43:33.932 - c.n.d.s.r.a.ConfigClusterResolver- getClusterEndpoints - Resolving eureka endpoints via configuration
[INFO ] 2024-05-28 10:48:34.023 - c.n.d.s.r.a.ConfigClusterResolver- getClusterEndpoints - Resolving eureka endpoints via configuration
[INFO ] 2024-05-28 10:53:34.035 - c.n.d.s.r.a.ConfigClusterResolver- getClusterEndpoints - Resolving eureka endpoints via configuration
[INFO ] 2024-05-28 10:58:32.397 - c.n.d.s.r.a.ConfigClusterResolver- getClusterEndpoints - Resolving eureka endpoints via configuration
[INFO ] 2024-05-28 11:03:33.454 - c.n.d.s.r.a.ConfigClusterResolver- getClusterEndpoints - Resolving eureka endpoints via configuration
[INFO ] 2024-05-28 11:08:33.469 - c.n.d.s.r.a.ConfigClusterResolver- getClusterEndpoints - Resolving eureka endpoints via configuration
[INFO ] 2024-05-28 11:13:33.483 - c.n.d.s.r.a.ConfigClusterResolver- getClusterEndpoints - Resolving eureka endpoints via configuration
[INFO ] 2024-05-28 11:18:33.536 - c.n.d.s.r.a.ConfigClusterResolver- getClusterEndpoints - Resolving eureka endpoints via configuration
[INFO ] 2024-05-28 11:23:33.548 - c.n.d.s.r.a.ConfigClusterResolver- getClusterEndpoints - Resolving eureka endpoints via configuration
[INFO ] 2024-05-28 11:28:34.797 - c.n.d.s.r.a.ConfigClusterResolver- getClusterEndpoints - Resolving eureka endpoints via configuration
[INFO ] 2024-05-28 11:33:34.809 - c.n.d.s.r.a.ConfigClusterResolver- getClusterEndpoints - Resolving eureka endpoints via configuration
[INFO ] 2024-05-28 11:38:34.816 - c.n.d.s.r.a.ConfigClusterResolver- getClusterEndpoints - Resolving eureka endpoints via configuration
[INFO ] 2024-05-28 11:43:34.830 - c.n.d.s.r.a.ConfigClusterResolver- getClusterEndpoints - Resolving eureka endpoints via configuration
[INFO ] 2024-05-28 11:48:34.837 - c.n.d.s.r.a.ConfigClusterResolver- getClusterEndpoints - Resolving eureka endpoints via configuration
[INFO ] 2024-05-28 11:53:34.849 - c.n.d.s.r.a.ConfigClusterResolver- getClusterEndpoints - Resolving eureka endpoints via configuration
[INFO ] 2024-05-28 11:58:34.864 - c.n.d.s.r.a.ConfigClusterResolver- getClusterEndpoints - Resolving eureka endpoints via configuration
[INFO ] 2024-05-28 12:03:34.873 - c.n.d.s.r.a.ConfigClusterResolver- getClusterEndpoints - Resolving eureka endpoints via configuration
[INFO ] 2024-05-28 12:08:34.892 - c.n.d.s.r.a.ConfigClusterResolver- getClusterEndpoints - Resolving eureka endpoints via configuration
[WARN ] 2024-05-28 14:08:31.489 - c.z.hikari.pool.HikariPool- run - HikariPool-1 - Thread starvation or clock leap detected (housekeeper delta=1h55m27s286ms255s100ns).
[INFO ] 2024-05-28 14:08:32.166 - c.n.d.s.r.a.ConfigClusterResolver- getClusterEndpoints - Resolving eureka endpoints via configuration
[INFO ] 2024-05-28 14:13:32.167 - c.n.d.s.r.a.ConfigClusterResolver- getClusterEndpoints - Resolving eureka endpoints via configuration
[INFO ] 2024-05-28 14:18:32.171 - c.n.d.s.r.a.ConfigClusterResolver- getClusterEndpoints - Resolving eureka endpoints via configuration
[INFO ] 2024-05-28 14:23:32.186 - c.n.d.s.r.a.ConfigClusterResolver- getClusterEndpoints - Resolving eureka endpoints via configuration
[INFO ] 2024-05-28 14:28:32.193 - c.n.d.s.r.a.ConfigClusterResolver- getClusterEndpoints - Resolving eureka endpoints via configuration
[INFO ] 2024-05-28 14:33:32.208 - c.n.d.s.r.a.ConfigClusterResolver- getClusterEndpoints - Resolving eureka endpoints via configuration
[INFO ] 2024-05-28 14:38:32.215 - c.n.d.s.r.a.ConfigClusterResolver- getClusterEndpoints - Resolving eureka endpoints via configuration
[INFO ] 2024-05-28 14:43:32.219 - c.n.d.s.r.a.ConfigClusterResolver- getClusterEndpoints - Resolving eureka endpoints via configuration
[INFO ] 2024-05-28 14:48:32.238 - c.n.d.s.r.a.ConfigClusterResolver- getClusterEndpoints - Resolving eureka endpoints via configuration
[INFO ] 2024-05-28 14:53:32.241 - c.n.d.s.r.a.ConfigClusterResolver- getClusterEndpoints - Resolving eureka endpoints via configuration
[INFO ] 2024-05-28 14:58:32.248 - c.n.d.s.r.a.ConfigClusterResolver- getClusterEndpoints - Resolving eureka endpoints via configuration
[INFO ] 2024-05-28 15:03:32.268 - c.n.d.s.r.a.ConfigClusterResolver- getClusterEndpoints - Resolving eureka endpoints via configuration
[INFO ] 2024-05-28 15:08:32.279 - c.n.d.s.r.a.ConfigClusterResolver- getClusterEndpoints - Resolving eureka endpoints via configuration
[INFO ] 2024-05-28 15:13:32.320 - c.n.d.s.r.a.ConfigClusterResolver- getClusterEndpoints - Resolving eureka endpoints via configuration
[INFO ] 2024-05-28 15:18:32.333 - c.n.d.s.r.a.ConfigClusterResolver- getClusterEndpoints - Resolving eureka endpoints via configuration
[INFO ] 2024-05-28 15:23:33.073 - c.n.d.s.r.a.ConfigClusterResolver- getClusterEndpoints - Resolving eureka endpoints via configuration
[INFO ] 2024-05-28 15:28:33.113 - c.n.d.s.r.a.ConfigClusterResolver- getClusterEndpoints - Resolving eureka endpoints via configuration
[INFO ] 2024-05-28 15:33:33.121 - c.n.d.s.r.a.ConfigClusterResolver- getClusterEndpoints - Resolving eureka endpoints via configuration
[INFO ] 2024-05-28 15:38:33.134 - c.n.d.s.r.a.ConfigClusterResolver- getClusterEndpoints - Resolving eureka endpoints via configuration
[INFO ] 2024-05-28 15:43:33.144 - c.n.d.s.r.a.ConfigClusterResolver- getClusterEndpoints - Resolving eureka endpoints via configuration
[INFO ] 2024-05-28 15:45:59.293 - m.a.d.a.s.e.i.keycloakServiceImpl- updateClientAppName - Client app name updated
[INFO ] 2024-05-28 15:48:33.148 - c.n.d.s.r.a.ConfigClusterResolver- getClusterEndpoints - Resolving eureka endpoints via configuration
[INFO ] 2024-05-28 15:53:33.169 - c.n.d.s.r.a.ConfigClusterResolver- getClusterEndpoints - Resolving eureka endpoints via configuration
[INFO ] 2024-05-28 15:58:33.252 - c.n.d.s.r.a.ConfigClusterResolver- getClusterEndpoints - Resolving eureka endpoints via configuration
[INFO ] 2024-05-28 16:03:33.268 - c.n.d.s.r.a.ConfigClusterResolver- getClusterEndpoints - Resolving eureka endpoints via configuration
[INFO ] 2024-05-28 16:08:33.282 - c.n.d.s.r.a.ConfigClusterResolver- getClusterEndpoints - Resolving eureka endpoints via configuration
[INFO ] 2024-05-28 16:13:33.301 - c.n.d.s.r.a.ConfigClusterResolver- getClusterEndpoints - Resolving eureka endpoints via configuration
[INFO ] 2024-05-28 16:18:33.421 - c.n.d.s.r.a.ConfigClusterResolver- getClusterEndpoints - Resolving eureka endpoints via configuration
[INFO ] 2024-05-28 16:23:33.454 - c.n.d.s.r.a.ConfigClusterResolver- getClusterEndpoints - Resolving eureka endpoints via configuration
[INFO ] 2024-05-28 16:28:33.461 - c.n.d.s.r.a.ConfigClusterResolver- getClusterEndpoints - Resolving eureka endpoints via configuration
[INFO ] 2024-05-28 16:33:33.494 - c.n.d.s.r.a.ConfigClusterResolver- getClusterEndpoints - Resolving eureka endpoints via configuration
[INFO ] 2024-05-28 16:38:33.511 - c.n.d.s.r.a.ConfigClusterResolver- getClusterEndpoints - Resolving eureka endpoints via configuration
[INFO ] 2024-05-28 16:43:33.522 - c.n.d.s.r.a.ConfigClusterResolver- getClusterEndpoints - Resolving eureka endpoints via configuration
[INFO ] 2024-05-28 16:48:33.541 - c.n.d.s.r.a.ConfigClusterResolver- getClusterEndpoints - Resolving eureka endpoints via configuration
[INFO ] 2024-05-28 16:53:33.546 - c.n.d.s.r.a.ConfigClusterResolver- getClusterEndpoints - Resolving eureka endpoints via configuration
[INFO ] 2024-05-28 16:58:33.553 - c.n.d.s.r.a.ConfigClusterResolver- getClusterEndpoints - Resolving eureka endpoints via configuration
[INFO ] 2024-05-28 17:03:33.555 - c.n.d.s.r.a.ConfigClusterResolver- getClusterEndpoints - Resolving eureka endpoints via configuration
[INFO ] 2024-05-28 17:08:33.572 - c.n.d.s.r.a.ConfigClusterResolver- getClusterEndpoints - Resolving eureka endpoints via configuration
[INFO ] 2024-05-28 17:13:33.577 - c.n.d.s.r.a.ConfigClusterResolver- getClusterEndpoints - Resolving eureka endpoints via configuration
[INFO ] 2024-05-28 17:18:33.579 - c.n.d.s.r.a.ConfigClusterResolver- getClusterEndpoints - Resolving eureka endpoints via configuration
[INFO ] 2024-05-28 17:23:33.639 - c.n.d.s.r.a.ConfigClusterResolver- getClusterEndpoints - Resolving eureka endpoints via configuration
[INFO ] 2024-05-28 17:28:33.663 - c.n.d.s.r.a.ConfigClusterResolver- getClusterEndpoints - Resolving eureka endpoints via configuration
[INFO ] 2024-05-28 17:33:33.681 - c.n.d.s.r.a.ConfigClusterResolver- getClusterEndpoints - Resolving eureka endpoints via configuration
[INFO ] 2024-05-28 17:38:33.693 - c.n.d.s.r.a.ConfigClusterResolver- getClusterEndpoints - Resolving eureka endpoints via configuration
[INFO ] 2024-05-28 17:43:33.726 - c.n.d.s.r.a.ConfigClusterResolver- getClusterEndpoints - Resolving eureka endpoints via configuration
[INFO ] 2024-05-28 17:48:33.762 - c.n.d.s.r.a.ConfigClusterResolver- getClusterEndpoints - Resolving eureka endpoints via configuration
[INFO ] 2024-05-28 17:53:33.769 - c.n.d.s.r.a.ConfigClusterResolver- getClusterEndpoints - Resolving eureka endpoints via configuration
[INFO ] 2024-05-28 17:58:33.780 - c.n.d.s.r.a.ConfigClusterResolver- getClusterEndpoints - Resolving eureka endpoints via configuration
[INFO ] 2024-05-28 18:03:33.816 - c.n.d.s.r.a.ConfigClusterResolver- getClusterEndpoints - Resolving eureka endpoints via configuration
[INFO ] 2024-05-28 18:08:33.864 - c.n.d.s.r.a.ConfigClusterResolver- getClusterEndpoints - Resolving eureka endpoints via configuration
[WARN ] 2024-05-28 20:00:37.474 - c.z.hikari.pool.HikariPool- run - HikariPool-1 - Thread starvation or clock leap detected (housekeeper delta=1h48m58s102ms107s800ns).
[INFO ] 2024-05-28 20:02:01.982 - c.n.d.s.r.a.ConfigClusterResolver- getClusterEndpoints - Resolving eureka endpoints via configuration
[INFO ] 2024-05-28 20:07:02.003 - c.n.d.s.r.a.ConfigClusterResolver- getClusterEndpoints - Resolving eureka endpoints via configuration
[INFO ] 2024-05-28 20:12:02.047 - c.n.d.s.r.a.ConfigClusterResolver- getClusterEndpoints - Resolving eureka endpoints via configuration
[INFO ] 2024-05-28 20:17:02.054 - c.n.d.s.r.a.ConfigClusterResolver- getClusterEndpoints - Resolving eureka endpoints via configuration
[INFO ] 2024-05-28 20:22:02.065 - c.n.d.s.r.a.ConfigClusterResolver- getClusterEndpoints - Resolving eureka endpoints via configuration
[INFO ] 2024-05-28 20:27:02.087 - c.n.d.s.r.a.ConfigClusterResolver- getClusterEndpoints - Resolving eureka endpoints via configuration
[INFO ] 2024-05-28 20:32:02.149 - c.n.d.s.r.a.ConfigClusterResolver- getClusterEndpoints - Resolving eureka endpoints via configuration
[INFO ] 2024-05-28 20:37:02.164 - c.n.d.s.r.a.ConfigClusterResolver- getClusterEndpoints - Resolving eureka endpoints via configuration
[INFO ] 2024-05-28 20:42:02.181 - c.n.d.s.r.a.ConfigClusterResolver- getClusterEndpoints - Resolving eureka endpoints via configuration
[INFO ] 2024-05-28 20:47:02.193 - c.n.d.s.r.a.ConfigClusterResolver- getClusterEndpoints - Resolving eureka endpoints via configuration
[INFO ] 2024-05-28 20:52:02.197 - c.n.d.s.r.a.ConfigClusterResolver- getClusterEndpoints - Resolving eureka endpoints via configuration
[INFO ] 2024-05-28 20:57:02.209 - c.n.d.s.r.a.ConfigClusterResolver- getClusterEndpoints - Resolving eureka endpoints via configuration
[INFO ] 2024-05-28 21:02:02.216 - c.n.d.s.r.a.ConfigClusterResolver- getClusterEndpoints - Resolving eureka endpoints via configuration
[INFO ] 2024-05-28 21:07:02.221 - c.n.d.s.r.a.ConfigClusterResolver- getClusterEndpoints - Resolving eureka endpoints via configuration
