[INFO ] 2024-06-03 12:58:28.029 - m.a.d.a.ESignDocQrcodeUsersApplication- logStarting - Starting ESignDocQrcodeUsersApplication using Java 19.0.2 on DESKTOP-2MD099A with PID 23696 (C:\Users\user\Downloads\Project-esignValidation\adt-dv-administration\target\classes started by user in C:\Users\user\Downloads\Project-esignValidation\adt-dv-administration)
[INFO ] 2024-06-03 12:58:28.025 - o.h.v.internal.util.Version- <clinit> - HV000001: Hibernate Validator 6.2.0.Final
[INFO ] 2024-06-03 12:58:28.046 - m.a.d.a.ESignDocQrcodeUsersApplication- logStartupProfileInfo - No active profile set, falling back to default profiles: default
[INFO ] 2024-06-03 12:58:28.262 - o.s.b.c.c.ConfigDataLoader- logTo - Fetching config from server at : http://localhost:8788
[INFO ] 2024-06-03 12:58:28.263 - o.s.b.c.c.ConfigDataLoader- logTo - Located environment: name=Administration, profiles=[default], label=null, version=null, state=null
[INFO ] 2024-06-03 12:58:30.689 - o.s.d.r.c.RepositoryConfigurationDelegate- registerRepositoriesIn - Bootstrapping Spring Data JPA repositories in DEFAULT mode.
[INFO ] 2024-06-03 12:58:31.282 - o.s.d.r.c.RepositoryConfigurationDelegate- registerRepositoriesIn - Finished Spring Data repository scanning in 574 ms. Found 3 JPA repository interfaces.
[INFO ] 2024-06-03 12:58:32.407 - o.s.c.c.scope.GenericScope- setSerializationId - BeanFactory id=769b0fe6-a2bb-3c25-b916-5f3bcb76aa90
[INFO ] 2024-06-03 12:58:33.163 - o.s.c.s.PostProcessorRegistrationDelegate$BeanPostProcessorChecker- postProcessAfterInitialization - Bean 'org.springframework.security.access.expression.method.DefaultMethodSecurityExpressionHandler@37ca3ca8' of type [org.springframework.security.access.expression.method.DefaultMethodSecurityExpressionHandler] is not eligible for getting processed by all BeanPostProcessors (for example: not eligible for auto-proxying)
[INFO ] 2024-06-03 12:58:33.199 - o.s.c.s.PostProcessorRegistrationDelegate$BeanPostProcessorChecker- postProcessAfterInitialization - Bean 'methodSecurityMetadataSource' of type [org.springframework.security.access.method.DelegatingMethodSecurityMetadataSource] is not eligible for getting processed by all BeanPostProcessors (for example: not eligible for auto-proxying)
[INFO ] 2024-06-03 12:58:34.430 - o.s.b.w.e.t.TomcatWebServer- initialize - Tomcat initialized with port(s): 2345 (http)
[INFO ] 2024-06-03 12:58:34.457 - o.a.c.http11.Http11NioProtocol- log - Initializing ProtocolHandler ["http-nio-2345"]
[INFO ] 2024-06-03 12:58:34.459 - o.a.c.core.StandardService- log - Starting service [Tomcat]
[INFO ] 2024-06-03 12:58:34.461 - o.a.c.core.StandardEngine- log - Starting Servlet engine: [Apache Tomcat/9.0.46]
[INFO ] 2024-06-03 12:58:34.923 - o.a.c.c.C.[.[localhost].[/]- log - Initializing Spring embedded WebApplicationContext
[INFO ] 2024-06-03 12:58:34.923 - o.s.b.w.s.c.ServletWebServerApplicationContext- prepareWebApplicationContext - Root WebApplicationContext: initialization completed in 6649 ms
[INFO ] 2024-06-03 12:58:35.380 - c.z.hikari.HikariDataSource- getConnection - HikariPool-1 - Starting...
[INFO ] 2024-06-03 12:58:35.972 - c.z.hikari.HikariDataSource- getConnection - HikariPool-1 - Start completed.
[INFO ] 2024-06-03 12:58:36.276 - o.h.j.internal.util.LogHelper- logPersistenceUnitInformation - HHH000204: Processing PersistenceUnitInfo [name: default]
[INFO ] 2024-06-03 12:58:36.485 - org.hibernate.Version- logVersion - HHH000412: Hibernate ORM core version 5.4.32.Final
[INFO ] 2024-06-03 12:58:37.029 - o.h.annotations.common.Version- <clinit> - HCANN000001: Hibernate Commons Annotations {5.1.2.Final}
[INFO ] 2024-06-03 12:58:37.637 - org.hibernate.dialect.Dialect- <init> - HHH000400: Using dialect: org.hibernate.dialect.PostgreSQL10Dialect
[INFO ] 2024-06-03 12:58:43.960 - o.h.e.t.j.p.i.JtaPlatformInitiator- initiateService - HHH000490: Using JtaPlatform implementation: [org.hibernate.engine.transaction.jta.platform.internal.NoJtaPlatform]
[INFO ] 2024-06-03 12:58:43.992 - o.s.o.j.LocalContainerEntityManagerFactoryBean- buildNativeEntityManagerFactory - Initialized JPA EntityManagerFactory for persistence unit 'default'
[INFO ] 2024-06-03 12:58:49.027 - o.s.s.w.DefaultSecurityFilterChain- <init> - Will secure any request with [org.springframework.security.web.context.request.async.WebAsyncManagerIntegrationFilter@10efb806, org.springframework.security.web.context.SecurityContextPersistenceFilter@2e68bd3d, org.springframework.security.web.header.HeaderWriterFilter@3d3c14c3, org.springframework.security.web.csrf.CsrfFilter@7154a248, org.springframework.security.web.authentication.logout.LogoutFilter@31d791c0, org.springframework.security.oauth2.server.resource.web.BearerTokenAuthenticationFilter@34128fed, org.springframework.security.web.savedrequest.RequestCacheAwareFilter@535adf36, org.springframework.security.web.servletapi.SecurityContextHolderAwareRequestFilter@4ea4290f, org.springframework.security.web.authentication.AnonymousAuthenticationFilter@4dfe56dc, org.springframework.security.web.session.SessionManagementFilter@1b9cfc19, org.springframework.security.web.access.ExceptionTranslationFilter@685e5967, org.springframework.security.web.access.intercept.AuthorizationFilter@24347d8b]
[WARN ] 2024-06-03 12:58:53.402 - o.s.b.a.o.j.JpaBaseConfiguration$JpaWebConfiguration- openEntityManagerInViewInterceptor - spring.jpa.open-in-view is enabled by default. Therefore, database queries may be performed during view rendering. Explicitly configure spring.jpa.open-in-view to disable this warning
[INFO ] 2024-06-03 12:58:58.972 - o.s.c.n.e.c.DiscoveryClientOptionalArgsConfiguration- restTemplateDiscoveryClientOptionalArgs - Eureka HTTP Client uses RestTemplate.
[WARN ] 2024-06-03 12:59:00.144 - o.s.c.l.c.LoadBalancerCacheAutoConfiguration$LoadBalancerCaffeineWarnLogger- logWarning - Spring Cloud LoadBalancer is currently working with the default cache. You can switch to using Caffeine cache, by adding it and org.springframework.cache.caffeine.CaffeineCacheManager to the classpath.
[INFO ] 2024-06-03 12:59:00.403 - o.s.c.n.e.InstanceInfoFactory- create - Setting initial instance status as: STARTING
[INFO ] 2024-06-03 12:59:00.586 - c.n.discovery.DiscoveryClient- <init> - Initializing Eureka in region us-east-1
[INFO ] 2024-06-03 12:59:00.599 - c.n.d.s.r.a.ConfigClusterResolver- getClusterEndpoints - Resolving eureka endpoints via configuration
[INFO ] 2024-06-03 12:59:00.701 - c.n.discovery.DiscoveryClient- fetchRegistry - Disable delta property : false
[INFO ] 2024-06-03 12:59:00.702 - c.n.discovery.DiscoveryClient- fetchRegistry - Single vip registry refresh property : null
[INFO ] 2024-06-03 12:59:00.702 - c.n.discovery.DiscoveryClient- fetchRegistry - Force full registry fetch : false
[INFO ] 2024-06-03 12:59:00.703 - c.n.discovery.DiscoveryClient- fetchRegistry - Application is null : false
[INFO ] 2024-06-03 12:59:00.704 - c.n.discovery.DiscoveryClient- fetchRegistry - Registered Applications size is zero : true
[INFO ] 2024-06-03 12:59:00.704 - c.n.discovery.DiscoveryClient- fetchRegistry - Application version is -1: true
[INFO ] 2024-06-03 12:59:00.706 - c.n.discovery.DiscoveryClient- getAndStoreFullRegistry - Getting all instance registry info from the eureka server
[INFO ] 2024-06-03 12:59:01.550 - c.n.discovery.DiscoveryClient- getAndStoreFullRegistry - The response status is 200
[INFO ] 2024-06-03 12:59:01.557 - c.n.discovery.DiscoveryClient- initScheduledTasks - Starting heartbeat executor: renew interval is: 30
[INFO ] 2024-06-03 12:59:01.563 - c.n.d.InstanceInfoReplicator- <init> - InstanceInfoReplicator onDemand update allowed rate per min is 4
[INFO ] 2024-06-03 12:59:01.574 - c.n.discovery.DiscoveryClient- <init> - Discovery Client initialized at timestamp 1717415941572 with initial instances count: 1
[INFO ] 2024-06-03 12:59:01.592 - o.s.c.n.e.s.EurekaServiceRegistry- register - Registering application ADMINISTRATION with eureka with status UP
[INFO ] 2024-06-03 12:59:01.593 - c.n.discovery.DiscoveryClient- notify - Saw local status change event StatusChangeEvent [timestamp=1717415941593, current=UP, previous=STARTING]
[INFO ] 2024-06-03 12:59:01.597 - c.n.discovery.DiscoveryClient- register - DiscoveryClient_ADMINISTRATION/DESKTOP-2MD099A:Administration:2345: registering service...
[INFO ] 2024-06-03 12:59:01.599 - o.a.c.http11.Http11NioProtocol- log - Starting ProtocolHandler ["http-nio-2345"]
[INFO ] 2024-06-03 12:59:01.660 - o.s.b.w.e.t.TomcatWebServer- start - Tomcat started on port(s): 2345 (http) with context path ''
[INFO ] 2024-06-03 12:59:01.662 - o.s.c.n.e.s.EurekaAutoServiceRegistration- onApplicationEvent - Updating port to 2345
[INFO ] 2024-06-03 12:59:01.682 - c.n.discovery.DiscoveryClient- register - DiscoveryClient_ADMINISTRATION/DESKTOP-2MD099A:Administration:2345 - registration status: 204
[INFO ] 2024-06-03 12:59:02.425 - m.a.d.a.ESignDocQrcodeUsersApplication- logStarted - Started ESignDocQrcodeUsersApplication in 37.386 seconds (JVM running for 39.849)
[INFO ] 2024-06-03 13:00:20.794 - o.a.c.c.C.[.[localhost].[/]- log - Initializing Spring DispatcherServlet 'dispatcherServlet'
[INFO ] 2024-06-03 13:00:20.796 - o.s.w.s.DispatcherServlet- initServletBean - Initializing Servlet 'dispatcherServlet'
[INFO ] 2024-06-03 13:00:20.803 - o.s.w.s.DispatcherServlet- initServletBean - Completed initialization in 5 ms
[INFO ] 2024-06-03 13:04:00.887 - c.n.d.s.r.a.ConfigClusterResolver- getClusterEndpoints - Resolving eureka endpoints via configuration
[INFO ] 2024-06-03 13:09:00.953 - c.n.d.s.r.a.ConfigClusterResolver- getClusterEndpoints - Resolving eureka endpoints via configuration
[INFO ] 2024-06-03 13:14:01.031 - c.n.d.s.r.a.ConfigClusterResolver- getClusterEndpoints - Resolving eureka endpoints via configuration
[INFO ] 2024-06-03 13:19:01.043 - c.n.d.s.r.a.ConfigClusterResolver- getClusterEndpoints - Resolving eureka endpoints via configuration
[INFO ] 2024-06-03 13:24:01.063 - c.n.d.s.r.a.ConfigClusterResolver- getClusterEndpoints - Resolving eureka endpoints via configuration
[INFO ] 2024-06-03 13:29:01.078 - c.n.d.s.r.a.ConfigClusterResolver- getClusterEndpoints - Resolving eureka endpoints via configuration
[INFO ] 2024-06-03 13:34:01.095 - c.n.d.s.r.a.ConfigClusterResolver- getClusterEndpoints - Resolving eureka endpoints via configuration
[INFO ] 2024-06-03 13:39:01.099 - c.n.d.s.r.a.ConfigClusterResolver- getClusterEndpoints - Resolving eureka endpoints via configuration
[INFO ] 2024-06-03 13:44:01.115 - c.n.d.s.r.a.ConfigClusterResolver- getClusterEndpoints - Resolving eureka endpoints via configuration
[INFO ] 2024-06-03 13:49:01.120 - c.n.d.s.r.a.ConfigClusterResolver- getClusterEndpoints - Resolving eureka endpoints via configuration
[INFO ] 2024-06-03 13:54:01.123 - c.n.d.s.r.a.ConfigClusterResolver- getClusterEndpoints - Resolving eureka endpoints via configuration
[INFO ] 2024-06-03 13:59:01.177 - c.n.d.s.r.a.ConfigClusterResolver- getClusterEndpoints - Resolving eureka endpoints via configuration
[INFO ] 2024-06-03 14:04:02.396 - c.n.d.s.r.a.ConfigClusterResolver- getClusterEndpoints - Resolving eureka endpoints via configuration
[INFO ] 2024-06-03 14:09:02.413 - c.n.d.s.r.a.ConfigClusterResolver- getClusterEndpoints - Resolving eureka endpoints via configuration
[INFO ] 2024-06-03 14:14:02.419 - c.n.d.s.r.a.ConfigClusterResolver- getClusterEndpoints - Resolving eureka endpoints via configuration
[INFO ] 2024-06-03 14:19:02.449 - c.n.d.s.r.a.ConfigClusterResolver- getClusterEndpoints - Resolving eureka endpoints via configuration
[INFO ] 2024-06-03 14:24:02.462 - c.n.d.s.r.a.ConfigClusterResolver- getClusterEndpoints - Resolving eureka endpoints via configuration
[INFO ] 2024-06-03 14:29:02.482 - c.n.d.s.r.a.ConfigClusterResolver- getClusterEndpoints - Resolving eureka endpoints via configuration
[INFO ] 2024-06-03 14:34:02.487 - c.n.d.s.r.a.ConfigClusterResolver- getClusterEndpoints - Resolving eureka endpoints via configuration
[INFO ] 2024-06-03 14:39:02.498 - c.n.d.s.r.a.ConfigClusterResolver- getClusterEndpoints - Resolving eureka endpoints via configuration
[INFO ] 2024-06-03 14:44:02.527 - c.n.d.s.r.a.ConfigClusterResolver- getClusterEndpoints - Resolving eureka endpoints via configuration
[INFO ] 2024-06-03 14:49:02.544 - c.n.d.s.r.a.ConfigClusterResolver- getClusterEndpoints - Resolving eureka endpoints via configuration
[INFO ] 2024-06-03 14:54:02.556 - c.n.d.s.r.a.ConfigClusterResolver- getClusterEndpoints - Resolving eureka endpoints via configuration
[INFO ] 2024-06-03 14:59:02.560 - c.n.d.s.r.a.ConfigClusterResolver- getClusterEndpoints - Resolving eureka endpoints via configuration
[INFO ] 2024-06-03 15:04:02.573 - c.n.d.s.r.a.ConfigClusterResolver- getClusterEndpoints - Resolving eureka endpoints via configuration
[INFO ] 2024-06-03 15:09:02.588 - c.n.d.s.r.a.ConfigClusterResolver- getClusterEndpoints - Resolving eureka endpoints via configuration
[INFO ] 2024-06-03 15:14:02.598 - c.n.d.s.r.a.ConfigClusterResolver- getClusterEndpoints - Resolving eureka endpoints via configuration
[INFO ] 2024-06-03 15:19:02.615 - c.n.d.s.r.a.ConfigClusterResolver- getClusterEndpoints - Resolving eureka endpoints via configuration
[INFO ] 2024-06-03 15:24:02.653 - c.n.d.s.r.a.ConfigClusterResolver- getClusterEndpoints - Resolving eureka endpoints via configuration
[INFO ] 2024-06-03 15:29:02.668 - c.n.d.s.r.a.ConfigClusterResolver- getClusterEndpoints - Resolving eureka endpoints via configuration
[INFO ] 2024-06-03 15:34:02.672 - c.n.d.s.r.a.ConfigClusterResolver- getClusterEndpoints - Resolving eureka endpoints via configuration
[INFO ] 2024-06-03 15:39:02.736 - c.n.d.s.r.a.ConfigClusterResolver- getClusterEndpoints - Resolving eureka endpoints via configuration
[INFO ] 2024-06-03 15:44:02.780 - c.n.d.s.r.a.ConfigClusterResolver- getClusterEndpoints - Resolving eureka endpoints via configuration
[INFO ] 2024-06-03 15:49:02.876 - c.n.d.s.r.a.ConfigClusterResolver- getClusterEndpoints - Resolving eureka endpoints via configuration
[INFO ] 2024-06-03 15:54:02.890 - c.n.d.s.r.a.ConfigClusterResolver- getClusterEndpoints - Resolving eureka endpoints via configuration
[INFO ] 2024-06-03 15:59:02.900 - c.n.d.s.r.a.ConfigClusterResolver- getClusterEndpoints - Resolving eureka endpoints via configuration
[INFO ] 2024-06-03 16:04:02.914 - c.n.d.s.r.a.ConfigClusterResolver- getClusterEndpoints - Resolving eureka endpoints via configuration
[WARN ] 2024-06-03 19:07:41.580 - c.z.hikari.pool.HikariPool- run - HikariPool-1 - Thread starvation or clock leap detected (housekeeper delta=3h27s391ms507µs600ns).
